cc=stress mtu=9000 bitrate=0 n_core=0 duration=10 cnt=1 energy_uJ=229615195
cc=stress mtu=9000 bitrate=0 n_core=0 duration=10 cnt=2 energy_uJ=219777392
cc=stress mtu=9000 bitrate=0 n_core=0 duration=10 cnt=3 energy_uJ=210766123
cc=stress mtu=9000 bitrate=0 n_core=0 duration=10 cnt=4 energy_uJ=239119200
cc=stress mtu=9000 bitrate=0 n_core=0 duration=10 cnt=5 energy_uJ=211360604
cc=stress mtu=9000 bitrate=0 n_core=0 duration=10 cnt=6 energy_uJ=221119063
cc=stress mtu=9000 bitrate=0 n_core=0 duration=10 cnt=7 energy_uJ=211490303
cc=stress mtu=9000 bitrate=0 n_core=0 duration=10 cnt=8 energy_uJ=220674911
cc=stress mtu=9000 bitrate=0 n_core=0 duration=10 cnt=9 energy_uJ=212742191
cc=stress mtu=9000 bitrate=0 n_core=0 duration=10 cnt=10 energy_uJ=237809938
cc=stress mtu=9000 bitrate=0 n_core=0 duration=20 cnt=1 energy_uJ=431625543
cc=stress mtu=9000 bitrate=0 n_core=0 duration=20 cnt=2 energy_uJ=430516110
cc=stress mtu=9000 bitrate=0 n_core=0 duration=20 cnt=3 energy_uJ=435740523
cc=stress mtu=9000 bitrate=0 n_core=0 duration=20 cnt=4 energy_uJ=436441815
cc=stress mtu=9000 bitrate=0 n_core=0 duration=20 cnt=5 energy_uJ=430942012
cc=stress mtu=9000 bitrate=0 n_core=0 duration=20 cnt=6 energy_uJ=432845144
cc=stress mtu=9000 bitrate=0 n_core=0 duration=20 cnt=7 energy_uJ=430762143
cc=stress mtu=9000 bitrate=0 n_core=0 duration=20 cnt=8 energy_uJ=431512568
cc=stress mtu=9000 bitrate=0 n_core=0 duration=20 cnt=9 energy_uJ=434798570
cc=stress mtu=9000 bitrate=0 n_core=0 duration=20 cnt=10 energy_uJ=434203478
cc=stress mtu=9000 bitrate=0 n_core=0 duration=30 cnt=1 energy_uJ=652397988
cc=stress mtu=9000 bitrate=0 n_core=0 duration=30 cnt=2 energy_uJ=644827329
cc=stress mtu=9000 bitrate=0 n_core=0 duration=30 cnt=3 energy_uJ=648833789
cc=stress mtu=9000 bitrate=0 n_core=0 duration=30 cnt=4 energy_uJ=648485096
cc=stress mtu=9000 bitrate=0 n_core=0 duration=30 cnt=5 energy_uJ=642122318
cc=stress mtu=9000 bitrate=0 n_core=0 duration=30 cnt=6 energy_uJ=647482290
cc=stress mtu=9000 bitrate=0 n_core=0 duration=30 cnt=7 energy_uJ=640410776
cc=stress mtu=9000 bitrate=0 n_core=0 duration=30 cnt=8 energy_uJ=650622907
cc=stress mtu=9000 bitrate=0 n_core=0 duration=30 cnt=9 energy_uJ=640699044
cc=stress mtu=9000 bitrate=0 n_core=0 duration=30 cnt=10 energy_uJ=648794054
cc=stress mtu=9000 bitrate=0 n_core=0 duration=40 cnt=1 energy_uJ=861126519
cc=stress mtu=9000 bitrate=0 n_core=0 duration=40 cnt=2 energy_uJ=863505113
cc=stress mtu=9000 bitrate=0 n_core=0 duration=40 cnt=3 energy_uJ=859997004
cc=stress mtu=9000 bitrate=0 n_core=0 duration=40 cnt=4 energy_uJ=859867061
cc=stress mtu=9000 bitrate=0 n_core=0 duration=40 cnt=5 energy_uJ=866419413
cc=stress mtu=9000 bitrate=0 n_core=0 duration=40 cnt=6 energy_uJ=859129150
cc=stress mtu=9000 bitrate=0 n_core=0 duration=40 cnt=7 energy_uJ=861842154
cc=stress mtu=9000 bitrate=0 n_core=0 duration=40 cnt=8 energy_uJ=860080562
cc=stress mtu=9000 bitrate=0 n_core=0 duration=40 cnt=9 energy_uJ=860921014
cc=stress mtu=9000 bitrate=0 n_core=0 duration=40 cnt=10 energy_uJ=862020925
cc=stress mtu=9000 bitrate=0 n_core=0 duration=50 cnt=1 energy_uJ=1077130300
cc=stress mtu=9000 bitrate=0 n_core=0 duration=50 cnt=2 energy_uJ=1083325046
cc=stress mtu=9000 bitrate=0 n_core=0 duration=50 cnt=3 energy_uJ=1071598758
cc=stress mtu=9000 bitrate=0 n_core=0 duration=50 cnt=4 energy_uJ=1079545942
cc=stress mtu=9000 bitrate=0 n_core=0 duration=50 cnt=5 energy_uJ=1079130904
cc=stress mtu=9000 bitrate=0 n_core=0 duration=50 cnt=6 energy_uJ=1077997484
cc=stress mtu=9000 bitrate=0 n_core=0 duration=50 cnt=7 energy_uJ=1079095931
cc=stress mtu=9000 bitrate=0 n_core=0 duration=50 cnt=8 energy_uJ=1071607181
cc=stress mtu=9000 bitrate=0 n_core=0 duration=50 cnt=9 energy_uJ=1082168067
cc=stress mtu=9000 bitrate=0 n_core=0 duration=50 cnt=10 energy_uJ=1072669373
cc=stress mtu=9000 bitrate=0 n_core=0 duration=60 cnt=1 energy_uJ=1290050042
cc=stress mtu=9000 bitrate=0 n_core=0 duration=60 cnt=2 energy_uJ=-260849975106
cc=stress mtu=9000 bitrate=0 n_core=0 duration=60 cnt=3 energy_uJ=1294316266
cc=stress mtu=9000 bitrate=0 n_core=0 duration=60 cnt=4 energy_uJ=1291739858
cc=stress mtu=9000 bitrate=0 n_core=0 duration=60 cnt=5 energy_uJ=1294220808
cc=stress mtu=9000 bitrate=0 n_core=0 duration=60 cnt=6 energy_uJ=1289860223
cc=stress mtu=9000 bitrate=0 n_core=0 duration=60 cnt=7 energy_uJ=1289449335
cc=stress mtu=9000 bitrate=0 n_core=0 duration=60 cnt=8 energy_uJ=1293434249
cc=stress mtu=9000 bitrate=0 n_core=0 duration=60 cnt=9 energy_uJ=1287665222
cc=stress mtu=9000 bitrate=0 n_core=0 duration=60 cnt=10 energy_uJ=1287766722
cc=stress mtu=9000 bitrate=0 n_core=0 duration=70 cnt=1 energy_uJ=-260634357615
cc=stress mtu=9000 bitrate=0 n_core=0 duration=70 cnt=2 energy_uJ=1504496453
cc=stress mtu=9000 bitrate=0 n_core=0 duration=70 cnt=3 energy_uJ=1509212201
cc=stress mtu=9000 bitrate=0 n_core=0 duration=70 cnt=4 energy_uJ=1504518792
cc=stress mtu=9000 bitrate=0 n_core=0 duration=70 cnt=5 energy_uJ=1504416864
cc=stress mtu=9000 bitrate=0 n_core=0 duration=70 cnt=6 energy_uJ=1505812124
cc=stress mtu=9000 bitrate=0 n_core=0 duration=70 cnt=7 energy_uJ=1508437789
cc=stress mtu=9000 bitrate=0 n_core=0 duration=70 cnt=8 energy_uJ=1508815228
cc=stress mtu=9000 bitrate=0 n_core=0 duration=70 cnt=9 energy_uJ=1505262565
cc=stress mtu=9000 bitrate=0 n_core=0 duration=70 cnt=10 energy_uJ=1507325914
cc=stress mtu=9000 bitrate=0 n_core=0 duration=80 cnt=1 energy_uJ=1718971674
cc=stress mtu=9000 bitrate=0 n_core=0 duration=80 cnt=2 energy_uJ=1715923891
cc=stress mtu=9000 bitrate=0 n_core=0 duration=80 cnt=3 energy_uJ=1727673006
cc=stress mtu=9000 bitrate=0 n_core=0 duration=80 cnt=4 energy_uJ=1721109668
cc=stress mtu=9000 bitrate=0 n_core=0 duration=80 cnt=5 energy_uJ=1723579388
cc=stress mtu=9000 bitrate=0 n_core=0 duration=80 cnt=6 energy_uJ=1719903923
cc=stress mtu=9000 bitrate=0 n_core=0 duration=80 cnt=7 energy_uJ=1713949714
cc=stress mtu=9000 bitrate=0 n_core=0 duration=80 cnt=8 energy_uJ=1722057115
cc=stress mtu=9000 bitrate=0 n_core=0 duration=80 cnt=9 energy_uJ=1718990412
cc=stress mtu=9000 bitrate=0 n_core=0 duration=80 cnt=10 energy_uJ=1726419836
cc=stress mtu=9000 bitrate=0 n_core=0 duration=90 cnt=1 energy_uJ=1930718323
cc=stress mtu=9000 bitrate=0 n_core=0 duration=90 cnt=2 energy_uJ=1947781636
cc=stress mtu=9000 bitrate=0 n_core=0 duration=90 cnt=3 energy_uJ=1931922056
cc=stress mtu=9000 bitrate=0 n_core=0 duration=90 cnt=4 energy_uJ=1934225822
cc=stress mtu=9000 bitrate=0 n_core=0 duration=90 cnt=5 energy_uJ=1936233508
cc=stress mtu=9000 bitrate=0 n_core=0 duration=90 cnt=6 energy_uJ=1923677692
cc=stress mtu=9000 bitrate=0 n_core=0 duration=90 cnt=7 energy_uJ=1933794000
cc=stress mtu=9000 bitrate=0 n_core=0 duration=90 cnt=8 energy_uJ=1930611696
cc=stress mtu=9000 bitrate=0 n_core=0 duration=90 cnt=9 energy_uJ=1934807609
cc=stress mtu=9000 bitrate=0 n_core=0 duration=90 cnt=10 energy_uJ=1938228437
cc=stress mtu=9000 bitrate=0 n_core=0 duration=100 cnt=1 energy_uJ=2146848996
cc=stress mtu=9000 bitrate=0 n_core=0 duration=100 cnt=2 energy_uJ=2147711848
cc=stress mtu=9000 bitrate=0 n_core=0 duration=100 cnt=3 energy_uJ=2147750911
cc=stress mtu=9000 bitrate=0 n_core=0 duration=100 cnt=4 energy_uJ=2151511277
cc=stress mtu=9000 bitrate=0 n_core=0 duration=100 cnt=5 energy_uJ=2155259313
cc=stress mtu=9000 bitrate=0 n_core=0 duration=100 cnt=6 energy_uJ=2152282698
cc=stress mtu=9000 bitrate=0 n_core=0 duration=100 cnt=7 energy_uJ=2145420655
cc=stress mtu=9000 bitrate=0 n_core=0 duration=100 cnt=8 energy_uJ=2151460556
cc=stress mtu=9000 bitrate=0 n_core=0 duration=100 cnt=9 energy_uJ=2150621143
cc=stress mtu=9000 bitrate=0 n_core=0 duration=100 cnt=10 energy_uJ=2146146971
cc=cubic mtu=9000 bitrate=1 n_core=0 duration=10 cnt=1 energy_uJ=328206922
cc=cubic mtu=9000 bitrate=1 n_core=0 duration=10 cnt=2 energy_uJ=321734406
cc=cubic mtu=9000 bitrate=1 n_core=0 duration=10 cnt=3 energy_uJ=319442664
cc=cubic mtu=9000 bitrate=1 n_core=0 duration=10 cnt=4 energy_uJ=328051955
cc=cubic mtu=9000 bitrate=1 n_core=0 duration=10 cnt=5 energy_uJ=297079867
cc=cubic mtu=9000 bitrate=1 n_core=0 duration=10 cnt=6 energy_uJ=295576087
cc=cubic mtu=9000 bitrate=1 n_core=0 duration=10 cnt=7 energy_uJ=328208327
cc=cubic mtu=9000 bitrate=1 n_core=0 duration=10 cnt=8 energy_uJ=328322707
cc=cubic mtu=9000 bitrate=1 n_core=0 duration=10 cnt=9 energy_uJ=327759904
cc=cubic mtu=9000 bitrate=1 n_core=0 duration=10 cnt=10 energy_uJ=328855786
cc=cubic mtu=9000 bitrate=1 n_core=0 duration=20 cnt=1 energy_uJ=638233046
cc=cubic mtu=9000 bitrate=1 n_core=0 duration=20 cnt=2 energy_uJ=602455306
cc=cubic mtu=9000 bitrate=1 n_core=0 duration=20 cnt=3 energy_uJ=607485993
cc=cubic mtu=9000 bitrate=1 n_core=0 duration=20 cnt=4 energy_uJ=643676147
cc=cubic mtu=9000 bitrate=1 n_core=0 duration=20 cnt=5 energy_uJ=609935267
cc=cubic mtu=9000 bitrate=1 n_core=0 duration=20 cnt=6 energy_uJ=649700363
cc=cubic mtu=9000 bitrate=1 n_core=0 duration=20 cnt=7 energy_uJ=639408703
cc=cubic mtu=9000 bitrate=1 n_core=0 duration=20 cnt=8 energy_uJ=649960555
cc=cubic mtu=9000 bitrate=1 n_core=0 duration=20 cnt=9 energy_uJ=655987701
cc=cubic mtu=9000 bitrate=1 n_core=0 duration=20 cnt=10 energy_uJ=655849395
cc=cubic mtu=9000 bitrate=1 n_core=0 duration=30 cnt=1 energy_uJ=902531075
cc=cubic mtu=9000 bitrate=1 n_core=0 duration=30 cnt=2 energy_uJ=950025156
cc=cubic mtu=9000 bitrate=1 n_core=0 duration=30 cnt=3 energy_uJ=970598833
cc=cubic mtu=9000 bitrate=1 n_core=0 duration=30 cnt=4 energy_uJ=927655035
cc=cubic mtu=9000 bitrate=1 n_core=0 duration=30 cnt=5 energy_uJ=892560154
cc=cubic mtu=9000 bitrate=1 n_core=0 duration=30 cnt=6 energy_uJ=966013639
cc=cubic mtu=9000 bitrate=1 n_core=0 duration=30 cnt=7 energy_uJ=954200987
cc=cubic mtu=9000 bitrate=1 n_core=0 duration=30 cnt=8 energy_uJ=960948773
cc=cubic mtu=9000 bitrate=1 n_core=0 duration=30 cnt=9 energy_uJ=961641764
cc=cubic mtu=9000 bitrate=1 n_core=0 duration=30 cnt=10 energy_uJ=971532302
cc=cubic mtu=9000 bitrate=1 n_core=0 duration=40 cnt=1 energy_uJ=1182377222
cc=cubic mtu=9000 bitrate=1 n_core=0 duration=40 cnt=2 energy_uJ=1265093624
cc=cubic mtu=9000 bitrate=1 n_core=0 duration=40 cnt=3 energy_uJ=1293826950
cc=cubic mtu=9000 bitrate=1 n_core=0 duration=40 cnt=4 energy_uJ=1294603193
cc=cubic mtu=9000 bitrate=1 n_core=0 duration=40 cnt=5 energy_uJ=1275688934
cc=cubic mtu=9000 bitrate=1 n_core=0 duration=40 cnt=6 energy_uJ=1294686566
cc=cubic mtu=9000 bitrate=1 n_core=0 duration=40 cnt=7 energy_uJ=1196697925
cc=cubic mtu=9000 bitrate=1 n_core=0 duration=40 cnt=8 energy_uJ=1277387904
cc=cubic mtu=9000 bitrate=1 n_core=0 duration=40 cnt=9 energy_uJ=1274721589
cc=cubic mtu=9000 bitrate=1 n_core=0 duration=40 cnt=10 energy_uJ=1286646304
cc=cubic mtu=9000 bitrate=1 n_core=0 duration=50 cnt=1 energy_uJ=1534081889
cc=cubic mtu=9000 bitrate=1 n_core=0 duration=50 cnt=2 energy_uJ=1626478441
cc=cubic mtu=9000 bitrate=1 n_core=0 duration=50 cnt=3 energy_uJ=1498531076
cc=cubic mtu=9000 bitrate=1 n_core=0 duration=50 cnt=4 energy_uJ=1561971161
cc=cubic mtu=9000 bitrate=1 n_core=0 duration=50 cnt=5 energy_uJ=1584635164
cc=cubic mtu=9000 bitrate=1 n_core=0 duration=50 cnt=6 energy_uJ=1520102127
cc=cubic mtu=9000 bitrate=1 n_core=0 duration=50 cnt=7 energy_uJ=1646604672
cc=cubic mtu=9000 bitrate=1 n_core=0 duration=50 cnt=8 energy_uJ=1638438311
cc=cubic mtu=9000 bitrate=1 n_core=0 duration=50 cnt=9 energy_uJ=1582961586
cc=cubic mtu=9000 bitrate=1 n_core=0 duration=50 cnt=10 energy_uJ=1591022905
cc=cubic mtu=9000 bitrate=1 n_core=0 duration=60 cnt=1 energy_uJ=1969989586
cc=cubic mtu=9000 bitrate=1 n_core=0 duration=60 cnt=2 energy_uJ=1896965176
cc=cubic mtu=9000 bitrate=1 n_core=0 duration=60 cnt=3 energy_uJ=1949166519
cc=cubic mtu=9000 bitrate=1 n_core=0 duration=60 cnt=4 energy_uJ=1950506115
cc=cubic mtu=9000 bitrate=1 n_core=0 duration=60 cnt=5 energy_uJ=1902581678
cc=cubic mtu=9000 bitrate=1 n_core=0 duration=60 cnt=6 energy_uJ=1904786750
cc=cubic mtu=9000 bitrate=1 n_core=0 duration=60 cnt=7 energy_uJ=1954284731
cc=cubic mtu=9000 bitrate=1 n_core=0 duration=60 cnt=8 energy_uJ=1845869848
cc=cubic mtu=9000 bitrate=1 n_core=0 duration=60 cnt=9 energy_uJ=1795186689
cc=cubic mtu=9000 bitrate=1 n_core=0 duration=60 cnt=10 energy_uJ=1802539209
cc=cubic mtu=9000 bitrate=1 n_core=0 duration=70 cnt=1 energy_uJ=2283653518
cc=cubic mtu=9000 bitrate=1 n_core=0 duration=70 cnt=2 energy_uJ=2206300992
cc=cubic mtu=9000 bitrate=1 n_core=0 duration=70 cnt=3 energy_uJ=2235148148
cc=cubic mtu=9000 bitrate=1 n_core=0 duration=70 cnt=4 energy_uJ=2247611494
cc=cubic mtu=9000 bitrate=1 n_core=0 duration=70 cnt=5 energy_uJ=2196687553
cc=cubic mtu=9000 bitrate=1 n_core=0 duration=70 cnt=6 energy_uJ=2269737719
cc=cubic mtu=9000 bitrate=1 n_core=0 duration=70 cnt=7 energy_uJ=2303384850
cc=cubic mtu=9000 bitrate=1 n_core=0 duration=70 cnt=8 energy_uJ=2207808314
cc=cubic mtu=9000 bitrate=1 n_core=0 duration=70 cnt=9 energy_uJ=2114190877
cc=cubic mtu=9000 bitrate=1 n_core=0 duration=70 cnt=10 energy_uJ=2126696583
cc=cubic mtu=9000 bitrate=1 n_core=0 duration=80 cnt=1 energy_uJ=2497088395
cc=cubic mtu=9000 bitrate=1 n_core=0 duration=80 cnt=2 energy_uJ=2543589374
cc=cubic mtu=9000 bitrate=1 n_core=0 duration=80 cnt=3 energy_uJ=2510153364
cc=cubic mtu=9000 bitrate=1 n_core=0 duration=80 cnt=4 energy_uJ=2588031522
cc=cubic mtu=9000 bitrate=1 n_core=0 duration=80 cnt=5 energy_uJ=2591724384
cc=cubic mtu=9000 bitrate=1 n_core=0 duration=80 cnt=6 energy_uJ=2395430086
cc=cubic mtu=9000 bitrate=1 n_core=0 duration=80 cnt=7 energy_uJ=2576298215
cc=cubic mtu=9000 bitrate=1 n_core=0 duration=80 cnt=8 energy_uJ=2610769378
cc=cubic mtu=9000 bitrate=1 n_core=0 duration=80 cnt=9 energy_uJ=2566639365
cc=cubic mtu=9000 bitrate=1 n_core=0 duration=80 cnt=10 energy_uJ=2452066843
cc=cubic mtu=9000 bitrate=1 n_core=0 duration=90 cnt=1 energy_uJ=2905374032
cc=cubic mtu=9000 bitrate=1 n_core=0 duration=90 cnt=2 energy_uJ=2930392462
cc=cubic mtu=9000 bitrate=1 n_core=0 duration=90 cnt=3 energy_uJ=2892691509
cc=cubic mtu=9000 bitrate=1 n_core=0 duration=90 cnt=4 energy_uJ=2841746693
cc=cubic mtu=9000 bitrate=1 n_core=0 duration=90 cnt=5 energy_uJ=2732979149
cc=cubic mtu=9000 bitrate=1 n_core=0 duration=90 cnt=6 energy_uJ=2893553018
cc=cubic mtu=9000 bitrate=1 n_core=0 duration=90 cnt=7 energy_uJ=2756421472
cc=cubic mtu=9000 bitrate=1 n_core=0 duration=90 cnt=8 energy_uJ=2897849393
cc=cubic mtu=9000 bitrate=1 n_core=0 duration=90 cnt=9 energy_uJ=2906306647
cc=cubic mtu=9000 bitrate=1 n_core=0 duration=90 cnt=10 energy_uJ=2699654832
cc=cubic mtu=9000 bitrate=1 n_core=0 duration=100 cnt=1 energy_uJ=3273552410
cc=cubic mtu=9000 bitrate=1 n_core=0 duration=100 cnt=2 energy_uJ=3253646089
cc=cubic mtu=9000 bitrate=1 n_core=0 duration=100 cnt=3 energy_uJ=3030657585
cc=cubic mtu=9000 bitrate=1 n_core=0 duration=100 cnt=4 energy_uJ=3184709132
cc=cubic mtu=9000 bitrate=1 n_core=0 duration=100 cnt=5 energy_uJ=3227756141
cc=cubic mtu=9000 bitrate=1 n_core=0 duration=100 cnt=6 energy_uJ=3272154159
cc=cubic mtu=9000 bitrate=1 n_core=0 duration=100 cnt=7 energy_uJ=3220311457
cc=cubic mtu=9000 bitrate=1 n_core=0 duration=100 cnt=8 energy_uJ=3149379449
cc=cubic mtu=9000 bitrate=1 n_core=0 duration=100 cnt=9 energy_uJ=3190722606
cc=cubic mtu=9000 bitrate=1 n_core=0 duration=100 cnt=10 energy_uJ=3148175107
cc=cubic mtu=9000 bitrate=2 n_core=0 duration=10 cnt=1 energy_uJ=331087105
cc=cubic mtu=9000 bitrate=2 n_core=0 duration=10 cnt=2 energy_uJ=317301312
cc=cubic mtu=9000 bitrate=2 n_core=0 duration=10 cnt=3 energy_uJ=322863188
cc=cubic mtu=9000 bitrate=2 n_core=0 duration=10 cnt=4 energy_uJ=319567358
cc=cubic mtu=9000 bitrate=2 n_core=0 duration=10 cnt=5 energy_uJ=323341030
cc=cubic mtu=9000 bitrate=2 n_core=0 duration=10 cnt=6 energy_uJ=323759181
cc=cubic mtu=9000 bitrate=2 n_core=0 duration=10 cnt=7 energy_uJ=329560741
cc=cubic mtu=9000 bitrate=2 n_core=0 duration=10 cnt=8 energy_uJ=328506057
cc=cubic mtu=9000 bitrate=2 n_core=0 duration=10 cnt=9 energy_uJ=327306290
cc=cubic mtu=9000 bitrate=2 n_core=0 duration=10 cnt=10 energy_uJ=324925743
cc=cubic mtu=9000 bitrate=2 n_core=0 duration=20 cnt=1 energy_uJ=651819926
cc=cubic mtu=9000 bitrate=2 n_core=0 duration=20 cnt=2 energy_uJ=656830045
cc=cubic mtu=9000 bitrate=2 n_core=0 duration=20 cnt=3 energy_uJ=642739199
cc=cubic mtu=9000 bitrate=2 n_core=0 duration=20 cnt=4 energy_uJ=642065800
cc=cubic mtu=9000 bitrate=2 n_core=0 duration=20 cnt=5 energy_uJ=649039721
cc=cubic mtu=9000 bitrate=2 n_core=0 duration=20 cnt=6 energy_uJ=649937606
cc=cubic mtu=9000 bitrate=2 n_core=0 duration=20 cnt=7 energy_uJ=656390471
cc=cubic mtu=9000 bitrate=2 n_core=0 duration=20 cnt=8 energy_uJ=660449725
cc=cubic mtu=9000 bitrate=2 n_core=0 duration=20 cnt=9 energy_uJ=631387910
cc=cubic mtu=9000 bitrate=2 n_core=0 duration=20 cnt=10 energy_uJ=650354842
cc=cubic mtu=9000 bitrate=2 n_core=0 duration=30 cnt=1 energy_uJ=983792588
cc=cubic mtu=9000 bitrate=2 n_core=0 duration=30 cnt=2 energy_uJ=984467756
cc=cubic mtu=9000 bitrate=2 n_core=0 duration=30 cnt=3 energy_uJ=984636822
cc=cubic mtu=9000 bitrate=2 n_core=0 duration=30 cnt=4 energy_uJ=968546898
cc=cubic mtu=9000 bitrate=2 n_core=0 duration=30 cnt=5 energy_uJ=985939004
cc=cubic mtu=9000 bitrate=2 n_core=0 duration=30 cnt=6 energy_uJ=974561165
cc=cubic mtu=9000 bitrate=2 n_core=0 duration=30 cnt=7 energy_uJ=971621413
cc=cubic mtu=9000 bitrate=2 n_core=0 duration=30 cnt=8 energy_uJ=989509613
cc=cubic mtu=9000 bitrate=2 n_core=0 duration=30 cnt=9 energy_uJ=973378916
cc=cubic mtu=9000 bitrate=2 n_core=0 duration=30 cnt=10 energy_uJ=956734001
cc=cubic mtu=9000 bitrate=2 n_core=0 duration=40 cnt=1 energy_uJ=1292883592
cc=cubic mtu=9000 bitrate=2 n_core=0 duration=40 cnt=2 energy_uJ=1308975226
cc=cubic mtu=9000 bitrate=2 n_core=0 duration=40 cnt=3 energy_uJ=1276888456
cc=cubic mtu=9000 bitrate=2 n_core=0 duration=40 cnt=4 energy_uJ=1310006045
cc=cubic mtu=9000 bitrate=2 n_core=0 duration=40 cnt=5 energy_uJ=1312034301
cc=cubic mtu=9000 bitrate=2 n_core=0 duration=40 cnt=6 energy_uJ=1320825964
cc=cubic mtu=9000 bitrate=2 n_core=0 duration=40 cnt=7 energy_uJ=1278930930
cc=cubic mtu=9000 bitrate=2 n_core=0 duration=40 cnt=8 energy_uJ=1321970370
cc=cubic mtu=9000 bitrate=2 n_core=0 duration=40 cnt=9 energy_uJ=1285812076
cc=cubic mtu=9000 bitrate=2 n_core=0 duration=40 cnt=10 energy_uJ=1318004927
cc=cubic mtu=9000 bitrate=2 n_core=0 duration=50 cnt=1 energy_uJ=1607005468
cc=cubic mtu=9000 bitrate=2 n_core=0 duration=50 cnt=2 energy_uJ=1621189759
cc=cubic mtu=9000 bitrate=2 n_core=0 duration=50 cnt=3 energy_uJ=1637686237
cc=cubic mtu=9000 bitrate=2 n_core=0 duration=50 cnt=4 energy_uJ=1683085535
cc=cubic mtu=9000 bitrate=2 n_core=0 duration=50 cnt=5 energy_uJ=1676857281
cc=cubic mtu=9000 bitrate=2 n_core=0 duration=50 cnt=6 energy_uJ=1665184580
cc=cubic mtu=9000 bitrate=2 n_core=0 duration=50 cnt=7 energy_uJ=1650240161
cc=cubic mtu=9000 bitrate=2 n_core=0 duration=50 cnt=8 energy_uJ=1667201358
cc=cubic mtu=9000 bitrate=2 n_core=0 duration=50 cnt=9 energy_uJ=1619798711
cc=cubic mtu=9000 bitrate=2 n_core=0 duration=50 cnt=10 energy_uJ=1646554928
cc=cubic mtu=9000 bitrate=2 n_core=0 duration=60 cnt=1 energy_uJ=2006557852
cc=cubic mtu=9000 bitrate=2 n_core=0 duration=60 cnt=2 energy_uJ=2002938232
cc=cubic mtu=9000 bitrate=2 n_core=0 duration=60 cnt=3 energy_uJ=1934788626
cc=cubic mtu=9000 bitrate=2 n_core=0 duration=60 cnt=4 energy_uJ=2022419994
cc=cubic mtu=9000 bitrate=2 n_core=0 duration=60 cnt=5 energy_uJ=1934460197
cc=cubic mtu=9000 bitrate=2 n_core=0 duration=60 cnt=6 energy_uJ=1956561092
cc=cubic mtu=9000 bitrate=2 n_core=0 duration=60 cnt=7 energy_uJ=1935947803
cc=cubic mtu=9000 bitrate=2 n_core=0 duration=60 cnt=8 energy_uJ=1970583456
cc=cubic mtu=9000 bitrate=2 n_core=0 duration=60 cnt=9 energy_uJ=1919696441
cc=cubic mtu=9000 bitrate=2 n_core=0 duration=60 cnt=10 energy_uJ=1960067309
cc=cubic mtu=9000 bitrate=2 n_core=0 duration=70 cnt=1 energy_uJ=2317665880
cc=cubic mtu=9000 bitrate=2 n_core=0 duration=70 cnt=2 energy_uJ=2278988306
cc=cubic mtu=9000 bitrate=2 n_core=0 duration=70 cnt=3 energy_uJ=2243634760
cc=cubic mtu=9000 bitrate=2 n_core=0 duration=70 cnt=4 energy_uJ=2322200781
cc=cubic mtu=9000 bitrate=2 n_core=0 duration=70 cnt=5 energy_uJ=2271069931
cc=cubic mtu=9000 bitrate=2 n_core=0 duration=70 cnt=6 energy_uJ=2260898264
cc=cubic mtu=9000 bitrate=2 n_core=0 duration=70 cnt=7 energy_uJ=2300529206
cc=cubic mtu=9000 bitrate=2 n_core=0 duration=70 cnt=8 energy_uJ=2257993121
cc=cubic mtu=9000 bitrate=2 n_core=0 duration=70 cnt=9 energy_uJ=2291518854
cc=cubic mtu=9000 bitrate=2 n_core=0 duration=70 cnt=10 energy_uJ=2264049318
cc=cubic mtu=9000 bitrate=2 n_core=0 duration=80 cnt=1 energy_uJ=2619813423
cc=cubic mtu=9000 bitrate=2 n_core=0 duration=80 cnt=2 energy_uJ=2625038508
cc=cubic mtu=9000 bitrate=2 n_core=0 duration=80 cnt=3 energy_uJ=2646640258
cc=cubic mtu=9000 bitrate=2 n_core=0 duration=80 cnt=4 energy_uJ=2635137479
cc=cubic mtu=9000 bitrate=2 n_core=0 duration=80 cnt=5 energy_uJ=2610450104
cc=cubic mtu=9000 bitrate=2 n_core=0 duration=80 cnt=6 energy_uJ=2636188564
cc=cubic mtu=9000 bitrate=2 n_core=0 duration=80 cnt=7 energy_uJ=2679838110
cc=cubic mtu=9000 bitrate=2 n_core=0 duration=80 cnt=8 energy_uJ=2621509463
cc=cubic mtu=9000 bitrate=2 n_core=0 duration=80 cnt=9 energy_uJ=2578631705
cc=cubic mtu=9000 bitrate=2 n_core=0 duration=80 cnt=10 energy_uJ=2612504848
cc=cubic mtu=9000 bitrate=2 n_core=0 duration=90 cnt=1 energy_uJ=2884172792
cc=cubic mtu=9000 bitrate=2 n_core=0 duration=90 cnt=2 energy_uJ=2923476220
cc=cubic mtu=9000 bitrate=2 n_core=0 duration=90 cnt=3 energy_uJ=2946700831
cc=cubic mtu=9000 bitrate=2 n_core=0 duration=90 cnt=4 energy_uJ=2882225775
cc=cubic mtu=9000 bitrate=2 n_core=0 duration=90 cnt=5 energy_uJ=2931934083
cc=cubic mtu=9000 bitrate=2 n_core=0 duration=90 cnt=6 energy_uJ=3011437359
cc=cubic mtu=9000 bitrate=2 n_core=0 duration=90 cnt=7 energy_uJ=3049732487
cc=cubic mtu=9000 bitrate=2 n_core=0 duration=90 cnt=8 energy_uJ=2877882465
cc=cubic mtu=9000 bitrate=2 n_core=0 duration=90 cnt=9 energy_uJ=2898480983
cc=cubic mtu=9000 bitrate=2 n_core=0 duration=90 cnt=10 energy_uJ=2891869794
cc=cubic mtu=9000 bitrate=2 n_core=0 duration=100 cnt=1 energy_uJ=3260541702
cc=cubic mtu=9000 bitrate=2 n_core=0 duration=100 cnt=2 energy_uJ=3292389033
cc=cubic mtu=9000 bitrate=2 n_core=0 duration=100 cnt=3 energy_uJ=3265263553
cc=cubic mtu=9000 bitrate=2 n_core=0 duration=100 cnt=4 energy_uJ=3209622522
cc=cubic mtu=9000 bitrate=2 n_core=0 duration=100 cnt=5 energy_uJ=3322926247
cc=cubic mtu=9000 bitrate=2 n_core=0 duration=100 cnt=6 energy_uJ=3246515065
cc=cubic mtu=9000 bitrate=2 n_core=0 duration=100 cnt=7 energy_uJ=3211807818
cc=cubic mtu=9000 bitrate=2 n_core=0 duration=100 cnt=8 energy_uJ=3259640154
cc=cubic mtu=9000 bitrate=2 n_core=0 duration=100 cnt=9 energy_uJ=3251829628
cc=cubic mtu=9000 bitrate=2 n_core=0 duration=100 cnt=10 energy_uJ=3260416885
cc=cubic mtu=9000 bitrate=3 n_core=0 duration=10 cnt=1 energy_uJ=340872846
cc=cubic mtu=9000 bitrate=3 n_core=0 duration=10 cnt=2 energy_uJ=345279450
cc=cubic mtu=9000 bitrate=3 n_core=0 duration=10 cnt=3 energy_uJ=334002196
cc=cubic mtu=9000 bitrate=3 n_core=0 duration=10 cnt=4 energy_uJ=346683926
cc=cubic mtu=9000 bitrate=3 n_core=0 duration=10 cnt=5 energy_uJ=334327635
cc=cubic mtu=9000 bitrate=3 n_core=0 duration=10 cnt=6 energy_uJ=333372499
cc=cubic mtu=9000 bitrate=3 n_core=0 duration=10 cnt=7 energy_uJ=342073404
cc=cubic mtu=9000 bitrate=3 n_core=0 duration=10 cnt=8 energy_uJ=333495667
cc=cubic mtu=9000 bitrate=3 n_core=0 duration=10 cnt=9 energy_uJ=334809751
cc=cubic mtu=9000 bitrate=3 n_core=0 duration=10 cnt=10 energy_uJ=336405938
cc=cubic mtu=9000 bitrate=3 n_core=0 duration=20 cnt=1 energy_uJ=669901422
cc=cubic mtu=9000 bitrate=3 n_core=0 duration=20 cnt=2 energy_uJ=669927546
cc=cubic mtu=9000 bitrate=3 n_core=0 duration=20 cnt=3 energy_uJ=684162372
cc=cubic mtu=9000 bitrate=3 n_core=0 duration=20 cnt=4 energy_uJ=670703910
cc=cubic mtu=9000 bitrate=3 n_core=0 duration=20 cnt=5 energy_uJ=656160125
cc=cubic mtu=9000 bitrate=3 n_core=0 duration=20 cnt=6 energy_uJ=682301355
cc=cubic mtu=9000 bitrate=3 n_core=0 duration=20 cnt=7 energy_uJ=664782356
cc=cubic mtu=9000 bitrate=3 n_core=0 duration=20 cnt=8 energy_uJ=669571039
cc=cubic mtu=9000 bitrate=3 n_core=0 duration=20 cnt=9 energy_uJ=666806032
cc=cubic mtu=9000 bitrate=3 n_core=0 duration=20 cnt=10 energy_uJ=672802599
cc=cubic mtu=9000 bitrate=3 n_core=0 duration=30 cnt=1 energy_uJ=1005771351
cc=cubic mtu=9000 bitrate=3 n_core=0 duration=30 cnt=2 energy_uJ=971191972
cc=cubic mtu=9000 bitrate=3 n_core=0 duration=30 cnt=3 energy_uJ=994485797
cc=cubic mtu=9000 bitrate=3 n_core=0 duration=30 cnt=4 energy_uJ=1001077821
cc=cubic mtu=9000 bitrate=3 n_core=0 duration=30 cnt=5 energy_uJ=996434949
cc=cubic mtu=9000 bitrate=3 n_core=0 duration=30 cnt=6 energy_uJ=1005125234
cc=cubic mtu=9000 bitrate=3 n_core=0 duration=30 cnt=7 energy_uJ=996589125
cc=cubic mtu=9000 bitrate=3 n_core=0 duration=30 cnt=8 energy_uJ=991471705
cc=cubic mtu=9000 bitrate=3 n_core=0 duration=30 cnt=9 energy_uJ=1002688657
cc=cubic mtu=9000 bitrate=3 n_core=0 duration=30 cnt=10 energy_uJ=1008807659
cc=cubic mtu=9000 bitrate=3 n_core=0 duration=40 cnt=1 energy_uJ=1353316666
cc=cubic mtu=9000 bitrate=3 n_core=0 duration=40 cnt=2 energy_uJ=1318140485
cc=cubic mtu=9000 bitrate=3 n_core=0 duration=40 cnt=3 energy_uJ=1357921816
cc=cubic mtu=9000 bitrate=3 n_core=0 duration=40 cnt=4 energy_uJ=1339272634
cc=cubic mtu=9000 bitrate=3 n_core=0 duration=40 cnt=5 energy_uJ=1361908318
cc=cubic mtu=9000 bitrate=3 n_core=0 duration=40 cnt=6 energy_uJ=1333817081
cc=cubic mtu=9000 bitrate=3 n_core=0 duration=40 cnt=7 energy_uJ=1311707458
cc=cubic mtu=9000 bitrate=3 n_core=0 duration=40 cnt=8 energy_uJ=1305305985
cc=cubic mtu=9000 bitrate=3 n_core=0 duration=40 cnt=9 energy_uJ=-260812318342
cc=cubic mtu=9000 bitrate=3 n_core=0 duration=40 cnt=10 energy_uJ=1403747933
cc=cubic mtu=9000 bitrate=3 n_core=0 duration=50 cnt=1 energy_uJ=1694757197
cc=cubic mtu=9000 bitrate=3 n_core=0 duration=50 cnt=2 energy_uJ=1689665780
cc=cubic mtu=9000 bitrate=3 n_core=0 duration=50 cnt=3 energy_uJ=1628228131
cc=cubic mtu=9000 bitrate=3 n_core=0 duration=50 cnt=4 energy_uJ=1648725454
cc=cubic mtu=9000 bitrate=3 n_core=0 duration=50 cnt=5 energy_uJ=1675954266
cc=cubic mtu=9000 bitrate=3 n_core=0 duration=50 cnt=6 energy_uJ=1648978201
cc=cubic mtu=9000 bitrate=3 n_core=0 duration=50 cnt=7 energy_uJ=1659283228
cc=cubic mtu=9000 bitrate=3 n_core=0 duration=50 cnt=8 energy_uJ=1659166406
cc=cubic mtu=9000 bitrate=3 n_core=0 duration=50 cnt=9 energy_uJ=1930571778
cc=cubic mtu=9000 bitrate=3 n_core=0 duration=50 cnt=10 energy_uJ=1726437476
cc=cubic mtu=9000 bitrate=3 n_core=0 duration=60 cnt=1 energy_uJ=2130802102
cc=cubic mtu=9000 bitrate=3 n_core=0 duration=60 cnt=2 energy_uJ=2008168016
cc=cubic mtu=9000 bitrate=3 n_core=0 duration=60 cnt=3 energy_uJ=2028780757
cc=cubic mtu=9000 bitrate=3 n_core=0 duration=60 cnt=4 energy_uJ=2123824214
cc=cubic mtu=9000 bitrate=3 n_core=0 duration=60 cnt=5 energy_uJ=1960307237
cc=cubic mtu=9000 bitrate=3 n_core=0 duration=60 cnt=6 energy_uJ=1978009279
cc=cubic mtu=9000 bitrate=3 n_core=0 duration=60 cnt=7 energy_uJ=1967741544
cc=cubic mtu=9000 bitrate=3 n_core=0 duration=60 cnt=8 energy_uJ=2047229134
cc=cubic mtu=9000 bitrate=3 n_core=0 duration=60 cnt=9 energy_uJ=2031070057
cc=cubic mtu=9000 bitrate=3 n_core=0 duration=60 cnt=10 energy_uJ=2094245310
cc=cubic mtu=9000 bitrate=3 n_core=0 duration=70 cnt=1 energy_uJ=2350749353
cc=cubic mtu=9000 bitrate=3 n_core=0 duration=70 cnt=2 energy_uJ=2370674413
cc=cubic mtu=9000 bitrate=3 n_core=0 duration=70 cnt=3 energy_uJ=2339990836
cc=cubic mtu=9000 bitrate=3 n_core=0 duration=70 cnt=4 energy_uJ=2392041973
cc=cubic mtu=9000 bitrate=3 n_core=0 duration=70 cnt=5 energy_uJ=2356037120
cc=cubic mtu=9000 bitrate=3 n_core=0 duration=70 cnt=6 energy_uJ=2471327535
cc=cubic mtu=9000 bitrate=3 n_core=0 duration=70 cnt=7 energy_uJ=2597353275
cc=cubic mtu=9000 bitrate=3 n_core=0 duration=70 cnt=8 energy_uJ=2312795593
cc=cubic mtu=9000 bitrate=3 n_core=0 duration=70 cnt=9 energy_uJ=2429038337
cc=cubic mtu=9000 bitrate=3 n_core=0 duration=70 cnt=10 energy_uJ=2410456782
cc=cubic mtu=9000 bitrate=3 n_core=0 duration=80 cnt=1 energy_uJ=2737482861
cc=cubic mtu=9000 bitrate=3 n_core=0 duration=80 cnt=2 energy_uJ=2822625159
cc=cubic mtu=9000 bitrate=3 n_core=0 duration=80 cnt=3 energy_uJ=2680289281
cc=cubic mtu=9000 bitrate=3 n_core=0 duration=80 cnt=4 energy_uJ=2844728191
cc=cubic mtu=9000 bitrate=3 n_core=0 duration=80 cnt=5 energy_uJ=2715217597
cc=cubic mtu=9000 bitrate=3 n_core=0 duration=80 cnt=6 energy_uJ=2626057608
cc=cubic mtu=9000 bitrate=3 n_core=0 duration=80 cnt=7 energy_uJ=2680112585
cc=cubic mtu=9000 bitrate=3 n_core=0 duration=80 cnt=8 energy_uJ=2737685985
cc=cubic mtu=9000 bitrate=3 n_core=0 duration=80 cnt=9 energy_uJ=2651297289
cc=cubic mtu=9000 bitrate=3 n_core=0 duration=80 cnt=10 energy_uJ=2659176420
cc=cubic mtu=9000 bitrate=3 n_core=0 duration=90 cnt=1 energy_uJ=2963240889
cc=cubic mtu=9000 bitrate=3 n_core=0 duration=90 cnt=2 energy_uJ=3017726101
cc=cubic mtu=9000 bitrate=3 n_core=0 duration=90 cnt=3 energy_uJ=2995828879
cc=cubic mtu=9000 bitrate=3 n_core=0 duration=90 cnt=4 energy_uJ=3041010831
cc=cubic mtu=9000 bitrate=3 n_core=0 duration=90 cnt=5 energy_uJ=3006898003
cc=cubic mtu=9000 bitrate=3 n_core=0 duration=90 cnt=6 energy_uJ=3030114375
cc=cubic mtu=9000 bitrate=3 n_core=0 duration=90 cnt=7 energy_uJ=3051239869
cc=cubic mtu=9000 bitrate=3 n_core=0 duration=90 cnt=8 energy_uJ=3279315274
cc=cubic mtu=9000 bitrate=3 n_core=0 duration=90 cnt=9 energy_uJ=3042718590
cc=cubic mtu=9000 bitrate=3 n_core=0 duration=90 cnt=10 energy_uJ=2943030674
cc=cubic mtu=9000 bitrate=3 n_core=0 duration=100 cnt=1 energy_uJ=3341232413
cc=cubic mtu=9000 bitrate=3 n_core=0 duration=100 cnt=2 energy_uJ=3370331582
cc=cubic mtu=9000 bitrate=3 n_core=0 duration=100 cnt=3 energy_uJ=3487936140
cc=cubic mtu=9000 bitrate=3 n_core=0 duration=100 cnt=4 energy_uJ=3496772604
cc=cubic mtu=9000 bitrate=3 n_core=0 duration=100 cnt=5 energy_uJ=-258835633217
cc=cubic mtu=9000 bitrate=3 n_core=0 duration=100 cnt=6 energy_uJ=3369734721
cc=cubic mtu=9000 bitrate=3 n_core=0 duration=100 cnt=7 energy_uJ=3332990734
cc=cubic mtu=9000 bitrate=3 n_core=0 duration=100 cnt=8 energy_uJ=3300562474
cc=cubic mtu=9000 bitrate=3 n_core=0 duration=100 cnt=9 energy_uJ=3433452575
cc=cubic mtu=9000 bitrate=3 n_core=0 duration=100 cnt=10 energy_uJ=3314379943
cc=cubic mtu=9000 bitrate=4 n_core=0 duration=10 cnt=1 energy_uJ=333381838
cc=cubic mtu=9000 bitrate=4 n_core=0 duration=10 cnt=2 energy_uJ=332581486
cc=cubic mtu=9000 bitrate=4 n_core=0 duration=10 cnt=3 energy_uJ=333420716
cc=cubic mtu=9000 bitrate=4 n_core=0 duration=10 cnt=4 energy_uJ=334978451
cc=cubic mtu=9000 bitrate=4 n_core=0 duration=10 cnt=5 energy_uJ=336651237
cc=cubic mtu=9000 bitrate=4 n_core=0 duration=10 cnt=6 energy_uJ=332141422
cc=cubic mtu=9000 bitrate=4 n_core=0 duration=10 cnt=7 energy_uJ=329789135
cc=cubic mtu=9000 bitrate=4 n_core=0 duration=10 cnt=8 energy_uJ=337849355
cc=cubic mtu=9000 bitrate=4 n_core=0 duration=10 cnt=9 energy_uJ=337680471
cc=cubic mtu=9000 bitrate=4 n_core=0 duration=10 cnt=10 energy_uJ=332988466
cc=cubic mtu=9000 bitrate=4 n_core=0 duration=20 cnt=1 energy_uJ=671114431
cc=cubic mtu=9000 bitrate=4 n_core=0 duration=20 cnt=2 energy_uJ=672861254
cc=cubic mtu=9000 bitrate=4 n_core=0 duration=20 cnt=3 energy_uJ=668190794
cc=cubic mtu=9000 bitrate=4 n_core=0 duration=20 cnt=4 energy_uJ=666893373
cc=cubic mtu=9000 bitrate=4 n_core=0 duration=20 cnt=5 energy_uJ=683049399
cc=cubic mtu=9000 bitrate=4 n_core=0 duration=20 cnt=6 energy_uJ=661061296
cc=cubic mtu=9000 bitrate=4 n_core=0 duration=20 cnt=7 energy_uJ=670825554
cc=cubic mtu=9000 bitrate=4 n_core=0 duration=20 cnt=8 energy_uJ=678003087
cc=cubic mtu=9000 bitrate=4 n_core=0 duration=20 cnt=9 energy_uJ=692190306
cc=cubic mtu=9000 bitrate=4 n_core=0 duration=20 cnt=10 energy_uJ=673123703
cc=cubic mtu=9000 bitrate=4 n_core=0 duration=30 cnt=1 energy_uJ=1003919305
cc=cubic mtu=9000 bitrate=4 n_core=0 duration=30 cnt=2 energy_uJ=1011829075
cc=cubic mtu=9000 bitrate=4 n_core=0 duration=30 cnt=3 energy_uJ=1040776816
cc=cubic mtu=9000 bitrate=4 n_core=0 duration=30 cnt=4 energy_uJ=1009439921
cc=cubic mtu=9000 bitrate=4 n_core=0 duration=30 cnt=5 energy_uJ=1025341736
cc=cubic mtu=9000 bitrate=4 n_core=0 duration=30 cnt=6 energy_uJ=1023477238
cc=cubic mtu=9000 bitrate=4 n_core=0 duration=30 cnt=7 energy_uJ=991831567
cc=cubic mtu=9000 bitrate=4 n_core=0 duration=30 cnt=8 energy_uJ=1028975027
cc=cubic mtu=9000 bitrate=4 n_core=0 duration=30 cnt=9 energy_uJ=1001392090
cc=cubic mtu=9000 bitrate=4 n_core=0 duration=30 cnt=10 energy_uJ=1017254049
cc=cubic mtu=9000 bitrate=4 n_core=0 duration=40 cnt=1 energy_uJ=1372382106
cc=cubic mtu=9000 bitrate=4 n_core=0 duration=40 cnt=2 energy_uJ=1361484796
cc=cubic mtu=9000 bitrate=4 n_core=0 duration=40 cnt=3 energy_uJ=1319164896
cc=cubic mtu=9000 bitrate=4 n_core=0 duration=40 cnt=4 energy_uJ=1365428023
cc=cubic mtu=9000 bitrate=4 n_core=0 duration=40 cnt=5 energy_uJ=1349435815
cc=cubic mtu=9000 bitrate=4 n_core=0 duration=40 cnt=6 energy_uJ=1369177403
cc=cubic mtu=9000 bitrate=4 n_core=0 duration=40 cnt=7 energy_uJ=1369461583
cc=cubic mtu=9000 bitrate=4 n_core=0 duration=40 cnt=8 energy_uJ=1341955731
cc=cubic mtu=9000 bitrate=4 n_core=0 duration=40 cnt=9 energy_uJ=1352616350
cc=cubic mtu=9000 bitrate=4 n_core=0 duration=40 cnt=10 energy_uJ=1337778862
cc=cubic mtu=9000 bitrate=4 n_core=0 duration=50 cnt=1 energy_uJ=1662990494
cc=cubic mtu=9000 bitrate=4 n_core=0 duration=50 cnt=2 energy_uJ=1690485052
cc=cubic mtu=9000 bitrate=4 n_core=0 duration=50 cnt=3 energy_uJ=1650522934
cc=cubic mtu=9000 bitrate=4 n_core=0 duration=50 cnt=4 energy_uJ=1652848002
cc=cubic mtu=9000 bitrate=4 n_core=0 duration=50 cnt=5 energy_uJ=1701027506
cc=cubic mtu=9000 bitrate=4 n_core=0 duration=50 cnt=6 energy_uJ=1686023088
cc=cubic mtu=9000 bitrate=4 n_core=0 duration=50 cnt=7 energy_uJ=1709301899
cc=cubic mtu=9000 bitrate=4 n_core=0 duration=50 cnt=8 energy_uJ=1709834674
cc=cubic mtu=9000 bitrate=4 n_core=0 duration=50 cnt=9 energy_uJ=1676208844
cc=cubic mtu=9000 bitrate=4 n_core=0 duration=50 cnt=10 energy_uJ=1677853004
cc=cubic mtu=9000 bitrate=4 n_core=0 duration=60 cnt=1 energy_uJ=2016577418
cc=cubic mtu=9000 bitrate=4 n_core=0 duration=60 cnt=2 energy_uJ=1999333505
cc=cubic mtu=9000 bitrate=4 n_core=0 duration=60 cnt=3 energy_uJ=2045669690
cc=cubic mtu=9000 bitrate=4 n_core=0 duration=60 cnt=4 energy_uJ=2048575322
cc=cubic mtu=9000 bitrate=4 n_core=0 duration=60 cnt=5 energy_uJ=2026113832
cc=cubic mtu=9000 bitrate=4 n_core=0 duration=60 cnt=6 energy_uJ=2021340772
cc=cubic mtu=9000 bitrate=4 n_core=0 duration=60 cnt=7 energy_uJ=2020905655
cc=cubic mtu=9000 bitrate=4 n_core=0 duration=60 cnt=8 energy_uJ=2014297944
cc=cubic mtu=9000 bitrate=4 n_core=0 duration=60 cnt=9 energy_uJ=1986901469
cc=cubic mtu=9000 bitrate=4 n_core=0 duration=60 cnt=10 energy_uJ=2030369497
cc=cubic mtu=9000 bitrate=4 n_core=0 duration=70 cnt=1 energy_uJ=2347669160
cc=cubic mtu=9000 bitrate=4 n_core=0 duration=70 cnt=2 energy_uJ=2360732544
cc=cubic mtu=9000 bitrate=4 n_core=0 duration=70 cnt=3 energy_uJ=2359578432
cc=cubic mtu=9000 bitrate=4 n_core=0 duration=70 cnt=4 energy_uJ=2387344108
cc=cubic mtu=9000 bitrate=4 n_core=0 duration=70 cnt=5 energy_uJ=2368855508
cc=cubic mtu=9000 bitrate=4 n_core=0 duration=70 cnt=6 energy_uJ=2393631690
cc=cubic mtu=9000 bitrate=4 n_core=0 duration=70 cnt=7 energy_uJ=2401533770
cc=cubic mtu=9000 bitrate=4 n_core=0 duration=70 cnt=8 energy_uJ=2318132616
cc=cubic mtu=9000 bitrate=4 n_core=0 duration=70 cnt=9 energy_uJ=2327558738
cc=cubic mtu=9000 bitrate=4 n_core=0 duration=70 cnt=10 energy_uJ=2497354325
cc=cubic mtu=9000 bitrate=4 n_core=0 duration=80 cnt=1 energy_uJ=2731813319
cc=cubic mtu=9000 bitrate=4 n_core=0 duration=80 cnt=2 energy_uJ=2815920648
cc=cubic mtu=9000 bitrate=4 n_core=0 duration=80 cnt=3 energy_uJ=2747062730
cc=cubic mtu=9000 bitrate=4 n_core=0 duration=80 cnt=4 energy_uJ=2695328061
cc=cubic mtu=9000 bitrate=4 n_core=0 duration=80 cnt=5 energy_uJ=2735615007
cc=cubic mtu=9000 bitrate=4 n_core=0 duration=80 cnt=6 energy_uJ=2756277673
cc=cubic mtu=9000 bitrate=4 n_core=0 duration=80 cnt=7 energy_uJ=2807051042
cc=cubic mtu=9000 bitrate=4 n_core=0 duration=80 cnt=8 energy_uJ=2717984192
cc=cubic mtu=9000 bitrate=4 n_core=0 duration=80 cnt=9 energy_uJ=2677499493
cc=cubic mtu=9000 bitrate=4 n_core=0 duration=80 cnt=10 energy_uJ=2711834855
cc=cubic mtu=9000 bitrate=4 n_core=0 duration=90 cnt=1 energy_uJ=3033247667
cc=cubic mtu=9000 bitrate=4 n_core=0 duration=90 cnt=2 energy_uJ=3017438076
cc=cubic mtu=9000 bitrate=4 n_core=0 duration=90 cnt=3 energy_uJ=3039397004
cc=cubic mtu=9000 bitrate=4 n_core=0 duration=90 cnt=4 energy_uJ=2972039145
cc=cubic mtu=9000 bitrate=4 n_core=0 duration=90 cnt=5 energy_uJ=3047785471
cc=cubic mtu=9000 bitrate=4 n_core=0 duration=90 cnt=6 energy_uJ=2994159266
cc=cubic mtu=9000 bitrate=4 n_core=0 duration=90 cnt=7 energy_uJ=2976447947
cc=cubic mtu=9000 bitrate=4 n_core=0 duration=90 cnt=8 energy_uJ=2995751424
cc=cubic mtu=9000 bitrate=4 n_core=0 duration=90 cnt=9 energy_uJ=3058450605
cc=cubic mtu=9000 bitrate=4 n_core=0 duration=90 cnt=10 energy_uJ=2983602531
cc=cubic mtu=9000 bitrate=4 n_core=0 duration=100 cnt=1 energy_uJ=3320699263
cc=cubic mtu=9000 bitrate=4 n_core=0 duration=100 cnt=2 energy_uJ=3304708763
cc=cubic mtu=9000 bitrate=4 n_core=0 duration=100 cnt=3 energy_uJ=3347745640
cc=cubic mtu=9000 bitrate=4 n_core=0 duration=100 cnt=4 energy_uJ=3352990928
cc=cubic mtu=9000 bitrate=4 n_core=0 duration=100 cnt=5 energy_uJ=3406368843
cc=cubic mtu=9000 bitrate=4 n_core=0 duration=100 cnt=6 energy_uJ=3379083269
cc=cubic mtu=9000 bitrate=4 n_core=0 duration=100 cnt=7 energy_uJ=3427432022
cc=cubic mtu=9000 bitrate=4 n_core=0 duration=100 cnt=8 energy_uJ=3325725678
cc=cubic mtu=9000 bitrate=4 n_core=0 duration=100 cnt=9 energy_uJ=3357950449
cc=cubic mtu=9000 bitrate=4 n_core=0 duration=100 cnt=10 energy_uJ=3447487817
cc=cubic mtu=9000 bitrate=5 n_core=0 duration=10 cnt=1 energy_uJ=339525193
cc=cubic mtu=9000 bitrate=5 n_core=0 duration=10 cnt=2 energy_uJ=344979586
cc=cubic mtu=9000 bitrate=5 n_core=0 duration=10 cnt=3 energy_uJ=357148683
cc=cubic mtu=9000 bitrate=5 n_core=0 duration=10 cnt=4 energy_uJ=343555884
cc=cubic mtu=9000 bitrate=5 n_core=0 duration=10 cnt=5 energy_uJ=338044300
cc=cubic mtu=9000 bitrate=5 n_core=0 duration=10 cnt=6 energy_uJ=344150547
cc=cubic mtu=9000 bitrate=5 n_core=0 duration=10 cnt=7 energy_uJ=355170905
cc=cubic mtu=9000 bitrate=5 n_core=0 duration=10 cnt=8 energy_uJ=337041802
cc=cubic mtu=9000 bitrate=5 n_core=0 duration=10 cnt=9 energy_uJ=338843555
cc=cubic mtu=9000 bitrate=5 n_core=0 duration=10 cnt=10 energy_uJ=341024700
cc=cubic mtu=9000 bitrate=5 n_core=0 duration=20 cnt=1 energy_uJ=686181593
cc=cubic mtu=9000 bitrate=5 n_core=0 duration=20 cnt=2 energy_uJ=686906322
cc=cubic mtu=9000 bitrate=5 n_core=0 duration=20 cnt=3 energy_uJ=678013584
cc=cubic mtu=9000 bitrate=5 n_core=0 duration=20 cnt=4 energy_uJ=680765896
cc=cubic mtu=9000 bitrate=5 n_core=0 duration=20 cnt=5 energy_uJ=692149351
cc=cubic mtu=9000 bitrate=5 n_core=0 duration=20 cnt=6 energy_uJ=691981201
cc=cubic mtu=9000 bitrate=5 n_core=0 duration=20 cnt=7 energy_uJ=678954011
cc=cubic mtu=9000 bitrate=5 n_core=0 duration=20 cnt=8 energy_uJ=672143788
cc=cubic mtu=9000 bitrate=5 n_core=0 duration=20 cnt=9 energy_uJ=686380262
cc=cubic mtu=9000 bitrate=5 n_core=0 duration=20 cnt=10 energy_uJ=681978357
cc=cubic mtu=9000 bitrate=5 n_core=0 duration=30 cnt=1 energy_uJ=1025393860
cc=cubic mtu=9000 bitrate=5 n_core=0 duration=30 cnt=2 energy_uJ=1045107615
cc=cubic mtu=9000 bitrate=5 n_core=0 duration=30 cnt=3 energy_uJ=1032462629
cc=cubic mtu=9000 bitrate=5 n_core=0 duration=30 cnt=4 energy_uJ=1034635534
cc=cubic mtu=9000 bitrate=5 n_core=0 duration=30 cnt=5 energy_uJ=1023004949
cc=cubic mtu=9000 bitrate=5 n_core=0 duration=30 cnt=6 energy_uJ=1162375075
cc=cubic mtu=9000 bitrate=5 n_core=0 duration=30 cnt=7 energy_uJ=1039580530
cc=cubic mtu=9000 bitrate=5 n_core=0 duration=30 cnt=8 energy_uJ=1025668945
cc=cubic mtu=9000 bitrate=5 n_core=0 duration=30 cnt=9 energy_uJ=1062256314
cc=cubic mtu=9000 bitrate=5 n_core=0 duration=30 cnt=10 energy_uJ=1027498896
cc=cubic mtu=9000 bitrate=5 n_core=0 duration=40 cnt=1 energy_uJ=1371159942
cc=cubic mtu=9000 bitrate=5 n_core=0 duration=40 cnt=2 energy_uJ=1358850220
cc=cubic mtu=9000 bitrate=5 n_core=0 duration=40 cnt=3 energy_uJ=1379332712
cc=cubic mtu=9000 bitrate=5 n_core=0 duration=40 cnt=4 energy_uJ=1375614826
cc=cubic mtu=9000 bitrate=5 n_core=0 duration=40 cnt=5 energy_uJ=1357872866
cc=cubic mtu=9000 bitrate=5 n_core=0 duration=40 cnt=6 energy_uJ=1358043521
cc=cubic mtu=9000 bitrate=5 n_core=0 duration=40 cnt=7 energy_uJ=1372048489
cc=cubic mtu=9000 bitrate=5 n_core=0 duration=40 cnt=8 energy_uJ=1493646810
cc=cubic mtu=9000 bitrate=5 n_core=0 duration=40 cnt=9 energy_uJ=1367216226
cc=cubic mtu=9000 bitrate=5 n_core=0 duration=40 cnt=10 energy_uJ=1345275853
cc=cubic mtu=9000 bitrate=5 n_core=0 duration=50 cnt=1 energy_uJ=1713298653
cc=cubic mtu=9000 bitrate=5 n_core=0 duration=50 cnt=2 energy_uJ=1709222004
cc=cubic mtu=9000 bitrate=5 n_core=0 duration=50 cnt=3 energy_uJ=1702293921
cc=cubic mtu=9000 bitrate=5 n_core=0 duration=50 cnt=4 energy_uJ=1668716797
cc=cubic mtu=9000 bitrate=5 n_core=0 duration=50 cnt=5 energy_uJ=1718690487
cc=cubic mtu=9000 bitrate=5 n_core=0 duration=50 cnt=6 energy_uJ=1742114436
cc=cubic mtu=9000 bitrate=5 n_core=0 duration=50 cnt=7 energy_uJ=1731351159
cc=cubic mtu=9000 bitrate=5 n_core=0 duration=50 cnt=8 energy_uJ=1681652067
cc=cubic mtu=9000 bitrate=5 n_core=0 duration=50 cnt=9 energy_uJ=1702393103
cc=cubic mtu=9000 bitrate=5 n_core=0 duration=50 cnt=10 energy_uJ=1757197589
cc=cubic mtu=9000 bitrate=5 n_core=0 duration=60 cnt=1 energy_uJ=2140594801
cc=cubic mtu=9000 bitrate=5 n_core=0 duration=60 cnt=2 energy_uJ=2167370428
cc=cubic mtu=9000 bitrate=5 n_core=0 duration=60 cnt=3 energy_uJ=2059579445
cc=cubic mtu=9000 bitrate=5 n_core=0 duration=60 cnt=4 energy_uJ=2056191331
cc=cubic mtu=9000 bitrate=5 n_core=0 duration=60 cnt=5 energy_uJ=2025681460
cc=cubic mtu=9000 bitrate=5 n_core=0 duration=60 cnt=6 energy_uJ=2120993471
cc=cubic mtu=9000 bitrate=5 n_core=0 duration=60 cnt=7 energy_uJ=1995248005
cc=cubic mtu=9000 bitrate=5 n_core=0 duration=60 cnt=8 energy_uJ=1990369660
cc=cubic mtu=9000 bitrate=5 n_core=0 duration=60 cnt=9 energy_uJ=2005523919
cc=cubic mtu=9000 bitrate=5 n_core=0 duration=60 cnt=10 energy_uJ=2081132490
cc=cubic mtu=9000 bitrate=5 n_core=0 duration=70 cnt=1 energy_uJ=2500397529
cc=cubic mtu=9000 bitrate=5 n_core=0 duration=70 cnt=2 energy_uJ=2366998823
cc=cubic mtu=9000 bitrate=5 n_core=0 duration=70 cnt=3 energy_uJ=2383431521
cc=cubic mtu=9000 bitrate=5 n_core=0 duration=70 cnt=4 energy_uJ=2335123905
cc=cubic mtu=9000 bitrate=5 n_core=0 duration=70 cnt=5 energy_uJ=2370811192
cc=cubic mtu=9000 bitrate=5 n_core=0 duration=70 cnt=6 energy_uJ=2415393475
cc=cubic mtu=9000 bitrate=5 n_core=0 duration=70 cnt=7 energy_uJ=2393076209
cc=cubic mtu=9000 bitrate=5 n_core=0 duration=70 cnt=8 energy_uJ=2393264564
cc=cubic mtu=9000 bitrate=5 n_core=0 duration=70 cnt=9 energy_uJ=2406825564
cc=cubic mtu=9000 bitrate=5 n_core=0 duration=70 cnt=10 energy_uJ=2374771630
cc=cubic mtu=9000 bitrate=5 n_core=0 duration=80 cnt=1 energy_uJ=2732946678
cc=cubic mtu=9000 bitrate=5 n_core=0 duration=80 cnt=2 energy_uJ=2730968716
cc=cubic mtu=9000 bitrate=5 n_core=0 duration=80 cnt=3 energy_uJ=2734641437
cc=cubic mtu=9000 bitrate=5 n_core=0 duration=80 cnt=4 energy_uJ=2723527269
cc=cubic mtu=9000 bitrate=5 n_core=0 duration=80 cnt=5 energy_uJ=2790248411
cc=cubic mtu=9000 bitrate=5 n_core=0 duration=80 cnt=6 energy_uJ=2732762109
cc=cubic mtu=9000 bitrate=5 n_core=0 duration=80 cnt=7 energy_uJ=2767552365
cc=cubic mtu=9000 bitrate=5 n_core=0 duration=80 cnt=8 energy_uJ=2749527324
cc=cubic mtu=9000 bitrate=5 n_core=0 duration=80 cnt=9 energy_uJ=2738735176
cc=cubic mtu=9000 bitrate=5 n_core=0 duration=80 cnt=10 energy_uJ=-259391716388
cc=cubic mtu=9000 bitrate=5 n_core=0 duration=90 cnt=1 energy_uJ=3098077823
cc=cubic mtu=9000 bitrate=5 n_core=0 duration=90 cnt=2 energy_uJ=3083751322
cc=cubic mtu=9000 bitrate=5 n_core=0 duration=90 cnt=3 energy_uJ=3010103072
cc=cubic mtu=9000 bitrate=5 n_core=0 duration=90 cnt=4 energy_uJ=3232680140
cc=cubic mtu=9000 bitrate=5 n_core=0 duration=90 cnt=5 energy_uJ=2975794323
cc=cubic mtu=9000 bitrate=5 n_core=0 duration=90 cnt=6 energy_uJ=3028334104
cc=cubic mtu=9000 bitrate=5 n_core=0 duration=90 cnt=7 energy_uJ=3067664266
cc=cubic mtu=9000 bitrate=5 n_core=0 duration=90 cnt=8 energy_uJ=3030645806
cc=cubic mtu=9000 bitrate=5 n_core=0 duration=90 cnt=9 energy_uJ=3057625778
cc=cubic mtu=9000 bitrate=5 n_core=0 duration=90 cnt=10 energy_uJ=3150265801
cc=cubic mtu=9000 bitrate=5 n_core=0 duration=100 cnt=1 energy_uJ=3402191669
cc=cubic mtu=9000 bitrate=5 n_core=0 duration=100 cnt=2 energy_uJ=3429195139
cc=cubic mtu=9000 bitrate=5 n_core=0 duration=100 cnt=3 energy_uJ=3453471750
cc=cubic mtu=9000 bitrate=5 n_core=0 duration=100 cnt=4 energy_uJ=3459523248
cc=cubic mtu=9000 bitrate=5 n_core=0 duration=100 cnt=5 energy_uJ=3476028332
cc=cubic mtu=9000 bitrate=5 n_core=0 duration=100 cnt=6 energy_uJ=3364006281
cc=cubic mtu=9000 bitrate=5 n_core=0 duration=100 cnt=7 energy_uJ=3376887107
cc=cubic mtu=9000 bitrate=5 n_core=0 duration=100 cnt=8 energy_uJ=3425668172
cc=cubic mtu=9000 bitrate=5 n_core=0 duration=100 cnt=9 energy_uJ=3323205299
cc=cubic mtu=9000 bitrate=5 n_core=0 duration=100 cnt=10 energy_uJ=3402812395
cc=cubic mtu=9000 bitrate=6 n_core=0 duration=10 cnt=1 energy_uJ=350433063
cc=cubic mtu=9000 bitrate=6 n_core=0 duration=10 cnt=2 energy_uJ=359030636
cc=cubic mtu=9000 bitrate=6 n_core=0 duration=10 cnt=3 energy_uJ=351796524
cc=cubic mtu=9000 bitrate=6 n_core=0 duration=10 cnt=4 energy_uJ=354831855
cc=cubic mtu=9000 bitrate=6 n_core=0 duration=10 cnt=5 energy_uJ=355613104
cc=cubic mtu=9000 bitrate=6 n_core=0 duration=10 cnt=6 energy_uJ=352355727
cc=cubic mtu=9000 bitrate=6 n_core=0 duration=10 cnt=7 energy_uJ=341680400
cc=cubic mtu=9000 bitrate=6 n_core=0 duration=10 cnt=8 energy_uJ=354816657
cc=cubic mtu=9000 bitrate=6 n_core=0 duration=10 cnt=9 energy_uJ=355069952
cc=cubic mtu=9000 bitrate=6 n_core=0 duration=10 cnt=10 energy_uJ=344014256
cc=cubic mtu=9000 bitrate=6 n_core=0 duration=20 cnt=1 energy_uJ=709834181
cc=cubic mtu=9000 bitrate=6 n_core=0 duration=20 cnt=2 energy_uJ=691059144
cc=cubic mtu=9000 bitrate=6 n_core=0 duration=20 cnt=3 energy_uJ=696524950
cc=cubic mtu=9000 bitrate=6 n_core=0 duration=20 cnt=4 energy_uJ=685824294
cc=cubic mtu=9000 bitrate=6 n_core=0 duration=20 cnt=5 energy_uJ=699971780
cc=cubic mtu=9000 bitrate=6 n_core=0 duration=20 cnt=6 energy_uJ=687916452
cc=cubic mtu=9000 bitrate=6 n_core=0 duration=20 cnt=7 energy_uJ=689279913
cc=cubic mtu=9000 bitrate=6 n_core=0 duration=20 cnt=8 energy_uJ=728218046
cc=cubic mtu=9000 bitrate=6 n_core=0 duration=20 cnt=9 energy_uJ=704840359
cc=cubic mtu=9000 bitrate=6 n_core=0 duration=20 cnt=10 energy_uJ=702936738
cc=cubic mtu=9000 bitrate=6 n_core=0 duration=30 cnt=1 energy_uJ=1125798204
cc=cubic mtu=9000 bitrate=6 n_core=0 duration=30 cnt=2 energy_uJ=1019910292
cc=cubic mtu=9000 bitrate=6 n_core=0 duration=30 cnt=3 energy_uJ=1157236845
cc=cubic mtu=9000 bitrate=6 n_core=0 duration=30 cnt=4 energy_uJ=1040647665
cc=cubic mtu=9000 bitrate=6 n_core=0 duration=30 cnt=5 energy_uJ=1027501154
cc=cubic mtu=9000 bitrate=6 n_core=0 duration=30 cnt=6 energy_uJ=1033959634
cc=cubic mtu=9000 bitrate=6 n_core=0 duration=30 cnt=7 energy_uJ=1060687348
cc=cubic mtu=9000 bitrate=6 n_core=0 duration=30 cnt=8 energy_uJ=1048098147
cc=cubic mtu=9000 bitrate=6 n_core=0 duration=30 cnt=9 energy_uJ=1035858737
cc=cubic mtu=9000 bitrate=6 n_core=0 duration=30 cnt=10 energy_uJ=1058745947
cc=cubic mtu=9000 bitrate=6 n_core=0 duration=40 cnt=1 energy_uJ=1395826260
cc=cubic mtu=9000 bitrate=6 n_core=0 duration=40 cnt=2 energy_uJ=1406471498
cc=cubic mtu=9000 bitrate=6 n_core=0 duration=40 cnt=3 energy_uJ=1378891916
cc=cubic mtu=9000 bitrate=6 n_core=0 duration=40 cnt=4 energy_uJ=1367226846
cc=cubic mtu=9000 bitrate=6 n_core=0 duration=40 cnt=5 energy_uJ=1351539509
cc=cubic mtu=9000 bitrate=6 n_core=0 duration=40 cnt=6 energy_uJ=1455206357
cc=cubic mtu=9000 bitrate=6 n_core=0 duration=40 cnt=7 energy_uJ=1370957794
cc=cubic mtu=9000 bitrate=6 n_core=0 duration=40 cnt=8 energy_uJ=1361517024
cc=cubic mtu=9000 bitrate=6 n_core=0 duration=40 cnt=9 energy_uJ=1351548237
cc=cubic mtu=9000 bitrate=6 n_core=0 duration=40 cnt=10 energy_uJ=1452650761
cc=cubic mtu=9000 bitrate=6 n_core=0 duration=50 cnt=1 energy_uJ=1718669551
cc=cubic mtu=9000 bitrate=6 n_core=0 duration=50 cnt=2 energy_uJ=1734782973
cc=cubic mtu=9000 bitrate=6 n_core=0 duration=50 cnt=3 energy_uJ=1769443713
cc=cubic mtu=9000 bitrate=6 n_core=0 duration=50 cnt=4 energy_uJ=1755721031
cc=cubic mtu=9000 bitrate=6 n_core=0 duration=50 cnt=5 energy_uJ=1745975267
cc=cubic mtu=9000 bitrate=6 n_core=0 duration=50 cnt=6 energy_uJ=1735407423
cc=cubic mtu=9000 bitrate=6 n_core=0 duration=50 cnt=7 energy_uJ=1767633475
cc=cubic mtu=9000 bitrate=6 n_core=0 duration=50 cnt=8 energy_uJ=1709303181
cc=cubic mtu=9000 bitrate=6 n_core=0 duration=50 cnt=9 energy_uJ=1735454726
cc=cubic mtu=9000 bitrate=6 n_core=0 duration=50 cnt=10 energy_uJ=1738742314
cc=cubic mtu=9000 bitrate=6 n_core=0 duration=60 cnt=1 energy_uJ=2105810894
cc=cubic mtu=9000 bitrate=6 n_core=0 duration=60 cnt=2 energy_uJ=2070700448
cc=cubic mtu=9000 bitrate=6 n_core=0 duration=60 cnt=3 energy_uJ=2071962834
cc=cubic mtu=9000 bitrate=6 n_core=0 duration=60 cnt=4 energy_uJ=2053584892
cc=cubic mtu=9000 bitrate=6 n_core=0 duration=60 cnt=5 energy_uJ=2291970940
cc=cubic mtu=9000 bitrate=6 n_core=0 duration=60 cnt=6 energy_uJ=2113765828
cc=cubic mtu=9000 bitrate=6 n_core=0 duration=60 cnt=7 energy_uJ=2097960633
cc=cubic mtu=9000 bitrate=6 n_core=0 duration=60 cnt=8 energy_uJ=2169039186
cc=cubic mtu=9000 bitrate=6 n_core=0 duration=60 cnt=9 energy_uJ=2066107504
cc=cubic mtu=9000 bitrate=6 n_core=0 duration=60 cnt=10 energy_uJ=2042705891
cc=cubic mtu=9000 bitrate=6 n_core=0 duration=70 cnt=1 energy_uJ=2553180660
cc=cubic mtu=9000 bitrate=6 n_core=0 duration=70 cnt=2 energy_uJ=2495367514
cc=cubic mtu=9000 bitrate=6 n_core=0 duration=70 cnt=3 energy_uJ=2471071922
cc=cubic mtu=9000 bitrate=6 n_core=0 duration=70 cnt=4 energy_uJ=2631123758
cc=cubic mtu=9000 bitrate=6 n_core=0 duration=70 cnt=5 energy_uJ=2433272213
cc=cubic mtu=9000 bitrate=6 n_core=0 duration=70 cnt=6 energy_uJ=2468097259
cc=cubic mtu=9000 bitrate=6 n_core=0 duration=70 cnt=7 energy_uJ=2433375240
cc=cubic mtu=9000 bitrate=6 n_core=0 duration=70 cnt=8 energy_uJ=2431585450
cc=cubic mtu=9000 bitrate=6 n_core=0 duration=70 cnt=9 energy_uJ=2408905089
cc=cubic mtu=9000 bitrate=6 n_core=0 duration=70 cnt=10 energy_uJ=2437719589
cc=cubic mtu=9000 bitrate=6 n_core=0 duration=80 cnt=1 energy_uJ=2763806402
cc=cubic mtu=9000 bitrate=6 n_core=0 duration=80 cnt=2 energy_uJ=2799719579
cc=cubic mtu=9000 bitrate=6 n_core=0 duration=80 cnt=3 energy_uJ=2813086916
cc=cubic mtu=9000 bitrate=6 n_core=0 duration=80 cnt=4 energy_uJ=2779126247
cc=cubic mtu=9000 bitrate=6 n_core=0 duration=80 cnt=5 energy_uJ=2930938115
cc=cubic mtu=9000 bitrate=6 n_core=0 duration=80 cnt=6 energy_uJ=2737602549
cc=cubic mtu=9000 bitrate=6 n_core=0 duration=80 cnt=7 energy_uJ=2836783998
cc=cubic mtu=9000 bitrate=6 n_core=0 duration=80 cnt=8 energy_uJ=2782609820
cc=cubic mtu=9000 bitrate=6 n_core=0 duration=80 cnt=9 energy_uJ=2749261577
cc=cubic mtu=9000 bitrate=6 n_core=0 duration=80 cnt=10 energy_uJ=2723332078
cc=cubic mtu=9000 bitrate=6 n_core=0 duration=90 cnt=1 energy_uJ=3152262316
cc=cubic mtu=9000 bitrate=6 n_core=0 duration=90 cnt=2 energy_uJ=3103516714
cc=cubic mtu=9000 bitrate=6 n_core=0 duration=90 cnt=3 energy_uJ=3129404769
cc=cubic mtu=9000 bitrate=6 n_core=0 duration=90 cnt=4 energy_uJ=3091188986
cc=cubic mtu=9000 bitrate=6 n_core=0 duration=90 cnt=5 energy_uJ=3204914647
cc=cubic mtu=9000 bitrate=6 n_core=0 duration=90 cnt=6 energy_uJ=3083408488
cc=cubic mtu=9000 bitrate=6 n_core=0 duration=90 cnt=7 energy_uJ=3055079276
cc=cubic mtu=9000 bitrate=6 n_core=0 duration=90 cnt=8 energy_uJ=3288427800
cc=cubic mtu=9000 bitrate=6 n_core=0 duration=90 cnt=9 energy_uJ=3119765634
cc=cubic mtu=9000 bitrate=6 n_core=0 duration=90 cnt=10 energy_uJ=3044223042
cc=cubic mtu=9000 bitrate=6 n_core=0 duration=100 cnt=1 energy_uJ=3415986006
cc=cubic mtu=9000 bitrate=6 n_core=0 duration=100 cnt=2 energy_uJ=3416031904
cc=cubic mtu=9000 bitrate=6 n_core=0 duration=100 cnt=3 energy_uJ=3491636204
cc=cubic mtu=9000 bitrate=6 n_core=0 duration=100 cnt=4 energy_uJ=3364536064
cc=cubic mtu=9000 bitrate=6 n_core=0 duration=100 cnt=5 energy_uJ=3377230307
cc=cubic mtu=9000 bitrate=6 n_core=0 duration=100 cnt=6 energy_uJ=3406020821
cc=cubic mtu=9000 bitrate=6 n_core=0 duration=100 cnt=7 energy_uJ=3562105444
cc=cubic mtu=9000 bitrate=6 n_core=0 duration=100 cnt=8 energy_uJ=3405459543
cc=cubic mtu=9000 bitrate=6 n_core=0 duration=100 cnt=9 energy_uJ=3433447326
cc=cubic mtu=9000 bitrate=6 n_core=0 duration=100 cnt=10 energy_uJ=3529603025
cc=cubic mtu=9000 bitrate=7 n_core=0 duration=10 cnt=1 energy_uJ=343548375
cc=cubic mtu=9000 bitrate=7 n_core=0 duration=10 cnt=2 energy_uJ=349881550
cc=cubic mtu=9000 bitrate=7 n_core=0 duration=10 cnt=3 energy_uJ=340544111
cc=cubic mtu=9000 bitrate=7 n_core=0 duration=10 cnt=4 energy_uJ=344963167
cc=cubic mtu=9000 bitrate=7 n_core=0 duration=10 cnt=5 energy_uJ=349843099
cc=cubic mtu=9000 bitrate=7 n_core=0 duration=10 cnt=6 energy_uJ=342915320
cc=cubic mtu=9000 bitrate=7 n_core=0 duration=10 cnt=7 energy_uJ=344007543
cc=cubic mtu=9000 bitrate=7 n_core=0 duration=10 cnt=8 energy_uJ=347176539
cc=cubic mtu=9000 bitrate=7 n_core=0 duration=10 cnt=9 energy_uJ=345704498
cc=cubic mtu=9000 bitrate=7 n_core=0 duration=10 cnt=10 energy_uJ=349226401
cc=cubic mtu=9000 bitrate=7 n_core=0 duration=20 cnt=1 energy_uJ=824720057
cc=cubic mtu=9000 bitrate=7 n_core=0 duration=20 cnt=2 energy_uJ=682403954
cc=cubic mtu=9000 bitrate=7 n_core=0 duration=20 cnt=3 energy_uJ=710977306
cc=cubic mtu=9000 bitrate=7 n_core=0 duration=20 cnt=4 energy_uJ=741840752
cc=cubic mtu=9000 bitrate=7 n_core=0 duration=20 cnt=5 energy_uJ=706052026
cc=cubic mtu=9000 bitrate=7 n_core=0 duration=20 cnt=6 energy_uJ=711443429
cc=cubic mtu=9000 bitrate=7 n_core=0 duration=20 cnt=7 energy_uJ=709307511
cc=cubic mtu=9000 bitrate=7 n_core=0 duration=20 cnt=8 energy_uJ=715319031
cc=cubic mtu=9000 bitrate=7 n_core=0 duration=20 cnt=9 energy_uJ=714686463
cc=cubic mtu=9000 bitrate=7 n_core=0 duration=20 cnt=10 energy_uJ=703716888
cc=cubic mtu=9000 bitrate=7 n_core=0 duration=30 cnt=1 energy_uJ=1069376718
cc=cubic mtu=9000 bitrate=7 n_core=0 duration=30 cnt=2 energy_uJ=1074004147
cc=cubic mtu=9000 bitrate=7 n_core=0 duration=30 cnt=3 energy_uJ=1067218826
cc=cubic mtu=9000 bitrate=7 n_core=0 duration=30 cnt=4 energy_uJ=1065183430
cc=cubic mtu=9000 bitrate=7 n_core=0 duration=30 cnt=5 energy_uJ=1065355488
cc=cubic mtu=9000 bitrate=7 n_core=0 duration=30 cnt=6 energy_uJ=1046773870
cc=cubic mtu=9000 bitrate=7 n_core=0 duration=30 cnt=7 energy_uJ=1072539491
cc=cubic mtu=9000 bitrate=7 n_core=0 duration=30 cnt=8 energy_uJ=1054994736
cc=cubic mtu=9000 bitrate=7 n_core=0 duration=30 cnt=9 energy_uJ=1143963257
cc=cubic mtu=9000 bitrate=7 n_core=0 duration=30 cnt=10 energy_uJ=1070368660
cc=cubic mtu=9000 bitrate=7 n_core=0 duration=40 cnt=1 energy_uJ=1425820996
cc=cubic mtu=9000 bitrate=7 n_core=0 duration=40 cnt=2 energy_uJ=1412261583
cc=cubic mtu=9000 bitrate=7 n_core=0 duration=40 cnt=3 energy_uJ=1424812514
cc=cubic mtu=9000 bitrate=7 n_core=0 duration=40 cnt=4 energy_uJ=1476758488
cc=cubic mtu=9000 bitrate=7 n_core=0 duration=40 cnt=5 energy_uJ=-260741858316
cc=cubic mtu=9000 bitrate=7 n_core=0 duration=40 cnt=6 energy_uJ=1385249506
cc=cubic mtu=9000 bitrate=7 n_core=0 duration=40 cnt=7 energy_uJ=1383709898
cc=cubic mtu=9000 bitrate=7 n_core=0 duration=40 cnt=8 energy_uJ=1434443105
cc=cubic mtu=9000 bitrate=7 n_core=0 duration=40 cnt=9 energy_uJ=1392865696
cc=cubic mtu=9000 bitrate=7 n_core=0 duration=40 cnt=10 energy_uJ=1465261385
cc=cubic mtu=9000 bitrate=7 n_core=0 duration=50 cnt=1 energy_uJ=1783678478
cc=cubic mtu=9000 bitrate=7 n_core=0 duration=50 cnt=2 energy_uJ=1794166000
cc=cubic mtu=9000 bitrate=7 n_core=0 duration=50 cnt=3 energy_uJ=1771001264
cc=cubic mtu=9000 bitrate=7 n_core=0 duration=50 cnt=4 energy_uJ=1773448157
cc=cubic mtu=9000 bitrate=7 n_core=0 duration=50 cnt=5 energy_uJ=1765712398
cc=cubic mtu=9000 bitrate=7 n_core=0 duration=50 cnt=6 energy_uJ=1825328762
cc=cubic mtu=9000 bitrate=7 n_core=0 duration=50 cnt=7 energy_uJ=1760912851
cc=cubic mtu=9000 bitrate=7 n_core=0 duration=50 cnt=8 energy_uJ=1824481292
cc=cubic mtu=9000 bitrate=7 n_core=0 duration=50 cnt=9 energy_uJ=1748991494
cc=cubic mtu=9000 bitrate=7 n_core=0 duration=50 cnt=10 energy_uJ=1771505657
cc=cubic mtu=9000 bitrate=7 n_core=0 duration=60 cnt=1 energy_uJ=2111908594
cc=cubic mtu=9000 bitrate=7 n_core=0 duration=60 cnt=2 energy_uJ=2137114524
cc=cubic mtu=9000 bitrate=7 n_core=0 duration=60 cnt=3 energy_uJ=2129581157
cc=cubic mtu=9000 bitrate=7 n_core=0 duration=60 cnt=4 energy_uJ=2123392269
cc=cubic mtu=9000 bitrate=7 n_core=0 duration=60 cnt=5 energy_uJ=2104545821
cc=cubic mtu=9000 bitrate=7 n_core=0 duration=60 cnt=6 energy_uJ=2147306759
cc=cubic mtu=9000 bitrate=7 n_core=0 duration=60 cnt=7 energy_uJ=2238957708
cc=cubic mtu=9000 bitrate=7 n_core=0 duration=60 cnt=8 energy_uJ=2196350823
cc=cubic mtu=9000 bitrate=7 n_core=0 duration=60 cnt=9 energy_uJ=2130909400
cc=cubic mtu=9000 bitrate=7 n_core=0 duration=60 cnt=10 energy_uJ=2081923259
cc=cubic mtu=9000 bitrate=7 n_core=0 duration=70 cnt=1 energy_uJ=2422045557
cc=cubic mtu=9000 bitrate=7 n_core=0 duration=70 cnt=2 energy_uJ=2516567898
cc=cubic mtu=9000 bitrate=7 n_core=0 duration=70 cnt=3 energy_uJ=2478261660
cc=cubic mtu=9000 bitrate=7 n_core=0 duration=70 cnt=4 energy_uJ=2441872960
cc=cubic mtu=9000 bitrate=7 n_core=0 duration=70 cnt=5 energy_uJ=2516929165
cc=cubic mtu=9000 bitrate=7 n_core=0 duration=70 cnt=6 energy_uJ=2516335294
cc=cubic mtu=9000 bitrate=7 n_core=0 duration=70 cnt=7 energy_uJ=2490596163
cc=cubic mtu=9000 bitrate=7 n_core=0 duration=70 cnt=8 energy_uJ=2555961230
cc=cubic mtu=9000 bitrate=7 n_core=0 duration=70 cnt=9 energy_uJ=2472657977
cc=cubic mtu=9000 bitrate=7 n_core=0 duration=70 cnt=10 energy_uJ=2448046712
cc=cubic mtu=9000 bitrate=7 n_core=0 duration=80 cnt=1 energy_uJ=2731642238
cc=cubic mtu=9000 bitrate=7 n_core=0 duration=80 cnt=2 energy_uJ=2874765529
cc=cubic mtu=9000 bitrate=7 n_core=0 duration=80 cnt=3 energy_uJ=2871967685
cc=cubic mtu=9000 bitrate=7 n_core=0 duration=80 cnt=4 energy_uJ=2799121252
cc=cubic mtu=9000 bitrate=7 n_core=0 duration=80 cnt=5 energy_uJ=2806129413
cc=cubic mtu=9000 bitrate=7 n_core=0 duration=80 cnt=6 energy_uJ=2865559559
cc=cubic mtu=9000 bitrate=7 n_core=0 duration=80 cnt=7 energy_uJ=2845448221
cc=cubic mtu=9000 bitrate=7 n_core=0 duration=80 cnt=8 energy_uJ=2812475222
cc=cubic mtu=9000 bitrate=7 n_core=0 duration=80 cnt=9 energy_uJ=2770792467
cc=cubic mtu=9000 bitrate=7 n_core=0 duration=80 cnt=10 energy_uJ=2846033242
cc=cubic mtu=9000 bitrate=7 n_core=0 duration=90 cnt=1 energy_uJ=3380404677
cc=cubic mtu=9000 bitrate=7 n_core=0 duration=90 cnt=2 energy_uJ=3110805878
cc=cubic mtu=9000 bitrate=7 n_core=0 duration=90 cnt=3 energy_uJ=3266267213
cc=cubic mtu=9000 bitrate=7 n_core=0 duration=90 cnt=4 energy_uJ=3071303050
cc=cubic mtu=9000 bitrate=7 n_core=0 duration=90 cnt=5 energy_uJ=3218444946
cc=cubic mtu=9000 bitrate=7 n_core=0 duration=90 cnt=6 energy_uJ=3219413754
cc=cubic mtu=9000 bitrate=7 n_core=0 duration=90 cnt=7 energy_uJ=3232941003
cc=cubic mtu=9000 bitrate=7 n_core=0 duration=90 cnt=8 energy_uJ=3144080147
cc=cubic mtu=9000 bitrate=7 n_core=0 duration=90 cnt=9 energy_uJ=3103450368
cc=cubic mtu=9000 bitrate=7 n_core=0 duration=90 cnt=10 energy_uJ=3191992194
cc=cubic mtu=9000 bitrate=7 n_core=0 duration=100 cnt=1 energy_uJ=3599579896
cc=cubic mtu=9000 bitrate=7 n_core=0 duration=100 cnt=2 energy_uJ=3518165249
cc=cubic mtu=9000 bitrate=7 n_core=0 duration=100 cnt=3 energy_uJ=3517114226
cc=cubic mtu=9000 bitrate=7 n_core=0 duration=100 cnt=4 energy_uJ=3654562971
cc=cubic mtu=9000 bitrate=7 n_core=0 duration=100 cnt=5 energy_uJ=3482273006
cc=cubic mtu=9000 bitrate=7 n_core=0 duration=100 cnt=6 energy_uJ=3535408491
cc=cubic mtu=9000 bitrate=7 n_core=0 duration=100 cnt=7 energy_uJ=3543753196
cc=cubic mtu=9000 bitrate=7 n_core=0 duration=100 cnt=8 energy_uJ=3668166513
cc=cubic mtu=9000 bitrate=7 n_core=0 duration=100 cnt=9 energy_uJ=3635785554
cc=cubic mtu=9000 bitrate=7 n_core=0 duration=100 cnt=10 energy_uJ=3525220467
cc=cubic mtu=9000 bitrate=8 n_core=0 duration=10 cnt=1 energy_uJ=356718875
cc=cubic mtu=9000 bitrate=8 n_core=0 duration=10 cnt=2 energy_uJ=366767311
cc=cubic mtu=9000 bitrate=8 n_core=0 duration=10 cnt=3 energy_uJ=361750355
cc=cubic mtu=9000 bitrate=8 n_core=0 duration=10 cnt=4 energy_uJ=371141872
cc=cubic mtu=9000 bitrate=8 n_core=0 duration=10 cnt=5 energy_uJ=-261715572744
cc=cubic mtu=9000 bitrate=8 n_core=0 duration=10 cnt=6 energy_uJ=356966494
cc=cubic mtu=9000 bitrate=8 n_core=0 duration=10 cnt=7 energy_uJ=363720565
cc=cubic mtu=9000 bitrate=8 n_core=0 duration=10 cnt=8 energy_uJ=354006845
cc=cubic mtu=9000 bitrate=8 n_core=0 duration=10 cnt=9 energy_uJ=356604494
cc=cubic mtu=9000 bitrate=8 n_core=0 duration=10 cnt=10 energy_uJ=350680804
cc=cubic mtu=9000 bitrate=8 n_core=0 duration=20 cnt=1 energy_uJ=708599138
cc=cubic mtu=9000 bitrate=8 n_core=0 duration=20 cnt=2 energy_uJ=721740828
cc=cubic mtu=9000 bitrate=8 n_core=0 duration=20 cnt=3 energy_uJ=727224273
cc=cubic mtu=9000 bitrate=8 n_core=0 duration=20 cnt=4 energy_uJ=739690246
cc=cubic mtu=9000 bitrate=8 n_core=0 duration=20 cnt=5 energy_uJ=700923010
cc=cubic mtu=9000 bitrate=8 n_core=0 duration=20 cnt=6 energy_uJ=767197682
cc=cubic mtu=9000 bitrate=8 n_core=0 duration=20 cnt=7 energy_uJ=728301847
cc=cubic mtu=9000 bitrate=8 n_core=0 duration=20 cnt=8 energy_uJ=743655017
cc=cubic mtu=9000 bitrate=8 n_core=0 duration=20 cnt=9 energy_uJ=700609473
cc=cubic mtu=9000 bitrate=8 n_core=0 duration=20 cnt=10 energy_uJ=730300437
cc=cubic mtu=9000 bitrate=8 n_core=0 duration=30 cnt=1 energy_uJ=1046400336
cc=cubic mtu=9000 bitrate=8 n_core=0 duration=30 cnt=2 energy_uJ=1076190787
cc=cubic mtu=9000 bitrate=8 n_core=0 duration=30 cnt=3 energy_uJ=1053272878
cc=cubic mtu=9000 bitrate=8 n_core=0 duration=30 cnt=4 energy_uJ=1077475635
cc=cubic mtu=9000 bitrate=8 n_core=0 duration=30 cnt=5 energy_uJ=1062048063
cc=cubic mtu=9000 bitrate=8 n_core=0 duration=30 cnt=6 energy_uJ=1077865955
cc=cubic mtu=9000 bitrate=8 n_core=0 duration=30 cnt=7 energy_uJ=1066842727
cc=cubic mtu=9000 bitrate=8 n_core=0 duration=30 cnt=8 energy_uJ=1069377572
cc=cubic mtu=9000 bitrate=8 n_core=0 duration=30 cnt=9 energy_uJ=1088072837
cc=cubic mtu=9000 bitrate=8 n_core=0 duration=30 cnt=10 energy_uJ=1074651363
cc=cubic mtu=9000 bitrate=8 n_core=0 duration=40 cnt=1 energy_uJ=1423671832
cc=cubic mtu=9000 bitrate=8 n_core=0 duration=40 cnt=2 energy_uJ=1502968077
cc=cubic mtu=9000 bitrate=8 n_core=0 duration=40 cnt=3 energy_uJ=1450703867
cc=cubic mtu=9000 bitrate=8 n_core=0 duration=40 cnt=4 energy_uJ=1451391669
cc=cubic mtu=9000 bitrate=8 n_core=0 duration=40 cnt=5 energy_uJ=1413835919
cc=cubic mtu=9000 bitrate=8 n_core=0 duration=40 cnt=6 energy_uJ=1463484291
cc=cubic mtu=9000 bitrate=8 n_core=0 duration=40 cnt=7 energy_uJ=1379309396
cc=cubic mtu=9000 bitrate=8 n_core=0 duration=40 cnt=8 energy_uJ=1445797080
cc=cubic mtu=9000 bitrate=8 n_core=0 duration=40 cnt=9 energy_uJ=1446420431
cc=cubic mtu=9000 bitrate=8 n_core=0 duration=40 cnt=10 energy_uJ=1449512586
cc=cubic mtu=9000 bitrate=8 n_core=0 duration=50 cnt=1 energy_uJ=1741951657
cc=cubic mtu=9000 bitrate=8 n_core=0 duration=50 cnt=2 energy_uJ=1732946186
cc=cubic mtu=9000 bitrate=8 n_core=0 duration=50 cnt=3 energy_uJ=1746146775
cc=cubic mtu=9000 bitrate=8 n_core=0 duration=50 cnt=4 energy_uJ=1817296190
cc=cubic mtu=9000 bitrate=8 n_core=0 duration=50 cnt=5 energy_uJ=1792420704
cc=cubic mtu=9000 bitrate=8 n_core=0 duration=50 cnt=6 energy_uJ=1769738999
cc=cubic mtu=9000 bitrate=8 n_core=0 duration=50 cnt=7 energy_uJ=1808021922
cc=cubic mtu=9000 bitrate=8 n_core=0 duration=50 cnt=8 energy_uJ=1799350313
cc=cubic mtu=9000 bitrate=8 n_core=0 duration=50 cnt=9 energy_uJ=1800639556
cc=cubic mtu=9000 bitrate=8 n_core=0 duration=50 cnt=10 energy_uJ=1791393730
cc=cubic mtu=9000 bitrate=8 n_core=0 duration=60 cnt=1 energy_uJ=2118096324
cc=cubic mtu=9000 bitrate=8 n_core=0 duration=60 cnt=2 energy_uJ=2099732052
cc=cubic mtu=9000 bitrate=8 n_core=0 duration=60 cnt=3 energy_uJ=2081213117
cc=cubic mtu=9000 bitrate=8 n_core=0 duration=60 cnt=4 energy_uJ=2090357320
cc=cubic mtu=9000 bitrate=8 n_core=0 duration=60 cnt=5 energy_uJ=2122281127
cc=cubic mtu=9000 bitrate=8 n_core=0 duration=60 cnt=6 energy_uJ=2079635118
cc=cubic mtu=9000 bitrate=8 n_core=0 duration=60 cnt=7 energy_uJ=2125476919
cc=cubic mtu=9000 bitrate=8 n_core=0 duration=60 cnt=8 energy_uJ=2174918015
cc=cubic mtu=9000 bitrate=8 n_core=0 duration=60 cnt=9 energy_uJ=2123010007
cc=cubic mtu=9000 bitrate=8 n_core=0 duration=60 cnt=10 energy_uJ=2147087826
cc=cubic mtu=9000 bitrate=8 n_core=0 duration=70 cnt=1 energy_uJ=2484574694
cc=cubic mtu=9000 bitrate=8 n_core=0 duration=70 cnt=2 energy_uJ=2646459229
cc=cubic mtu=9000 bitrate=8 n_core=0 duration=70 cnt=3 energy_uJ=2503207459
cc=cubic mtu=9000 bitrate=8 n_core=0 duration=70 cnt=4 energy_uJ=2541355310
cc=cubic mtu=9000 bitrate=8 n_core=0 duration=70 cnt=5 energy_uJ=2512243081
cc=cubic mtu=9000 bitrate=8 n_core=0 duration=70 cnt=6 energy_uJ=2476438789
cc=cubic mtu=9000 bitrate=8 n_core=0 duration=70 cnt=7 energy_uJ=2510302229
cc=cubic mtu=9000 bitrate=8 n_core=0 duration=70 cnt=8 energy_uJ=2492883939
cc=cubic mtu=9000 bitrate=8 n_core=0 duration=70 cnt=9 energy_uJ=2465532262
cc=cubic mtu=9000 bitrate=8 n_core=0 duration=70 cnt=10 energy_uJ=2578020867
cc=cubic mtu=9000 bitrate=8 n_core=0 duration=80 cnt=1 energy_uJ=2867735884
cc=cubic mtu=9000 bitrate=8 n_core=0 duration=80 cnt=2 energy_uJ=2808292798
cc=cubic mtu=9000 bitrate=8 n_core=0 duration=80 cnt=3 energy_uJ=2916251567
cc=cubic mtu=9000 bitrate=8 n_core=0 duration=80 cnt=4 energy_uJ=3061139931
cc=cubic mtu=9000 bitrate=8 n_core=0 duration=80 cnt=5 energy_uJ=2790139953
cc=cubic mtu=9000 bitrate=8 n_core=0 duration=80 cnt=6 energy_uJ=2823986729
cc=cubic mtu=9000 bitrate=8 n_core=0 duration=80 cnt=7 energy_uJ=2824873811
cc=cubic mtu=9000 bitrate=8 n_core=0 duration=80 cnt=8 energy_uJ=2834558477
cc=cubic mtu=9000 bitrate=8 n_core=0 duration=80 cnt=9 energy_uJ=2800643221
cc=cubic mtu=9000 bitrate=8 n_core=0 duration=80 cnt=10 energy_uJ=2891374191
cc=cubic mtu=9000 bitrate=8 n_core=0 duration=90 cnt=1 energy_uJ=3241944398
cc=cubic mtu=9000 bitrate=8 n_core=0 duration=90 cnt=2 energy_uJ=3214755992
cc=cubic mtu=9000 bitrate=8 n_core=0 duration=90 cnt=3 energy_uJ=3237697949
cc=cubic mtu=9000 bitrate=8 n_core=0 duration=90 cnt=4 energy_uJ=3229504061
cc=cubic mtu=9000 bitrate=8 n_core=0 duration=90 cnt=5 energy_uJ=3267893551
cc=cubic mtu=9000 bitrate=8 n_core=0 duration=90 cnt=6 energy_uJ=3228027869
cc=cubic mtu=9000 bitrate=8 n_core=0 duration=90 cnt=7 energy_uJ=3225053268
cc=cubic mtu=9000 bitrate=8 n_core=0 duration=90 cnt=8 energy_uJ=3210479269
cc=cubic mtu=9000 bitrate=8 n_core=0 duration=90 cnt=9 energy_uJ=3129782210
cc=cubic mtu=9000 bitrate=8 n_core=0 duration=90 cnt=10 energy_uJ=3236783035
cc=cubic mtu=9000 bitrate=8 n_core=0 duration=100 cnt=1 energy_uJ=3652919115
cc=cubic mtu=9000 bitrate=8 n_core=0 duration=100 cnt=2 energy_uJ=3667104443
cc=cubic mtu=9000 bitrate=8 n_core=0 duration=100 cnt=3 energy_uJ=3591229637
cc=cubic mtu=9000 bitrate=8 n_core=0 duration=100 cnt=4 energy_uJ=3630524031
cc=cubic mtu=9000 bitrate=8 n_core=0 duration=100 cnt=5 energy_uJ=3593904740
cc=cubic mtu=9000 bitrate=8 n_core=0 duration=100 cnt=6 energy_uJ=3485704212
cc=cubic mtu=9000 bitrate=8 n_core=0 duration=100 cnt=7 energy_uJ=3614547448
cc=cubic mtu=9000 bitrate=8 n_core=0 duration=100 cnt=8 energy_uJ=3636121246
cc=cubic mtu=9000 bitrate=8 n_core=0 duration=100 cnt=9 energy_uJ=3697829645
cc=cubic mtu=9000 bitrate=8 n_core=0 duration=100 cnt=10 energy_uJ=3543946128
cc=cubic mtu=9000 bitrate=9 n_core=0 duration=10 cnt=1 energy_uJ=361797901
cc=cubic mtu=9000 bitrate=9 n_core=0 duration=10 cnt=2 energy_uJ=358042846
cc=cubic mtu=9000 bitrate=9 n_core=0 duration=10 cnt=3 energy_uJ=370252043
cc=cubic mtu=9000 bitrate=9 n_core=0 duration=10 cnt=4 energy_uJ=358022522
cc=cubic mtu=9000 bitrate=9 n_core=0 duration=10 cnt=5 energy_uJ=362889514
cc=cubic mtu=9000 bitrate=9 n_core=0 duration=10 cnt=6 energy_uJ=356814212
cc=cubic mtu=9000 bitrate=9 n_core=0 duration=10 cnt=7 energy_uJ=371051968
cc=cubic mtu=9000 bitrate=9 n_core=0 duration=10 cnt=8 energy_uJ=357710144
cc=cubic mtu=9000 bitrate=9 n_core=0 duration=10 cnt=9 energy_uJ=356487308
cc=cubic mtu=9000 bitrate=9 n_core=0 duration=10 cnt=10 energy_uJ=356628604
cc=cubic mtu=9000 bitrate=9 n_core=0 duration=20 cnt=1 energy_uJ=741231257
cc=cubic mtu=9000 bitrate=9 n_core=0 duration=20 cnt=2 energy_uJ=711615793
cc=cubic mtu=9000 bitrate=9 n_core=0 duration=20 cnt=3 energy_uJ=726734101
cc=cubic mtu=9000 bitrate=9 n_core=0 duration=20 cnt=4 energy_uJ=740867183
cc=cubic mtu=9000 bitrate=9 n_core=0 duration=20 cnt=5 energy_uJ=719802724
cc=cubic mtu=9000 bitrate=9 n_core=0 duration=20 cnt=6 energy_uJ=733478897
cc=cubic mtu=9000 bitrate=9 n_core=0 duration=20 cnt=7 energy_uJ=767243275
cc=cubic mtu=9000 bitrate=9 n_core=0 duration=20 cnt=8 energy_uJ=739769956
cc=cubic mtu=9000 bitrate=9 n_core=0 duration=20 cnt=9 energy_uJ=735490122
cc=cubic mtu=9000 bitrate=9 n_core=0 duration=20 cnt=10 energy_uJ=709738601
cc=cubic mtu=9000 bitrate=9 n_core=0 duration=30 cnt=1 energy_uJ=1084809967
cc=cubic mtu=9000 bitrate=9 n_core=0 duration=30 cnt=2 energy_uJ=1090315934
cc=cubic mtu=9000 bitrate=9 n_core=0 duration=30 cnt=3 energy_uJ=1125229785
cc=cubic mtu=9000 bitrate=9 n_core=0 duration=30 cnt=4 energy_uJ=1047251714
cc=cubic mtu=9000 bitrate=9 n_core=0 duration=30 cnt=5 energy_uJ=1054757677
cc=cubic mtu=9000 bitrate=9 n_core=0 duration=30 cnt=6 energy_uJ=1035374852
cc=cubic mtu=9000 bitrate=9 n_core=0 duration=30 cnt=7 energy_uJ=1068451671
cc=cubic mtu=9000 bitrate=9 n_core=0 duration=30 cnt=8 energy_uJ=1152239910
cc=cubic mtu=9000 bitrate=9 n_core=0 duration=30 cnt=9 energy_uJ=1085569915
cc=cubic mtu=9000 bitrate=9 n_core=0 duration=30 cnt=10 energy_uJ=1073324767
cc=cubic mtu=9000 bitrate=9 n_core=0 duration=40 cnt=1 energy_uJ=1492777306
cc=cubic mtu=9000 bitrate=9 n_core=0 duration=40 cnt=2 energy_uJ=1398245506
cc=cubic mtu=9000 bitrate=9 n_core=0 duration=40 cnt=3 energy_uJ=1476859317
cc=cubic mtu=9000 bitrate=9 n_core=0 duration=40 cnt=4 energy_uJ=1441645967
cc=cubic mtu=9000 bitrate=9 n_core=0 duration=40 cnt=5 energy_uJ=1475732732
cc=cubic mtu=9000 bitrate=9 n_core=0 duration=40 cnt=6 energy_uJ=1583954258
cc=cubic mtu=9000 bitrate=9 n_core=0 duration=40 cnt=7 energy_uJ=1491544827
cc=cubic mtu=9000 bitrate=9 n_core=0 duration=40 cnt=8 energy_uJ=1478509398
cc=cubic mtu=9000 bitrate=9 n_core=0 duration=40 cnt=9 energy_uJ=1478433898
cc=cubic mtu=9000 bitrate=9 n_core=0 duration=40 cnt=10 energy_uJ=1462951638
cc=cubic mtu=9000 bitrate=9 n_core=0 duration=50 cnt=1 energy_uJ=1827726949
cc=cubic mtu=9000 bitrate=9 n_core=0 duration=50 cnt=2 energy_uJ=1776163177
cc=cubic mtu=9000 bitrate=9 n_core=0 duration=50 cnt=3 energy_uJ=1753790860
cc=cubic mtu=9000 bitrate=9 n_core=0 duration=50 cnt=4 energy_uJ=1760996408
cc=cubic mtu=9000 bitrate=9 n_core=0 duration=50 cnt=5 energy_uJ=1857891546
cc=cubic mtu=9000 bitrate=9 n_core=0 duration=50 cnt=6 energy_uJ=1818611128
cc=cubic mtu=9000 bitrate=9 n_core=0 duration=50 cnt=7 energy_uJ=1869151709
cc=cubic mtu=9000 bitrate=9 n_core=0 duration=50 cnt=8 energy_uJ=1839897391
cc=cubic mtu=9000 bitrate=9 n_core=0 duration=50 cnt=9 energy_uJ=1737987921
cc=cubic mtu=9000 bitrate=9 n_core=0 duration=50 cnt=10 energy_uJ=1743794181
cc=cubic mtu=9000 bitrate=9 n_core=0 duration=60 cnt=1 energy_uJ=2093531994
cc=cubic mtu=9000 bitrate=9 n_core=0 duration=60 cnt=2 energy_uJ=2257978960
cc=cubic mtu=9000 bitrate=9 n_core=0 duration=60 cnt=3 energy_uJ=2236846751
cc=cubic mtu=9000 bitrate=9 n_core=0 duration=60 cnt=4 energy_uJ=2111768031
cc=cubic mtu=9000 bitrate=9 n_core=0 duration=60 cnt=5 energy_uJ=2281491657
cc=cubic mtu=9000 bitrate=9 n_core=0 duration=60 cnt=6 energy_uJ=2198123524
cc=cubic mtu=9000 bitrate=9 n_core=0 duration=60 cnt=7 energy_uJ=2133116060
cc=cubic mtu=9000 bitrate=9 n_core=0 duration=60 cnt=8 energy_uJ=2184293664
cc=cubic mtu=9000 bitrate=9 n_core=0 duration=60 cnt=9 energy_uJ=2176046492
cc=cubic mtu=9000 bitrate=9 n_core=0 duration=60 cnt=10 energy_uJ=2240422183
cc=cubic mtu=9000 bitrate=9 n_core=0 duration=70 cnt=1 energy_uJ=2588300930
cc=cubic mtu=9000 bitrate=9 n_core=0 duration=70 cnt=2 energy_uJ=2470546715
cc=cubic mtu=9000 bitrate=9 n_core=0 duration=70 cnt=3 energy_uJ=2517943871
cc=cubic mtu=9000 bitrate=9 n_core=0 duration=70 cnt=4 energy_uJ=2765132752
cc=cubic mtu=9000 bitrate=9 n_core=0 duration=70 cnt=5 energy_uJ=2514936860
cc=cubic mtu=9000 bitrate=9 n_core=0 duration=70 cnt=6 energy_uJ=2453762334
cc=cubic mtu=9000 bitrate=9 n_core=0 duration=70 cnt=7 energy_uJ=2563630217
cc=cubic mtu=9000 bitrate=9 n_core=0 duration=70 cnt=8 energy_uJ=2586009249
cc=cubic mtu=9000 bitrate=9 n_core=0 duration=70 cnt=9 energy_uJ=2483163199
cc=cubic mtu=9000 bitrate=9 n_core=0 duration=70 cnt=10 energy_uJ=2570438000
cc=cubic mtu=9000 bitrate=9 n_core=0 duration=80 cnt=1 energy_uJ=2991667817
cc=cubic mtu=9000 bitrate=9 n_core=0 duration=80 cnt=2 energy_uJ=2870548865
cc=cubic mtu=9000 bitrate=9 n_core=0 duration=80 cnt=3 energy_uJ=2896737336
cc=cubic mtu=9000 bitrate=9 n_core=0 duration=80 cnt=4 energy_uJ=2846535926
cc=cubic mtu=9000 bitrate=9 n_core=0 duration=80 cnt=5 energy_uJ=2945814175
cc=cubic mtu=9000 bitrate=9 n_core=0 duration=80 cnt=6 energy_uJ=2957732296
cc=cubic mtu=9000 bitrate=9 n_core=0 duration=80 cnt=7 energy_uJ=3106668072
cc=cubic mtu=9000 bitrate=9 n_core=0 duration=80 cnt=8 energy_uJ=2939544843
cc=cubic mtu=9000 bitrate=9 n_core=0 duration=80 cnt=9 energy_uJ=2953320015
cc=cubic mtu=9000 bitrate=9 n_core=0 duration=80 cnt=10 energy_uJ=2932678894
cc=cubic mtu=9000 bitrate=9 n_core=0 duration=90 cnt=1 energy_uJ=3458650081
cc=cubic mtu=9000 bitrate=9 n_core=0 duration=90 cnt=2 energy_uJ=3428279493
cc=cubic mtu=9000 bitrate=9 n_core=0 duration=90 cnt=3 energy_uJ=3218534607
cc=cubic mtu=9000 bitrate=9 n_core=0 duration=90 cnt=4 energy_uJ=3338379881
cc=cubic mtu=9000 bitrate=9 n_core=0 duration=90 cnt=5 energy_uJ=3264069281
cc=cubic mtu=9000 bitrate=9 n_core=0 duration=90 cnt=6 energy_uJ=3320122115
cc=cubic mtu=9000 bitrate=9 n_core=0 duration=90 cnt=7 energy_uJ=3243716916
cc=cubic mtu=9000 bitrate=9 n_core=0 duration=90 cnt=8 energy_uJ=3329048301
cc=cubic mtu=9000 bitrate=9 n_core=0 duration=90 cnt=9 energy_uJ=3435963677
cc=cubic mtu=9000 bitrate=9 n_core=0 duration=90 cnt=10 energy_uJ=3250890726
cc=cubic mtu=9000 bitrate=9 n_core=0 duration=100 cnt=1 energy_uJ=3630643355
cc=cubic mtu=9000 bitrate=9 n_core=0 duration=100 cnt=2 energy_uJ=3634567050
cc=cubic mtu=9000 bitrate=9 n_core=0 duration=100 cnt=3 energy_uJ=3656209696
cc=cubic mtu=9000 bitrate=9 n_core=0 duration=100 cnt=4 energy_uJ=3625894160
cc=cubic mtu=9000 bitrate=9 n_core=0 duration=100 cnt=5 energy_uJ=3628454396
cc=cubic mtu=9000 bitrate=9 n_core=0 duration=100 cnt=6 energy_uJ=3676804307
cc=cubic mtu=9000 bitrate=9 n_core=0 duration=100 cnt=7 energy_uJ=3655742899
cc=cubic mtu=9000 bitrate=9 n_core=0 duration=100 cnt=8 energy_uJ=3910538024
cc=cubic mtu=9000 bitrate=9 n_core=0 duration=100 cnt=9 energy_uJ=3633516150
cc=cubic mtu=9000 bitrate=9 n_core=0 duration=100 cnt=10 energy_uJ=3706849398
cc=cubic mtu=9000 bitrate=10 n_core=0 duration=10 cnt=1 energy_uJ=361288504
cc=cubic mtu=9000 bitrate=10 n_core=0 duration=10 cnt=2 energy_uJ=370548489
cc=cubic mtu=9000 bitrate=10 n_core=0 duration=10 cnt=3 energy_uJ=364005843
cc=cubic mtu=9000 bitrate=10 n_core=0 duration=10 cnt=4 energy_uJ=415014379
cc=cubic mtu=9000 bitrate=10 n_core=0 duration=10 cnt=5 energy_uJ=360894278
cc=cubic mtu=9000 bitrate=10 n_core=0 duration=10 cnt=6 energy_uJ=355416571
cc=cubic mtu=9000 bitrate=10 n_core=0 duration=10 cnt=7 energy_uJ=361420217
cc=cubic mtu=9000 bitrate=10 n_core=0 duration=10 cnt=8 energy_uJ=364905499
cc=cubic mtu=9000 bitrate=10 n_core=0 duration=10 cnt=9 energy_uJ=361655872
cc=cubic mtu=9000 bitrate=10 n_core=0 duration=10 cnt=10 energy_uJ=364960736
cc=cubic mtu=9000 bitrate=10 n_core=0 duration=20 cnt=1 energy_uJ=726424775
cc=cubic mtu=9000 bitrate=10 n_core=0 duration=20 cnt=2 energy_uJ=711944955
cc=cubic mtu=9000 bitrate=10 n_core=0 duration=20 cnt=3 energy_uJ=732878434
cc=cubic mtu=9000 bitrate=10 n_core=0 duration=20 cnt=4 energy_uJ=717710564
cc=cubic mtu=9000 bitrate=10 n_core=0 duration=20 cnt=5 energy_uJ=722587139
cc=cubic mtu=9000 bitrate=10 n_core=0 duration=20 cnt=6 energy_uJ=714902772
cc=cubic mtu=9000 bitrate=10 n_core=0 duration=20 cnt=7 energy_uJ=728482083
cc=cubic mtu=9000 bitrate=10 n_core=0 duration=20 cnt=8 energy_uJ=702265231
cc=cubic mtu=9000 bitrate=10 n_core=0 duration=20 cnt=9 energy_uJ=715940184
cc=cubic mtu=9000 bitrate=10 n_core=0 duration=20 cnt=10 energy_uJ=716383664
cc=cubic mtu=9000 bitrate=10 n_core=0 duration=30 cnt=1 energy_uJ=1056251324
cc=cubic mtu=9000 bitrate=10 n_core=0 duration=30 cnt=2 energy_uJ=1091874585
cc=cubic mtu=9000 bitrate=10 n_core=0 duration=30 cnt=3 energy_uJ=1085284636
cc=cubic mtu=9000 bitrate=10 n_core=0 duration=30 cnt=4 energy_uJ=1089836871
cc=cubic mtu=9000 bitrate=10 n_core=0 duration=30 cnt=5 energy_uJ=1067662427
cc=cubic mtu=9000 bitrate=10 n_core=0 duration=30 cnt=6 energy_uJ=1073983213
cc=cubic mtu=9000 bitrate=10 n_core=0 duration=30 cnt=7 energy_uJ=1080090984
cc=cubic mtu=9000 bitrate=10 n_core=0 duration=30 cnt=8 energy_uJ=1057905800
cc=cubic mtu=9000 bitrate=10 n_core=0 duration=30 cnt=9 energy_uJ=1070895024
cc=cubic mtu=9000 bitrate=10 n_core=0 duration=30 cnt=10 energy_uJ=1049461730
cc=cubic mtu=9000 bitrate=10 n_core=0 duration=40 cnt=1 energy_uJ=1437687848
cc=cubic mtu=9000 bitrate=10 n_core=0 duration=40 cnt=2 energy_uJ=1454028382
cc=cubic mtu=9000 bitrate=10 n_core=0 duration=40 cnt=3 energy_uJ=1403441171
cc=cubic mtu=9000 bitrate=10 n_core=0 duration=40 cnt=4 energy_uJ=1419142790
cc=cubic mtu=9000 bitrate=10 n_core=0 duration=40 cnt=5 energy_uJ=1421308984
cc=cubic mtu=9000 bitrate=10 n_core=0 duration=40 cnt=6 energy_uJ=1424455703
cc=cubic mtu=9000 bitrate=10 n_core=0 duration=40 cnt=7 energy_uJ=1407716917
cc=cubic mtu=9000 bitrate=10 n_core=0 duration=40 cnt=8 energy_uJ=1437471174
cc=cubic mtu=9000 bitrate=10 n_core=0 duration=40 cnt=9 energy_uJ=1435616136
cc=cubic mtu=9000 bitrate=10 n_core=0 duration=40 cnt=10 energy_uJ=1439001016
cc=cubic mtu=9000 bitrate=10 n_core=0 duration=50 cnt=1 energy_uJ=1794458846
cc=cubic mtu=9000 bitrate=10 n_core=0 duration=50 cnt=2 energy_uJ=1770989057
cc=cubic mtu=9000 bitrate=10 n_core=0 duration=50 cnt=3 energy_uJ=1797527076
cc=cubic mtu=9000 bitrate=10 n_core=0 duration=50 cnt=4 energy_uJ=1794519026
cc=cubic mtu=9000 bitrate=10 n_core=0 duration=50 cnt=5 energy_uJ=1839316031
cc=cubic mtu=9000 bitrate=10 n_core=0 duration=50 cnt=6 energy_uJ=1938008894
cc=cubic mtu=9000 bitrate=10 n_core=0 duration=50 cnt=7 energy_uJ=1800692290
cc=cubic mtu=9000 bitrate=10 n_core=0 duration=50 cnt=8 energy_uJ=1765962398
cc=cubic mtu=9000 bitrate=10 n_core=0 duration=50 cnt=9 energy_uJ=1782272537
cc=cubic mtu=9000 bitrate=10 n_core=0 duration=50 cnt=10 energy_uJ=1806482985
cc=cubic mtu=9000 bitrate=10 n_core=0 duration=60 cnt=1 energy_uJ=-522168884680
cc=cubic mtu=9000 bitrate=10 n_core=0 duration=60 cnt=2 energy_uJ=2114768329
cc=cubic mtu=9000 bitrate=10 n_core=0 duration=60 cnt=3 energy_uJ=2154607216
cc=cubic mtu=9000 bitrate=10 n_core=0 duration=60 cnt=4 energy_uJ=2096480046
cc=cubic mtu=9000 bitrate=10 n_core=0 duration=60 cnt=5 energy_uJ=2199090012
cc=cubic mtu=9000 bitrate=10 n_core=0 duration=60 cnt=6 energy_uJ=2153388164
cc=cubic mtu=9000 bitrate=10 n_core=0 duration=60 cnt=7 energy_uJ=2153380108
cc=cubic mtu=9000 bitrate=10 n_core=0 duration=60 cnt=8 energy_uJ=2186236041
cc=cubic mtu=9000 bitrate=10 n_core=0 duration=60 cnt=9 energy_uJ=2117898143
cc=cubic mtu=9000 bitrate=10 n_core=0 duration=60 cnt=10 energy_uJ=2144920901
cc=cubic mtu=9000 bitrate=10 n_core=0 duration=70 cnt=1 energy_uJ=2477628789
cc=cubic mtu=9000 bitrate=10 n_core=0 duration=70 cnt=2 energy_uJ=2456273925
cc=cubic mtu=9000 bitrate=10 n_core=0 duration=70 cnt=3 energy_uJ=2465486731
cc=cubic mtu=9000 bitrate=10 n_core=0 duration=70 cnt=4 energy_uJ=2479388306
cc=cubic mtu=9000 bitrate=10 n_core=0 duration=70 cnt=5 energy_uJ=2543556659
cc=cubic mtu=9000 bitrate=10 n_core=0 duration=70 cnt=6 energy_uJ=2526476076
cc=cubic mtu=9000 bitrate=10 n_core=0 duration=70 cnt=7 energy_uJ=2484663378
cc=cubic mtu=9000 bitrate=10 n_core=0 duration=70 cnt=8 energy_uJ=2446989707
cc=cubic mtu=9000 bitrate=10 n_core=0 duration=70 cnt=9 energy_uJ=2478915774
cc=cubic mtu=9000 bitrate=10 n_core=0 duration=70 cnt=10 energy_uJ=2481805903
cc=cubic mtu=9000 bitrate=10 n_core=0 duration=80 cnt=1 energy_uJ=2823354405
cc=cubic mtu=9000 bitrate=10 n_core=0 duration=80 cnt=2 energy_uJ=2896587556
cc=cubic mtu=9000 bitrate=10 n_core=0 duration=80 cnt=3 energy_uJ=2847458958
cc=cubic mtu=9000 bitrate=10 n_core=0 duration=80 cnt=4 energy_uJ=2851034205
cc=cubic mtu=9000 bitrate=10 n_core=0 duration=80 cnt=5 energy_uJ=2826740506
cc=cubic mtu=9000 bitrate=10 n_core=0 duration=80 cnt=6 energy_uJ=2829578388
cc=cubic mtu=9000 bitrate=10 n_core=0 duration=80 cnt=7 energy_uJ=2873586211
cc=cubic mtu=9000 bitrate=10 n_core=0 duration=80 cnt=8 energy_uJ=2828060022
cc=cubic mtu=9000 bitrate=10 n_core=0 duration=80 cnt=9 energy_uJ=2928400096
cc=cubic mtu=9000 bitrate=10 n_core=0 duration=80 cnt=10 energy_uJ=2877822161
cc=cubic mtu=9000 bitrate=10 n_core=0 duration=90 cnt=1 energy_uJ=3270167898
cc=cubic mtu=9000 bitrate=10 n_core=0 duration=90 cnt=2 energy_uJ=3324664340
cc=cubic mtu=9000 bitrate=10 n_core=0 duration=90 cnt=3 energy_uJ=3277835482
cc=cubic mtu=9000 bitrate=10 n_core=0 duration=90 cnt=4 energy_uJ=3265177066
cc=cubic mtu=9000 bitrate=10 n_core=0 duration=90 cnt=5 energy_uJ=3220310176
cc=cubic mtu=9000 bitrate=10 n_core=0 duration=90 cnt=6 energy_uJ=3214224804
cc=cubic mtu=9000 bitrate=10 n_core=0 duration=90 cnt=7 energy_uJ=3220064450
cc=cubic mtu=9000 bitrate=10 n_core=0 duration=90 cnt=8 energy_uJ=3240691595
cc=cubic mtu=9000 bitrate=10 n_core=0 duration=90 cnt=9 energy_uJ=3267488767
cc=cubic mtu=9000 bitrate=10 n_core=0 duration=90 cnt=10 energy_uJ=3208762050
cc=cubic mtu=9000 bitrate=10 n_core=0 duration=100 cnt=1 energy_uJ=3560368632
cc=cubic mtu=9000 bitrate=10 n_core=0 duration=100 cnt=2 energy_uJ=3536150920
cc=cubic mtu=9000 bitrate=10 n_core=0 duration=100 cnt=3 energy_uJ=3531085259
cc=cubic mtu=9000 bitrate=10 n_core=0 duration=100 cnt=4 energy_uJ=3627550588
cc=cubic mtu=9000 bitrate=10 n_core=0 duration=100 cnt=5 energy_uJ=3555872061
cc=cubic mtu=9000 bitrate=10 n_core=0 duration=100 cnt=6 energy_uJ=3610186742
cc=cubic mtu=9000 bitrate=10 n_core=0 duration=100 cnt=7 energy_uJ=3571057936
cc=cubic mtu=9000 bitrate=10 n_core=0 duration=100 cnt=8 energy_uJ=3624862668
cc=cubic mtu=9000 bitrate=10 n_core=0 duration=100 cnt=9 energy_uJ=3553281919
cc=cubic mtu=9000 bitrate=10 n_core=0 duration=100 cnt=10 energy_uJ=3573447822
