cc=udp mtu=1500 energy_uJ=5112678685
cc=udp mtu=1500 energy_uJ=5263442642
cc=udp mtu=1500 energy_uJ=4492003393
cc=udp mtu=1500 energy_uJ=5039248086
cc=udp mtu=1500 energy_uJ=4911428040
cc=udp mtu=1500 energy_uJ=5258167752
cc=udp mtu=1500 energy_uJ=4987374012
cc=udp mtu=1500 energy_uJ=4696398865
cc=udp mtu=1500 energy_uJ=5079143857
cc=udp mtu=1500 energy_uJ=5219479070
cc=udp mtu=1500 energy_uJ=4661116790
cc=udp mtu=1500 energy_uJ=4954591809
cc=udp mtu=1500 energy_uJ=5107920579
cc=udp mtu=1500 energy_uJ=4818006161
cc=udp mtu=1500 energy_uJ=4829376186
cc=udp mtu=1500 energy_uJ=5292499084
cc=udp mtu=1500 energy_uJ=4542303252
cc=udp mtu=1500 energy_uJ=5110127542
cc=udp mtu=1500 energy_uJ=4649138488
cc=udp mtu=1500 energy_uJ=5139209866
cc=udp mtu=9000 energy_uJ=2604208788
cc=udp mtu=9000 energy_uJ=2251657687
cc=udp mtu=9000 energy_uJ=2410701471
cc=udp mtu=9000 energy_uJ=2413035633
cc=udp mtu=9000 energy_uJ=2505835870
cc=udp mtu=9000 energy_uJ=2128737409
cc=udp mtu=9000 energy_uJ=2554327017
cc=udp mtu=9000 energy_uJ=2432990781
cc=udp mtu=9000 energy_uJ=2574778747
cc=udp mtu=9000 energy_uJ=2554981740
cc=udp mtu=9000 energy_uJ=1971730487
cc=udp mtu=9000 energy_uJ=2598721618
cc=udp mtu=9000 energy_uJ=2182647062
cc=udp mtu=9000 energy_uJ=2455664063
cc=udp mtu=9000 energy_uJ=2586580659
cc=udp mtu=9000 energy_uJ=2568190936
cc=udp mtu=9000 energy_uJ=2585290624
cc=udp mtu=9000 energy_uJ=2570137709
cc=udp mtu=9000 energy_uJ=2583456704
cc=udp mtu=9000 energy_uJ=2473049821
cc=reno mtu=1500 energy_uJ=1889829879
cc=reno mtu=1500 energy_uJ=1919746307
cc=reno mtu=1500 energy_uJ=1848827238
cc=reno mtu=1500 energy_uJ=1821739721
cc=reno mtu=1500 energy_uJ=1907915282
cc=reno mtu=1500 energy_uJ=1967624969
cc=reno mtu=1500 energy_uJ=1886342400
cc=reno mtu=1500 energy_uJ=1906134402
cc=reno mtu=1500 energy_uJ=1788906493
cc=reno mtu=1500 energy_uJ=2000904424
cc=reno mtu=1500 energy_uJ=1825399319
cc=reno mtu=1500 energy_uJ=1904750313
cc=reno mtu=1500 energy_uJ=1863659353
cc=reno mtu=1500 energy_uJ=1936285570
cc=reno mtu=1500 energy_uJ=1806901564
cc=reno mtu=1500 energy_uJ=1775250093
cc=reno mtu=1500 energy_uJ=1920696560
cc=reno mtu=1500 energy_uJ=1942994781
cc=reno mtu=1500 energy_uJ=1900802385
cc=reno mtu=1500 energy_uJ=1946681052
cc=reno mtu=9000 energy_uJ=1528774041
cc=reno mtu=9000 energy_uJ=1511787389
cc=reno mtu=9000 energy_uJ=1507505784
cc=reno mtu=9000 energy_uJ=1514069427
cc=reno mtu=9000 energy_uJ=1499542853
cc=reno mtu=9000 energy_uJ=1513120210
cc=reno mtu=9000 energy_uJ=1528426628
cc=reno mtu=9000 energy_uJ=1528994499
cc=reno mtu=9000 energy_uJ=1515775721
cc=reno mtu=9000 energy_uJ=1511254615
cc=reno mtu=9000 energy_uJ=1520566725
cc=reno mtu=9000 energy_uJ=1523839177
cc=reno mtu=9000 energy_uJ=1504153009
cc=reno mtu=9000 energy_uJ=1545307445
cc=reno mtu=9000 energy_uJ=1506303028
cc=reno mtu=9000 energy_uJ=1635750756
cc=reno mtu=9000 energy_uJ=1519894547
cc=reno mtu=9000 energy_uJ=1504515619
cc=reno mtu=9000 energy_uJ=1503750362
cc=reno mtu=9000 energy_uJ=1497964061
cc=cubic mtu=1500 energy_uJ=1955432251
cc=cubic mtu=1500 energy_uJ=1886946768
cc=cubic mtu=1500 energy_uJ=2015722989
cc=cubic mtu=1500 energy_uJ=2030598439
cc=cubic mtu=1500 energy_uJ=1984731979
cc=cubic mtu=1500 energy_uJ=1857403815
cc=cubic mtu=1500 energy_uJ=2024195623
cc=cubic mtu=1500 energy_uJ=1991755705
cc=cubic mtu=1500 energy_uJ=1909483087
cc=cubic mtu=1500 energy_uJ=1939224405
cc=cubic mtu=1500 energy_uJ=2080146408
cc=cubic mtu=1500 energy_uJ=1923177389
cc=cubic mtu=1500 energy_uJ=1997961010
cc=cubic mtu=1500 energy_uJ=1915415507
cc=cubic mtu=1500 energy_uJ=1969402245
cc=cubic mtu=1500 energy_uJ=1827504782
cc=cubic mtu=1500 energy_uJ=1879312511
cc=cubic mtu=1500 energy_uJ=1887984607
cc=cubic mtu=1500 energy_uJ=2146260680
cc=cubic mtu=1500 energy_uJ=2058671853
cc=cubic mtu=9000 energy_uJ=1546612313
cc=cubic mtu=9000 energy_uJ=1524858524
cc=cubic mtu=9000 energy_uJ=1530075917
cc=cubic mtu=9000 energy_uJ=1510225565
cc=cubic mtu=9000 energy_uJ=1499013740
cc=cubic mtu=9000 energy_uJ=1497294567
cc=cubic mtu=9000 energy_uJ=1505325247
cc=cubic mtu=9000 energy_uJ=1516576378
cc=cubic mtu=9000 energy_uJ=1510490457
cc=cubic mtu=9000 energy_uJ=1517113548
cc=cubic mtu=9000 energy_uJ=1539854763
cc=cubic mtu=9000 energy_uJ=1527107541
cc=cubic mtu=9000 energy_uJ=1530438710
cc=cubic mtu=9000 energy_uJ=1509384808
cc=cubic mtu=9000 energy_uJ=1512683750
cc=cubic mtu=9000 energy_uJ=1512032140
cc=cubic mtu=9000 energy_uJ=1503780330
cc=cubic mtu=9000 energy_uJ=1510138957
cc=cubic mtu=9000 energy_uJ=1527291683
cc=cubic mtu=9000 energy_uJ=1546139414
cc=dctcp mtu=1500 energy_uJ=1818573591
cc=dctcp mtu=1500 energy_uJ=1939640665
cc=dctcp mtu=1500 energy_uJ=1901202652
cc=dctcp mtu=1500 energy_uJ=1861939386
cc=dctcp mtu=1500 energy_uJ=1810356755
cc=dctcp mtu=1500 energy_uJ=1872920377
cc=dctcp mtu=1500 energy_uJ=1979445616
cc=dctcp mtu=1500 energy_uJ=1974106703
cc=dctcp mtu=1500 energy_uJ=1839980702
cc=dctcp mtu=1500 energy_uJ=1911940234
cc=dctcp mtu=1500 energy_uJ=1841620408
cc=dctcp mtu=1500 energy_uJ=1797058082
cc=dctcp mtu=1500 energy_uJ=1859467103
cc=dctcp mtu=1500 energy_uJ=1828422259
cc=dctcp mtu=1500 energy_uJ=2004260007
cc=dctcp mtu=1500 energy_uJ=1989543063
cc=dctcp mtu=1500 energy_uJ=1909730584
cc=dctcp mtu=1500 energy_uJ=1991434904
cc=dctcp mtu=1500 energy_uJ=1959012197
cc=dctcp mtu=1500 energy_uJ=1922285668
cc=dctcp mtu=9000 energy_uJ=1531600754
cc=dctcp mtu=9000 energy_uJ=1592720715
cc=dctcp mtu=9000 energy_uJ=1545903880
cc=dctcp mtu=9000 energy_uJ=1541881795
cc=dctcp mtu=9000 energy_uJ=1526488218
cc=dctcp mtu=9000 energy_uJ=1508218979
cc=dctcp mtu=9000 energy_uJ=1504079768
cc=dctcp mtu=9000 energy_uJ=1500691044
cc=dctcp mtu=9000 energy_uJ=1507598435
cc=dctcp mtu=9000 energy_uJ=1509536115
cc=dctcp mtu=9000 energy_uJ=1502978330
cc=dctcp mtu=9000 energy_uJ=1496916272
cc=dctcp mtu=9000 energy_uJ=1523219123
cc=dctcp mtu=9000 energy_uJ=1528570916
cc=dctcp mtu=9000 energy_uJ=1510163310
cc=dctcp mtu=9000 energy_uJ=1502282958
cc=dctcp mtu=9000 energy_uJ=-260633851758
cc=dctcp mtu=9000 energy_uJ=1544576552
cc=dctcp mtu=9000 energy_uJ=1511962315
cc=dctcp mtu=9000 energy_uJ=1562893826
cc=bbr2 mtu=1500 energy_uJ=2393725196
cc=bbr2 mtu=1500 energy_uJ=2510162886
cc=bbr2 mtu=1500 energy_uJ=2254336087
cc=bbr2 mtu=1500 energy_uJ=2409481015
cc=bbr2 mtu=1500 energy_uJ=2539614349
cc=bbr2 mtu=1500 energy_uJ=2519610737
cc=bbr2 mtu=1500 energy_uJ=2306414871
cc=bbr2 mtu=1500 energy_uJ=2387631216
cc=bbr2 mtu=1500 energy_uJ=2388252554
cc=bbr2 mtu=1500 energy_uJ=-259769128934
cc=bbr2 mtu=1500 energy_uJ=2317932237
cc=bbr2 mtu=1500 energy_uJ=2778786100
cc=bbr2 mtu=1500 energy_uJ=2804632041
cc=bbr2 mtu=1500 energy_uJ=2334395635
cc=bbr2 mtu=1500 energy_uJ=2355898144
cc=bbr2 mtu=1500 energy_uJ=2756275659
cc=bbr2 mtu=1500 energy_uJ=2384039917
cc=bbr2 mtu=1500 energy_uJ=2347353731
cc=bbr2 mtu=1500 energy_uJ=2640117630
cc=bbr2 mtu=1500 energy_uJ=2292164115
cc=bbr2 mtu=9000 energy_uJ=1599811090
cc=bbr2 mtu=9000 energy_uJ=1547520759
cc=bbr2 mtu=9000 energy_uJ=2319316633
cc=bbr2 mtu=9000 energy_uJ=1571418280
cc=bbr2 mtu=9000 energy_uJ=1652130597
cc=bbr2 mtu=9000 energy_uJ=2054633046
cc=bbr2 mtu=9000 energy_uJ=1536593723
cc=bbr2 mtu=9000 energy_uJ=1553464895
cc=bbr2 mtu=9000 energy_uJ=1589600667
cc=bbr2 mtu=9000 energy_uJ=1663144301
cc=bbr2 mtu=9000 energy_uJ=1583061012
cc=bbr2 mtu=9000 energy_uJ=1561731537
cc=bbr2 mtu=9000 energy_uJ=1578347644
cc=bbr2 mtu=9000 energy_uJ=2350801722
cc=bbr2 mtu=9000 energy_uJ=1667907656
cc=bbr2 mtu=9000 energy_uJ=2032987410
cc=bbr2 mtu=9000 energy_uJ=1619083991
cc=bbr2 mtu=9000 energy_uJ=1611341152
cc=bbr2 mtu=9000 energy_uJ=1550312498
cc=bbr2 mtu=9000 energy_uJ=2226269203
cc=bbr mtu=1500 energy_uJ=1807090710
cc=bbr mtu=1500 energy_uJ=1778414697
cc=bbr mtu=1500 energy_uJ=1813918025
cc=bbr mtu=1500 energy_uJ=1776489104
cc=bbr mtu=1500 energy_uJ=1688989024
cc=bbr mtu=1500 energy_uJ=1721391650
cc=bbr mtu=1500 energy_uJ=1758141129
cc=bbr mtu=1500 energy_uJ=1739721988
cc=bbr mtu=1500 energy_uJ=1776207732
cc=bbr mtu=1500 energy_uJ=1758063981
cc=bbr mtu=1500 energy_uJ=1715858339
cc=bbr mtu=1500 energy_uJ=1767217461
cc=bbr mtu=1500 energy_uJ=1734408035
cc=bbr mtu=1500 energy_uJ=1706281216
cc=bbr mtu=1500 energy_uJ=1920455716
cc=bbr mtu=1500 energy_uJ=1846892732
cc=bbr mtu=1500 energy_uJ=1801962977
cc=bbr mtu=1500 energy_uJ=1809221991
cc=bbr mtu=1500 energy_uJ=1704350678
cc=bbr mtu=1500 energy_uJ=1874294823
cc=bbr mtu=9000 energy_uJ=1597635436
cc=bbr mtu=9000 energy_uJ=1511663489
cc=bbr mtu=9000 energy_uJ=1508764693
cc=bbr mtu=9000 energy_uJ=1523883123
cc=bbr mtu=9000 energy_uJ=1546913704
cc=bbr mtu=9000 energy_uJ=1511297462
cc=bbr mtu=9000 energy_uJ=1543209795
cc=bbr mtu=9000 energy_uJ=1522904916
cc=bbr mtu=9000 energy_uJ=1534511880
cc=bbr mtu=9000 energy_uJ=1512057530
cc=bbr mtu=9000 energy_uJ=1529305351
cc=bbr mtu=9000 energy_uJ=1513971587
cc=bbr mtu=9000 energy_uJ=1524310917
cc=bbr mtu=9000 energy_uJ=1556921916
cc=bbr mtu=9000 energy_uJ=1517813008
cc=bbr mtu=9000 energy_uJ=1530891894
cc=bbr mtu=9000 energy_uJ=1517370994
cc=bbr mtu=9000 energy_uJ=1524309879
cc=bbr mtu=9000 energy_uJ=1525079836
cc=bbr mtu=9000 energy_uJ=1533191083
cc=vegas mtu=1500 energy_uJ=1837543269
cc=vegas mtu=1500 energy_uJ=1948356096
cc=vegas mtu=1500 energy_uJ=1962059186
cc=vegas mtu=1500 energy_uJ=1959061025
cc=vegas mtu=1500 energy_uJ=1997390028
cc=vegas mtu=1500 energy_uJ=1918658236
cc=vegas mtu=1500 energy_uJ=2130279092
cc=vegas mtu=1500 energy_uJ=2137873189
cc=vegas mtu=1500 energy_uJ=2143360725
cc=vegas mtu=1500 energy_uJ=2208652793
cc=vegas mtu=1500 energy_uJ=2137340171
cc=vegas mtu=1500 energy_uJ=2143948796
cc=vegas mtu=1500 energy_uJ=2034886515
cc=vegas mtu=1500 energy_uJ=1928372932
cc=vegas mtu=1500 energy_uJ=1994995503
cc=vegas mtu=1500 energy_uJ=1984902084
cc=vegas mtu=1500 energy_uJ=1847473176
cc=vegas mtu=1500 energy_uJ=2043436541
cc=vegas mtu=1500 energy_uJ=2049290286
cc=vegas mtu=1500 energy_uJ=2116718947
cc=vegas mtu=9000 energy_uJ=1526076965
cc=vegas mtu=9000 energy_uJ=1533004011
cc=vegas mtu=9000 energy_uJ=1526705198
cc=vegas mtu=9000 energy_uJ=1516478540
cc=vegas mtu=9000 energy_uJ=1517909994
cc=vegas mtu=9000 energy_uJ=1516237084
cc=vegas mtu=9000 energy_uJ=1505798818
cc=vegas mtu=9000 energy_uJ=1511971471
cc=vegas mtu=9000 energy_uJ=1531680649
cc=vegas mtu=9000 energy_uJ=1510356181
cc=vegas mtu=9000 energy_uJ=1521396558
cc=vegas mtu=9000 energy_uJ=1515771571
cc=vegas mtu=9000 energy_uJ=1506913562
cc=vegas mtu=9000 energy_uJ=1508336958
cc=vegas mtu=9000 energy_uJ=1519015642
cc=vegas mtu=9000 energy_uJ=1522791695
cc=vegas mtu=9000 energy_uJ=1505582694
cc=vegas mtu=9000 energy_uJ=1513614472
cc=vegas mtu=9000 energy_uJ=1506752735
cc=vegas mtu=9000 energy_uJ=1512118626
cc=none mtu=1500 energy_uJ=2128445967
cc=none mtu=1500 energy_uJ=2098804747
cc=none mtu=1500 energy_uJ=1998626536
cc=none mtu=1500 energy_uJ=2150508899
cc=none mtu=1500 energy_uJ=2126851916
cc=none mtu=1500 energy_uJ=2052251887
cc=none mtu=1500 energy_uJ=2019888262
cc=none mtu=1500 energy_uJ=2041882346
cc=none mtu=1500 energy_uJ=2016216579
cc=none mtu=1500 energy_uJ=2038776458
cc=none mtu=1500 energy_uJ=2029013971
cc=none mtu=1500 energy_uJ=1999721993
cc=none mtu=1500 energy_uJ=2127750901
cc=none mtu=1500 energy_uJ=2130981788
cc=none mtu=1500 energy_uJ=2086110505
cc=none mtu=1500 energy_uJ=2073850770
cc=none mtu=1500 energy_uJ=2060562596
cc=none mtu=1500 energy_uJ=2111928919
cc=none mtu=1500 energy_uJ=2132994661
cc=none mtu=1500 energy_uJ=2009329573
cc=none mtu=9000 energy_uJ=1650157458
cc=none mtu=9000 energy_uJ=1625619619
cc=none mtu=9000 energy_uJ=1626953048
cc=none mtu=9000 energy_uJ=1636400108
cc=none mtu=9000 energy_uJ=1666053230
cc=none mtu=9000 energy_uJ=1647549858
cc=none mtu=9000 energy_uJ=1700522929
cc=none mtu=9000 energy_uJ=1646524776
cc=none mtu=9000 energy_uJ=1745503770
cc=none mtu=9000 energy_uJ=1652733928
cc=none mtu=9000 energy_uJ=1652735882
cc=none mtu=9000 energy_uJ=1674644639
cc=none mtu=9000 energy_uJ=1645520689
cc=none mtu=9000 energy_uJ=1686967056
cc=none mtu=9000 energy_uJ=1741833004
cc=none mtu=9000 energy_uJ=1747265058
cc=none mtu=9000 energy_uJ=1631634007
cc=none mtu=9000 energy_uJ=1635873316
cc=none mtu=9000 energy_uJ=1682661342
cc=none mtu=9000 energy_uJ=1692089175
cc=westwood mtu=1500 energy_uJ=1813058163
cc=westwood mtu=1500 energy_uJ=1840448170
cc=westwood mtu=1500 energy_uJ=1834703800
cc=westwood mtu=1500 energy_uJ=1785997382
cc=westwood mtu=1500 energy_uJ=1838363397
cc=westwood mtu=1500 energy_uJ=1752693205
cc=westwood mtu=1500 energy_uJ=1771486677
cc=westwood mtu=1500 energy_uJ=1760967294
cc=westwood mtu=1500 energy_uJ=1862417169
cc=westwood mtu=1500 energy_uJ=1762047002
cc=westwood mtu=1500 energy_uJ=1876980668
cc=westwood mtu=1500 energy_uJ=1760870858
cc=westwood mtu=1500 energy_uJ=1803145836
cc=westwood mtu=1500 energy_uJ=1822725253
cc=westwood mtu=1500 energy_uJ=1970827719
cc=westwood mtu=1500 energy_uJ=1912458667
cc=westwood mtu=1500 energy_uJ=1924742387
cc=westwood mtu=1500 energy_uJ=1939991005
cc=westwood mtu=1500 energy_uJ=1959512012
cc=westwood mtu=1500 energy_uJ=1915448100
cc=westwood mtu=9000 energy_uJ=1540772912
cc=westwood mtu=9000 energy_uJ=1503297421
cc=westwood mtu=9000 energy_uJ=1537328585
cc=westwood mtu=9000 energy_uJ=1509369611
cc=westwood mtu=9000 energy_uJ=1509582377
cc=westwood mtu=9000 energy_uJ=1507977830
cc=westwood mtu=9000 energy_uJ=1501989197
cc=westwood mtu=9000 energy_uJ=1502049560
cc=westwood mtu=9000 energy_uJ=1498038829
cc=westwood mtu=9000 energy_uJ=1535056189
cc=westwood mtu=9000 energy_uJ=1497976146
cc=westwood mtu=9000 energy_uJ=1509416547
cc=westwood mtu=9000 energy_uJ=1511807836
cc=westwood mtu=9000 energy_uJ=1506737842
cc=westwood mtu=9000 energy_uJ=1505516715
cc=westwood mtu=9000 energy_uJ=1505114188
cc=westwood mtu=9000 energy_uJ=1505479667
cc=westwood mtu=9000 energy_uJ=1500889103
cc=westwood mtu=9000 energy_uJ=1511073098
cc=westwood mtu=9000 energy_uJ=1511661170
cc=scalable mtu=1500 energy_uJ=1831539257
cc=scalable mtu=1500 energy_uJ=1869202246
cc=scalable mtu=1500 energy_uJ=1767593070
cc=scalable mtu=1500 energy_uJ=1798264256
cc=scalable mtu=1500 energy_uJ=1797639868
cc=scalable mtu=1500 energy_uJ=1855057385
cc=scalable mtu=1500 energy_uJ=1844796119
cc=scalable mtu=1500 energy_uJ=1815155326
cc=scalable mtu=1500 energy_uJ=1854362075
cc=scalable mtu=1500 energy_uJ=1837673397
cc=scalable mtu=1500 energy_uJ=1827492880
cc=scalable mtu=1500 energy_uJ=1772738808
cc=scalable mtu=1500 energy_uJ=1772628762
cc=scalable mtu=1500 energy_uJ=1762830815
cc=scalable mtu=1500 energy_uJ=1822782017
cc=scalable mtu=1500 energy_uJ=1845276282
cc=scalable mtu=1500 energy_uJ=1854622876
cc=scalable mtu=1500 energy_uJ=1832847787
cc=scalable mtu=1500 energy_uJ=1817841477
cc=scalable mtu=1500 energy_uJ=1847993255
cc=scalable mtu=9000 energy_uJ=1528432305
cc=scalable mtu=9000 energy_uJ=1497228712
cc=scalable mtu=9000 energy_uJ=1497532360
cc=scalable mtu=9000 energy_uJ=1502864317
cc=scalable mtu=9000 energy_uJ=1500043034
cc=scalable mtu=9000 energy_uJ=1497003309
cc=scalable mtu=9000 energy_uJ=1497456494
cc=scalable mtu=9000 energy_uJ=1495994767
cc=scalable mtu=9000 energy_uJ=1491734218
cc=scalable mtu=9000 energy_uJ=1493905050
cc=scalable mtu=9000 energy_uJ=1489473298
cc=scalable mtu=9000 energy_uJ=1472836194
cc=scalable mtu=9000 energy_uJ=1497127577
cc=scalable mtu=9000 energy_uJ=1475539191
cc=scalable mtu=9000 energy_uJ=1520121047
cc=scalable mtu=9000 energy_uJ=1490875089
cc=scalable mtu=9000 energy_uJ=1490469756
cc=scalable mtu=9000 energy_uJ=1494253622
cc=scalable mtu=9000 energy_uJ=1487962499
cc=scalable mtu=9000 energy_uJ=1493948202
cc=highspeed mtu=1500 energy_uJ=1830871351
cc=highspeed mtu=1500 energy_uJ=1816734912
cc=highspeed mtu=1500 energy_uJ=1778462670
cc=highspeed mtu=1500 energy_uJ=1860933163
cc=highspeed mtu=1500 energy_uJ=1848840665
cc=highspeed mtu=1500 energy_uJ=1867018780
cc=highspeed mtu=1500 energy_uJ=1803025902
cc=highspeed mtu=1500 energy_uJ=1759979870
cc=highspeed mtu=1500 energy_uJ=1839579275
cc=highspeed mtu=1500 energy_uJ=1782811354
cc=highspeed mtu=1500 energy_uJ=1901304581
cc=highspeed mtu=1500 energy_uJ=1896289212
cc=highspeed mtu=1500 energy_uJ=1880932502
cc=highspeed mtu=1500 energy_uJ=1876727679
cc=highspeed mtu=1500 energy_uJ=1860901365
cc=highspeed mtu=1500 energy_uJ=1817766343
cc=highspeed mtu=1500 energy_uJ=1847825775
cc=highspeed mtu=1500 energy_uJ=1801032498
cc=highspeed mtu=1500 energy_uJ=1800262175
cc=highspeed mtu=1500 energy_uJ=-260359796552
cc=highspeed mtu=9000 energy_uJ=1536229526
cc=highspeed mtu=9000 energy_uJ=1507931870
cc=highspeed mtu=9000 energy_uJ=1506239308
cc=highspeed mtu=9000 energy_uJ=1501628662
cc=highspeed mtu=9000 energy_uJ=1508096237
cc=highspeed mtu=9000 energy_uJ=1549554689
cc=highspeed mtu=9000 energy_uJ=1558842995
cc=highspeed mtu=9000 energy_uJ=1520131912
cc=highspeed mtu=9000 energy_uJ=1501306948
cc=highspeed mtu=9000 energy_uJ=1510480752
cc=highspeed mtu=9000 energy_uJ=1506024465
cc=highspeed mtu=9000 energy_uJ=1514746427
cc=highspeed mtu=9000 energy_uJ=1500686101
cc=highspeed mtu=9000 energy_uJ=1493456443
cc=highspeed mtu=9000 energy_uJ=1526791440
cc=highspeed mtu=9000 energy_uJ=1508022141
cc=highspeed mtu=9000 energy_uJ=1522507577
cc=highspeed mtu=9000 energy_uJ=1514938139
cc=highspeed mtu=9000 energy_uJ=1519147722
cc=highspeed mtu=9000 energy_uJ=1547998906
