cc=udp mtu=1500 energy_uJ=1078570725
cc=udp mtu=1500 energy_uJ=1069061473
cc=udp mtu=1500 energy_uJ=892992648
cc=udp mtu=1500 energy_uJ=1040795859
cc=udp mtu=1500 energy_uJ=1015749475
cc=udp mtu=1500 energy_uJ=1052071770
cc=udp mtu=1500 energy_uJ=1035699924
cc=udp mtu=1500 energy_uJ=940329745
cc=udp mtu=1500 energy_uJ=903559943
cc=udp mtu=1500 energy_uJ=908853387
cc=udp mtu=9000 energy_uJ=530627426
cc=udp mtu=9000 energy_uJ=517717485
cc=udp mtu=9000 energy_uJ=475541507
cc=udp mtu=9000 energy_uJ=378787300
cc=udp mtu=9000 energy_uJ=517749162
cc=udp mtu=9000 energy_uJ=516407919
cc=udp mtu=9000 energy_uJ=520007336
cc=udp mtu=9000 energy_uJ=495699964
cc=udp mtu=9000 energy_uJ=517604998
cc=udp mtu=9000 energy_uJ=522190863
cc=reno mtu=1500 energy_uJ=424203869
cc=reno mtu=1500 energy_uJ=367513707
cc=reno mtu=1500 energy_uJ=367709691
cc=reno mtu=1500 energy_uJ=352396071
cc=reno mtu=1500 energy_uJ=361327932
cc=reno mtu=1500 energy_uJ=354840522
cc=reno mtu=1500 energy_uJ=354808052
cc=reno mtu=1500 energy_uJ=363311875
cc=reno mtu=1500 energy_uJ=351173417
cc=reno mtu=1500 energy_uJ=375235855
cc=reno mtu=9000 energy_uJ=335485104
cc=reno mtu=9000 energy_uJ=301992513
cc=reno mtu=9000 energy_uJ=303750932
cc=reno mtu=9000 energy_uJ=304693190
cc=reno mtu=9000 energy_uJ=302855609
cc=reno mtu=9000 energy_uJ=303343583
cc=reno mtu=9000 energy_uJ=303620744
cc=reno mtu=9000 energy_uJ=303483476
cc=reno mtu=9000 energy_uJ=302152059
cc=reno mtu=9000 energy_uJ=302581196
cc=cubic mtu=1500 energy_uJ=448312573
cc=cubic mtu=1500 energy_uJ=411916974
cc=cubic mtu=1500 energy_uJ=361900257
cc=cubic mtu=1500 energy_uJ=371420984
cc=cubic mtu=1500 energy_uJ=362996936
cc=cubic mtu=1500 energy_uJ=361159353
cc=cubic mtu=1500 energy_uJ=357625183
cc=cubic mtu=1500 energy_uJ=365981118
cc=cubic mtu=1500 energy_uJ=359403927
cc=cubic mtu=1500 energy_uJ=385040092
cc=cubic mtu=9000 energy_uJ=374420000
cc=cubic mtu=9000 energy_uJ=303839493
cc=cubic mtu=9000 energy_uJ=304084060
cc=cubic mtu=9000 energy_uJ=304793226
cc=cubic mtu=9000 energy_uJ=302623737
cc=cubic mtu=9000 energy_uJ=305682262
cc=cubic mtu=9000 energy_uJ=300401819
cc=cubic mtu=9000 energy_uJ=304517776
cc=cubic mtu=9000 energy_uJ=302024130
cc=cubic mtu=9000 energy_uJ=304761855
cc=dctcp mtu=1500 energy_uJ=428348818
cc=dctcp mtu=1500 energy_uJ=355017707
cc=dctcp mtu=1500 energy_uJ=351486528
cc=dctcp mtu=1500 energy_uJ=387960249
cc=dctcp mtu=1500 energy_uJ=368965974
cc=dctcp mtu=1500 energy_uJ=359504390
cc=dctcp mtu=1500 energy_uJ=354428474
cc=dctcp mtu=1500 energy_uJ=352295424
cc=dctcp mtu=1500 energy_uJ=356282779
cc=dctcp mtu=1500 energy_uJ=352703687
cc=dctcp mtu=9000 energy_uJ=373976521
cc=dctcp mtu=9000 energy_uJ=302125020
cc=dctcp mtu=9000 energy_uJ=304363174
cc=dctcp mtu=9000 energy_uJ=303974930
cc=dctcp mtu=9000 energy_uJ=305434949
cc=dctcp mtu=9000 energy_uJ=303847977
cc=dctcp mtu=9000 energy_uJ=300654626
cc=dctcp mtu=9000 energy_uJ=304225968
cc=dctcp mtu=9000 energy_uJ=306820871
cc=dctcp mtu=9000 energy_uJ=305294629
cc=bbr2 mtu=1500 energy_uJ=479890862
cc=bbr2 mtu=1500 energy_uJ=448091749
cc=bbr2 mtu=1500 energy_uJ=441864164
cc=bbr2 mtu=1500 energy_uJ=437213419
cc=bbr2 mtu=1500 energy_uJ=448732432
cc=bbr2 mtu=1500 energy_uJ=442958948
cc=bbr2 mtu=1500 energy_uJ=455771416
cc=bbr2 mtu=1500 energy_uJ=457921496
cc=bbr2 mtu=1500 energy_uJ=474542121
cc=bbr2 mtu=1500 energy_uJ=448793712
cc=bbr2 mtu=9000 energy_uJ=376981396
cc=bbr2 mtu=9000 energy_uJ=310990415
cc=bbr2 mtu=9000 energy_uJ=323297818
cc=bbr2 mtu=9000 energy_uJ=322503508
cc=bbr2 mtu=9000 energy_uJ=302251729
cc=bbr2 mtu=9000 energy_uJ=329657725
cc=bbr2 mtu=9000 energy_uJ=297396700
cc=bbr2 mtu=9000 energy_uJ=472215648
cc=bbr2 mtu=9000 energy_uJ=337779713
cc=bbr2 mtu=9000 energy_uJ=311093808
cc=bbr mtu=1500 energy_uJ=361763356
cc=bbr mtu=1500 energy_uJ=337117484
cc=bbr mtu=1500 energy_uJ=335824702
cc=bbr mtu=1500 energy_uJ=345110933
cc=bbr mtu=1500 energy_uJ=340454329
cc=bbr mtu=1500 energy_uJ=341634135
cc=bbr mtu=1500 energy_uJ=347530787
cc=bbr mtu=1500 energy_uJ=336643364
cc=bbr mtu=1500 energy_uJ=340338850
cc=bbr mtu=1500 energy_uJ=337220878
cc=bbr mtu=9000 energy_uJ=329195508
cc=bbr mtu=9000 energy_uJ=300280909
cc=bbr mtu=9000 energy_uJ=306858711
cc=bbr mtu=9000 energy_uJ=302798359
cc=bbr mtu=9000 energy_uJ=303142839
cc=bbr mtu=9000 energy_uJ=303064228
cc=bbr mtu=9000 energy_uJ=306511728
cc=bbr mtu=9000 energy_uJ=299627712
cc=bbr mtu=9000 energy_uJ=303974746
cc=bbr mtu=9000 energy_uJ=301665915
cc=vegas mtu=1500 energy_uJ=424064099
cc=vegas mtu=1500 energy_uJ=366977454
cc=vegas mtu=1500 energy_uJ=369036043
cc=vegas mtu=1500 energy_uJ=360960196
cc=vegas mtu=1500 energy_uJ=356634279
cc=vegas mtu=1500 energy_uJ=367681982
cc=vegas mtu=1500 energy_uJ=362141651
cc=vegas mtu=1500 energy_uJ=358159667
cc=vegas mtu=1500 energy_uJ=365098613
cc=vegas mtu=1500 energy_uJ=372786765
cc=vegas mtu=9000 energy_uJ=328149978
cc=vegas mtu=9000 energy_uJ=304562514
cc=vegas mtu=9000 energy_uJ=304471206
cc=vegas mtu=9000 energy_uJ=305909007
cc=vegas mtu=9000 energy_uJ=304240128
cc=vegas mtu=9000 energy_uJ=303048296
cc=vegas mtu=9000 energy_uJ=302891864
cc=vegas mtu=9000 energy_uJ=300540246
cc=vegas mtu=9000 energy_uJ=306344980
cc=vegas mtu=9000 energy_uJ=301482321
cc=none mtu=1500 energy_uJ=424181409
cc=none mtu=1500 energy_uJ=395725793
cc=none mtu=1500 energy_uJ=394907070
cc=none mtu=1500 energy_uJ=399072953
cc=none mtu=1500 energy_uJ=396672202
cc=none mtu=1500 energy_uJ=424397351
cc=none mtu=1500 energy_uJ=397396444
cc=none mtu=1500 energy_uJ=410958115
cc=none mtu=1500 energy_uJ=394958095
cc=none mtu=1500 energy_uJ=413116801
cc=none mtu=9000 energy_uJ=355503241
cc=none mtu=9000 energy_uJ=339233629
cc=none mtu=9000 energy_uJ=339960678
cc=none mtu=9000 energy_uJ=354309273
cc=none mtu=9000 energy_uJ=331132941
cc=none mtu=9000 energy_uJ=333714051
cc=none mtu=9000 energy_uJ=338004201
cc=none mtu=9000 energy_uJ=329341686
cc=none mtu=9000 energy_uJ=331895329
cc=none mtu=9000 energy_uJ=330761970
