cc=udp mtu=1500 cnt=1 energy_uJ=5301391275
cc=udp mtu=1500 cnt=2 energy_uJ=5232915314
cc=udp mtu=1500 cnt=3 energy_uJ=4504067267
cc=udp mtu=1500 cnt=4 energy_uJ=4821466417
cc=udp mtu=1500 cnt=5 energy_uJ=5069874045
cc=udp mtu=1500 cnt=6 energy_uJ=4575899297
cc=udp mtu=1500 cnt=7 energy_uJ=5241257762
cc=udp mtu=1500 cnt=8 energy_uJ=4778703220
cc=udp mtu=1500 cnt=9 energy_uJ=5169967600
cc=udp mtu=1500 cnt=10 energy_uJ=4452037919
cc=udp mtu=1500 cnt=11 energy_uJ=4713623431
cc=udp mtu=1500 cnt=12 energy_uJ=4630931139
cc=udp mtu=1500 cnt=13 energy_uJ=4614140043
cc=udp mtu=1500 cnt=14 energy_uJ=5249527943
cc=udp mtu=1500 cnt=15 energy_uJ=5282299893
cc=udp mtu=1500 cnt=16 energy_uJ=4765039071
cc=udp mtu=1500 cnt=17 energy_uJ=-257399333976
cc=udp mtu=1500 cnt=18 energy_uJ=5202701768
cc=udp mtu=1500 cnt=19 energy_uJ=4492374791
cc=udp mtu=1500 cnt=20 energy_uJ=4984858089
cc=udp mtu=3000 cnt=1 energy_uJ=3164550676
cc=udp mtu=3000 cnt=2 energy_uJ=3351620509
cc=udp mtu=3000 cnt=3 energy_uJ=3314677062
cc=udp mtu=3000 cnt=4 energy_uJ=3771003530
cc=udp mtu=3000 cnt=5 energy_uJ=3485339771
cc=udp mtu=3000 cnt=6 energy_uJ=3332193801
cc=udp mtu=3000 cnt=7 energy_uJ=3700102345
cc=udp mtu=3000 cnt=8 energy_uJ=3626027888
cc=udp mtu=3000 cnt=9 energy_uJ=3437316457
cc=udp mtu=3000 cnt=10 energy_uJ=3180849950
cc=udp mtu=3000 cnt=11 energy_uJ=3442141639
cc=udp mtu=3000 cnt=12 energy_uJ=3714784801
cc=udp mtu=3000 cnt=13 energy_uJ=3412539664
cc=udp mtu=3000 cnt=14 energy_uJ=-258572251262
cc=udp mtu=3000 cnt=15 energy_uJ=3470964808
cc=udp mtu=3000 cnt=16 energy_uJ=3664732257
cc=udp mtu=3000 cnt=17 energy_uJ=3210459371
cc=udp mtu=3000 cnt=18 energy_uJ=3651140739
cc=udp mtu=3000 cnt=19 energy_uJ=3198457815
cc=udp mtu=3000 cnt=20 energy_uJ=3631879009
cc=udp mtu=6000 cnt=1 energy_uJ=2130724038
cc=udp mtu=6000 cnt=2 energy_uJ=1917725558
cc=udp mtu=6000 cnt=3 energy_uJ=2043202777
cc=udp mtu=6000 cnt=4 energy_uJ=2025362490
cc=udp mtu=6000 cnt=5 energy_uJ=1991278106
cc=udp mtu=6000 cnt=6 energy_uJ=2049361270
cc=udp mtu=6000 cnt=7 energy_uJ=2016590846
cc=udp mtu=6000 cnt=8 energy_uJ=1989160862
cc=udp mtu=6000 cnt=9 energy_uJ=2153196575
cc=udp mtu=6000 cnt=10 energy_uJ=2018304037
cc=udp mtu=6000 cnt=11 energy_uJ=2019404498
cc=udp mtu=6000 cnt=12 energy_uJ=2026585571
cc=udp mtu=6000 cnt=13 energy_uJ=1993970664
cc=udp mtu=6000 cnt=14 energy_uJ=1987796426
cc=udp mtu=6000 cnt=15 energy_uJ=2004290707
cc=udp mtu=6000 cnt=16 energy_uJ=2034072062
cc=udp mtu=6000 cnt=17 energy_uJ=2016348354
cc=udp mtu=6000 cnt=18 energy_uJ=2018561849
cc=udp mtu=6000 cnt=19 energy_uJ=2074882750
cc=udp mtu=6000 cnt=20 energy_uJ=1920093046
cc=udp mtu=9000 cnt=1 energy_uJ=2600254085
cc=udp mtu=9000 cnt=2 energy_uJ=2369894874
cc=udp mtu=9000 cnt=3 energy_uJ=2101082939
cc=udp mtu=9000 cnt=4 energy_uJ=2567907062
cc=udp mtu=9000 cnt=5 energy_uJ=1961019882
cc=udp mtu=9000 cnt=6 energy_uJ=2593760939
cc=udp mtu=9000 cnt=7 energy_uJ=2590049584
cc=udp mtu=9000 cnt=8 energy_uJ=2318555893
cc=udp mtu=9000 cnt=9 energy_uJ=2061526156
cc=udp mtu=9000 cnt=10 energy_uJ=2479559265
cc=udp mtu=9000 cnt=11 energy_uJ=2463779459
cc=udp mtu=9000 cnt=12 energy_uJ=2490881807
cc=udp mtu=9000 cnt=13 energy_uJ=2034277691
cc=udp mtu=9000 cnt=14 energy_uJ=2378719192
cc=udp mtu=9000 cnt=15 energy_uJ=2560563391
cc=udp mtu=9000 cnt=16 energy_uJ=2605266951
cc=udp mtu=9000 cnt=17 energy_uJ=1838617730
cc=udp mtu=9000 cnt=18 energy_uJ=2374092189
cc=udp mtu=9000 cnt=19 energy_uJ=1834911257
cc=udp mtu=9000 cnt=20 energy_uJ=2596078010
cc=reno mtu=1500 cnt=1 energy_uJ=1995795610
cc=reno mtu=1500 cnt=2 energy_uJ=1897274623
cc=reno mtu=1500 cnt=3 energy_uJ=1763495058
cc=reno mtu=1500 cnt=4 energy_uJ=1755646323
cc=reno mtu=1500 cnt=5 energy_uJ=1758851455
cc=reno mtu=1500 cnt=6 energy_uJ=1768412526
cc=reno mtu=1500 cnt=7 energy_uJ=1821845373
cc=reno mtu=1500 cnt=8 energy_uJ=1785563483
cc=reno mtu=1500 cnt=9 energy_uJ=1789273863
cc=reno mtu=1500 cnt=10 energy_uJ=1813392451
cc=reno mtu=1500 cnt=11 energy_uJ=1929116765
cc=reno mtu=1500 cnt=12 energy_uJ=1835552430
cc=reno mtu=1500 cnt=13 energy_uJ=1801701077
cc=reno mtu=1500 cnt=14 energy_uJ=1783729504
cc=reno mtu=1500 cnt=15 energy_uJ=2001188420
cc=reno mtu=1500 cnt=16 energy_uJ=1816544360
cc=reno mtu=1500 cnt=17 energy_uJ=1908278501
cc=reno mtu=1500 cnt=18 energy_uJ=1933340998
cc=reno mtu=1500 cnt=19 energy_uJ=1835227663
cc=reno mtu=1500 cnt=20 energy_uJ=1790699700
cc=reno mtu=3000 cnt=1 energy_uJ=1622660154
cc=reno mtu=3000 cnt=2 energy_uJ=1602622241
cc=reno mtu=3000 cnt=3 energy_uJ=1637005575
cc=reno mtu=3000 cnt=4 energy_uJ=1656495454
cc=reno mtu=3000 cnt=5 energy_uJ=1631934603
cc=reno mtu=3000 cnt=6 energy_uJ=1731129967
cc=reno mtu=3000 cnt=7 energy_uJ=1628937052
cc=reno mtu=3000 cnt=8 energy_uJ=1628988078
cc=reno mtu=3000 cnt=9 energy_uJ=1651263900
cc=reno mtu=3000 cnt=10 energy_uJ=1582048135
cc=reno mtu=3000 cnt=11 energy_uJ=1588502403
cc=reno mtu=3000 cnt=12 energy_uJ=1595372076
cc=reno mtu=3000 cnt=13 energy_uJ=1580658429
cc=reno mtu=3000 cnt=14 energy_uJ=1602038868
cc=reno mtu=3000 cnt=15 energy_uJ=1588433372
cc=reno mtu=3000 cnt=16 energy_uJ=1579685043
cc=reno mtu=3000 cnt=17 energy_uJ=1586051726
cc=reno mtu=3000 cnt=18 energy_uJ=1580428266
cc=reno mtu=3000 cnt=19 energy_uJ=1599329037
cc=reno mtu=3000 cnt=20 energy_uJ=1599328731
cc=reno mtu=6000 cnt=1 energy_uJ=1599140376
cc=reno mtu=6000 cnt=2 energy_uJ=1547061103
cc=reno mtu=6000 cnt=3 energy_uJ=1555702805
cc=reno mtu=6000 cnt=4 energy_uJ=1525714538
cc=reno mtu=6000 cnt=5 energy_uJ=1530074025
cc=reno mtu=6000 cnt=6 energy_uJ=1525614807
cc=reno mtu=6000 cnt=7 energy_uJ=1520737501
cc=reno mtu=6000 cnt=8 energy_uJ=1521938547
cc=reno mtu=6000 cnt=9 energy_uJ=1508354048
cc=reno mtu=6000 cnt=10 energy_uJ=1519725051
cc=reno mtu=6000 cnt=11 energy_uJ=1509636395
cc=reno mtu=6000 cnt=12 energy_uJ=1517704855
cc=reno mtu=6000 cnt=13 energy_uJ=1551877375
cc=reno mtu=6000 cnt=14 energy_uJ=1528641351
cc=reno mtu=6000 cnt=15 energy_uJ=1536718783
cc=reno mtu=6000 cnt=16 energy_uJ=1528448968
cc=reno mtu=6000 cnt=17 energy_uJ=1533986613
cc=reno mtu=6000 cnt=18 energy_uJ=1534992591
cc=reno mtu=6000 cnt=19 energy_uJ=1534987830
cc=reno mtu=6000 cnt=20 energy_uJ=1523890264
cc=reno mtu=9000 cnt=1 energy_uJ=1531338548
cc=reno mtu=9000 cnt=2 energy_uJ=1505448965
cc=reno mtu=9000 cnt=3 energy_uJ=1496148391
cc=reno mtu=9000 cnt=4 energy_uJ=1498807198
cc=reno mtu=9000 cnt=5 energy_uJ=1487873083
cc=reno mtu=9000 cnt=6 energy_uJ=1503127256
cc=reno mtu=9000 cnt=7 energy_uJ=1528544915
cc=reno mtu=9000 cnt=8 energy_uJ=1504782952
cc=reno mtu=9000 cnt=9 energy_uJ=1485271771
cc=reno mtu=9000 cnt=10 energy_uJ=1490313751
cc=reno mtu=9000 cnt=11 energy_uJ=1491885646
cc=reno mtu=9000 cnt=12 energy_uJ=1540325097
cc=reno mtu=9000 cnt=13 energy_uJ=1539377530
cc=reno mtu=9000 cnt=14 energy_uJ=1515546719
cc=reno mtu=9000 cnt=15 energy_uJ=1507840378
cc=reno mtu=9000 cnt=16 energy_uJ=1490333586
cc=reno mtu=9000 cnt=17 energy_uJ=1483617234
cc=reno mtu=9000 cnt=18 energy_uJ=1509017072
cc=reno mtu=9000 cnt=19 energy_uJ=1481017205
cc=reno mtu=9000 cnt=20 energy_uJ=1489910493
cc=cubic mtu=1500 cnt=1 energy_uJ=1971606402
cc=cubic mtu=1500 cnt=2 energy_uJ=1853861831
cc=cubic mtu=1500 cnt=3 energy_uJ=1853910049
cc=cubic mtu=1500 cnt=4 energy_uJ=1884112425
cc=cubic mtu=1500 cnt=5 energy_uJ=1866641278
cc=cubic mtu=1500 cnt=6 energy_uJ=1943481658
cc=cubic mtu=1500 cnt=7 energy_uJ=1802198206
cc=cubic mtu=1500 cnt=8 energy_uJ=1837150387
cc=cubic mtu=1500 cnt=9 energy_uJ=1884031187
cc=cubic mtu=1500 cnt=10 energy_uJ=1922176904
cc=cubic mtu=1500 cnt=11 energy_uJ=1822779635
cc=cubic mtu=1500 cnt=12 energy_uJ=1870231418
cc=cubic mtu=1500 cnt=13 energy_uJ=1908422543
cc=cubic mtu=1500 cnt=14 energy_uJ=1884371763
cc=cubic mtu=1500 cnt=15 energy_uJ=1943574736
cc=cubic mtu=1500 cnt=16 energy_uJ=1903812021
cc=cubic mtu=1500 cnt=17 energy_uJ=1866623762
cc=cubic mtu=1500 cnt=18 energy_uJ=1857035102
cc=cubic mtu=1500 cnt=19 energy_uJ=1834211308
cc=cubic mtu=1500 cnt=20 energy_uJ=1809024848
cc=cubic mtu=3000 cnt=1 energy_uJ=1644768800
cc=cubic mtu=3000 cnt=2 energy_uJ=1618547492
cc=cubic mtu=3000 cnt=3 energy_uJ=1580620709
cc=cubic mtu=3000 cnt=4 energy_uJ=1630309730
cc=cubic mtu=3000 cnt=5 energy_uJ=1621620299
cc=cubic mtu=3000 cnt=6 energy_uJ=1578791551
cc=cubic mtu=3000 cnt=7 energy_uJ=1576518304
cc=cubic mtu=3000 cnt=8 energy_uJ=1577443594
cc=cubic mtu=3000 cnt=9 energy_uJ=1582600014
cc=cubic mtu=3000 cnt=10 energy_uJ=1593612131
cc=cubic mtu=3000 cnt=11 energy_uJ=1582134377
cc=cubic mtu=3000 cnt=12 energy_uJ=1599080502
cc=cubic mtu=3000 cnt=13 energy_uJ=1656477143
cc=cubic mtu=3000 cnt=14 energy_uJ=1579787887
cc=cubic mtu=3000 cnt=15 energy_uJ=1576995962
cc=cubic mtu=3000 cnt=16 energy_uJ=1597595091
cc=cubic mtu=3000 cnt=17 energy_uJ=1573374207
cc=cubic mtu=3000 cnt=18 energy_uJ=1647672967
cc=cubic mtu=3000 cnt=19 energy_uJ=1577400625
cc=cubic mtu=3000 cnt=20 energy_uJ=1573960691
cc=cubic mtu=6000 cnt=1 energy_uJ=1544915357
cc=cubic mtu=6000 cnt=2 energy_uJ=1554005544
cc=cubic mtu=6000 cnt=3 energy_uJ=1518833575
cc=cubic mtu=6000 cnt=4 energy_uJ=1525134158
cc=cubic mtu=6000 cnt=5 energy_uJ=1521998362
cc=cubic mtu=6000 cnt=6 energy_uJ=1546838935
cc=cubic mtu=6000 cnt=7 energy_uJ=1528976006
cc=cubic mtu=6000 cnt=8 energy_uJ=1526130798
cc=cubic mtu=6000 cnt=9 energy_uJ=1528651055
cc=cubic mtu=6000 cnt=10 energy_uJ=1530430836
cc=cubic mtu=6000 cnt=11 energy_uJ=1524372807
cc=cubic mtu=6000 cnt=12 energy_uJ=1528521844
cc=cubic mtu=6000 cnt=13 energy_uJ=1537423981
cc=cubic mtu=6000 cnt=14 energy_uJ=1539964686
cc=cubic mtu=6000 cnt=15 energy_uJ=1542060811
cc=cubic mtu=6000 cnt=16 energy_uJ=1537398957
cc=cubic mtu=6000 cnt=17 energy_uJ=1543435747
cc=cubic mtu=6000 cnt=18 energy_uJ=1520292983
cc=cubic mtu=6000 cnt=19 energy_uJ=1532644819
cc=cubic mtu=6000 cnt=20 energy_uJ=1561458161
cc=cubic mtu=9000 cnt=1 energy_uJ=1510211710
cc=cubic mtu=9000 cnt=2 energy_uJ=1533420696
cc=cubic mtu=9000 cnt=3 energy_uJ=1524502750
cc=cubic mtu=9000 cnt=4 energy_uJ=1513367709
cc=cubic mtu=9000 cnt=5 energy_uJ=1509153485
cc=cubic mtu=9000 cnt=6 energy_uJ=1503357235
cc=cubic mtu=9000 cnt=7 energy_uJ=1505601065
cc=cubic mtu=9000 cnt=8 energy_uJ=1508261763
cc=cubic mtu=9000 cnt=9 energy_uJ=1498771677
cc=cubic mtu=9000 cnt=10 energy_uJ=1501070131
cc=cubic mtu=9000 cnt=11 energy_uJ=1505845938
cc=cubic mtu=9000 cnt=12 energy_uJ=1502995969
cc=cubic mtu=9000 cnt=13 energy_uJ=1507711045
cc=cubic mtu=9000 cnt=14 energy_uJ=1503710018
cc=cubic mtu=9000 cnt=15 energy_uJ=1507021716
cc=cubic mtu=9000 cnt=16 energy_uJ=1516396508
cc=cubic mtu=9000 cnt=17 energy_uJ=1521656078
cc=cubic mtu=9000 cnt=18 energy_uJ=1510883767
cc=cubic mtu=9000 cnt=19 energy_uJ=1511293129
cc=cubic mtu=9000 cnt=20 energy_uJ=1563375210
cc=dctcp mtu=1500 cnt=1 energy_uJ=1865233812
cc=dctcp mtu=1500 cnt=2 energy_uJ=1872396574
cc=dctcp mtu=1500 cnt=3 energy_uJ=1892170633
cc=dctcp mtu=1500 cnt=4 energy_uJ=1978268007
cc=dctcp mtu=1500 cnt=5 energy_uJ=-260274804032
cc=dctcp mtu=1500 cnt=6 energy_uJ=1861280635
cc=dctcp mtu=1500 cnt=7 energy_uJ=1762349309
cc=dctcp mtu=1500 cnt=8 energy_uJ=2007124379
cc=dctcp mtu=1500 cnt=9 energy_uJ=1768865650
cc=dctcp mtu=1500 cnt=10 energy_uJ=1846569186
cc=dctcp mtu=1500 cnt=11 energy_uJ=1800400482
cc=dctcp mtu=1500 cnt=12 energy_uJ=1830637037
cc=dctcp mtu=1500 cnt=13 energy_uJ=1851876119
cc=dctcp mtu=1500 cnt=14 energy_uJ=2013424411
cc=dctcp mtu=1500 cnt=15 energy_uJ=1823332307
cc=dctcp mtu=1500 cnt=16 energy_uJ=1916763159
cc=dctcp mtu=1500 cnt=17 energy_uJ=1852522663
cc=dctcp mtu=1500 cnt=18 energy_uJ=1826205469
cc=dctcp mtu=1500 cnt=19 energy_uJ=1839932058
cc=dctcp mtu=1500 cnt=20 energy_uJ=2019906145
cc=dctcp mtu=3000 cnt=1 energy_uJ=1689227487
cc=dctcp mtu=3000 cnt=2 energy_uJ=1641472116
cc=dctcp mtu=3000 cnt=3 energy_uJ=1592438367
cc=dctcp mtu=3000 cnt=4 energy_uJ=1598828915
cc=dctcp mtu=3000 cnt=5 energy_uJ=1570675179
cc=dctcp mtu=3000 cnt=6 energy_uJ=1604261763
cc=dctcp mtu=3000 cnt=7 energy_uJ=1616402234
cc=dctcp mtu=3000 cnt=8 energy_uJ=1580594526
cc=dctcp mtu=3000 cnt=9 energy_uJ=1599720758
cc=dctcp mtu=3000 cnt=10 energy_uJ=1597842467
cc=dctcp mtu=3000 cnt=11 energy_uJ=1622598325
cc=dctcp mtu=3000 cnt=12 energy_uJ=1694354305
cc=dctcp mtu=3000 cnt=13 energy_uJ=1624205498
cc=dctcp mtu=3000 cnt=14 energy_uJ=1599971246
cc=dctcp mtu=3000 cnt=15 energy_uJ=1584403719
cc=dctcp mtu=3000 cnt=16 energy_uJ=1571773197
cc=dctcp mtu=3000 cnt=17 energy_uJ=1609589630
cc=dctcp mtu=3000 cnt=18 energy_uJ=1582258706
cc=dctcp mtu=3000 cnt=19 energy_uJ=1574472409
cc=dctcp mtu=3000 cnt=20 energy_uJ=1579341721
cc=dctcp mtu=6000 cnt=1 energy_uJ=1560557100
cc=dctcp mtu=6000 cnt=2 energy_uJ=1521500804
cc=dctcp mtu=6000 cnt=3 energy_uJ=1546745247
cc=dctcp mtu=6000 cnt=4 energy_uJ=1522826973
cc=dctcp mtu=6000 cnt=5 energy_uJ=1520462478
cc=dctcp mtu=6000 cnt=6 energy_uJ=1520806166
cc=dctcp mtu=6000 cnt=7 energy_uJ=1522698556
cc=dctcp mtu=6000 cnt=8 energy_uJ=1521204906
cc=dctcp mtu=6000 cnt=9 energy_uJ=1518122944
cc=dctcp mtu=6000 cnt=10 energy_uJ=1535196692
cc=dctcp mtu=6000 cnt=11 energy_uJ=1516381982
cc=dctcp mtu=6000 cnt=12 energy_uJ=1524071293
cc=dctcp mtu=6000 cnt=13 energy_uJ=1522661263
cc=dctcp mtu=6000 cnt=14 energy_uJ=1545200695
cc=dctcp mtu=6000 cnt=15 energy_uJ=1522920539
cc=dctcp mtu=6000 cnt=16 energy_uJ=1537783294
cc=dctcp mtu=6000 cnt=17 energy_uJ=1540112573
cc=dctcp mtu=6000 cnt=18 energy_uJ=1533065106
cc=dctcp mtu=6000 cnt=19 energy_uJ=1547773138
cc=dctcp mtu=6000 cnt=20 energy_uJ=1537265047
cc=dctcp mtu=9000 cnt=1 energy_uJ=1622597652
cc=dctcp mtu=9000 cnt=2 energy_uJ=1507352097
cc=dctcp mtu=9000 cnt=3 energy_uJ=1507387804
cc=dctcp mtu=9000 cnt=4 energy_uJ=1537754974
cc=dctcp mtu=9000 cnt=5 energy_uJ=1514846890
cc=dctcp mtu=9000 cnt=6 energy_uJ=1498024485
cc=dctcp mtu=9000 cnt=7 energy_uJ=1501958435
cc=dctcp mtu=9000 cnt=8 energy_uJ=1497958446
cc=dctcp mtu=9000 cnt=9 energy_uJ=1512605076
cc=dctcp mtu=9000 cnt=10 energy_uJ=1527601254
cc=dctcp mtu=9000 cnt=11 energy_uJ=1532329878
cc=dctcp mtu=9000 cnt=12 energy_uJ=1514712920
cc=dctcp mtu=9000 cnt=13 energy_uJ=1488484226
cc=dctcp mtu=9000 cnt=14 energy_uJ=1495485308
cc=dctcp mtu=9000 cnt=15 energy_uJ=1518216755
cc=dctcp mtu=9000 cnt=16 energy_uJ=1507650560
cc=dctcp mtu=9000 cnt=17 energy_uJ=1515632351
cc=dctcp mtu=9000 cnt=18 energy_uJ=1496786512
cc=dctcp mtu=9000 cnt=19 energy_uJ=1507557297
cc=dctcp mtu=9000 cnt=20 energy_uJ=1484958663
cc=bbr2 mtu=1500 cnt=1 energy_uJ=2467297821
cc=bbr2 mtu=1500 cnt=2 energy_uJ=2369808997
cc=bbr2 mtu=1500 cnt=3 energy_uJ=2282279314
cc=bbr2 mtu=1500 cnt=4 energy_uJ=2658922637
cc=bbr2 mtu=1500 cnt=5 energy_uJ=2360856383
cc=bbr2 mtu=1500 cnt=6 energy_uJ=2602359488
cc=bbr2 mtu=1500 cnt=7 energy_uJ=2443961151
cc=bbr2 mtu=1500 cnt=8 energy_uJ=2298422217
cc=bbr2 mtu=1500 cnt=9 energy_uJ=2348079803
cc=bbr2 mtu=1500 cnt=10 energy_uJ=2427009045
cc=bbr2 mtu=1500 cnt=11 energy_uJ=2483675770
cc=bbr2 mtu=1500 cnt=12 energy_uJ=2387904959
cc=bbr2 mtu=1500 cnt=13 energy_uJ=2423649375
cc=bbr2 mtu=1500 cnt=14 energy_uJ=2472730487
cc=bbr2 mtu=1500 cnt=15 energy_uJ=2369486915
cc=bbr2 mtu=1500 cnt=16 energy_uJ=2325238859
cc=bbr2 mtu=1500 cnt=17 energy_uJ=2705101351
cc=bbr2 mtu=1500 cnt=18 energy_uJ=2474450330
cc=bbr2 mtu=1500 cnt=19 energy_uJ=2426447768
cc=bbr2 mtu=1500 cnt=20 energy_uJ=2780053307
cc=bbr2 mtu=3000 cnt=1 energy_uJ=2056304795
cc=bbr2 mtu=3000 cnt=2 energy_uJ=2046771067
cc=bbr2 mtu=3000 cnt=3 energy_uJ=2053005609
cc=bbr2 mtu=3000 cnt=4 energy_uJ=1948482865
cc=bbr2 mtu=3000 cnt=5 energy_uJ=2023563728
cc=bbr2 mtu=3000 cnt=6 energy_uJ=2062582550
cc=bbr2 mtu=3000 cnt=7 energy_uJ=2088566675
cc=bbr2 mtu=3000 cnt=8 energy_uJ=2135166103
cc=bbr2 mtu=3000 cnt=9 energy_uJ=2067062397
cc=bbr2 mtu=3000 cnt=10 energy_uJ=2197996693
cc=bbr2 mtu=3000 cnt=11 energy_uJ=2027817867
cc=bbr2 mtu=3000 cnt=12 energy_uJ=2228064792
cc=bbr2 mtu=3000 cnt=13 energy_uJ=2078928577
cc=bbr2 mtu=3000 cnt=14 energy_uJ=1994526388
cc=bbr2 mtu=3000 cnt=15 energy_uJ=1998024792
cc=bbr2 mtu=3000 cnt=16 energy_uJ=1994402792
cc=bbr2 mtu=3000 cnt=17 energy_uJ=1960125414
cc=bbr2 mtu=3000 cnt=18 energy_uJ=1978495180
cc=bbr2 mtu=3000 cnt=19 energy_uJ=1957671381
cc=bbr2 mtu=3000 cnt=20 energy_uJ=2063676602
cc=bbr2 mtu=6000 cnt=1 energy_uJ=1774881259
cc=bbr2 mtu=6000 cnt=2 energy_uJ=1643095647
cc=bbr2 mtu=6000 cnt=3 energy_uJ=1710900162
cc=bbr2 mtu=6000 cnt=4 energy_uJ=1827477805
cc=bbr2 mtu=6000 cnt=5 energy_uJ=1686287737
cc=bbr2 mtu=6000 cnt=6 energy_uJ=1683481591
cc=bbr2 mtu=6000 cnt=7 energy_uJ=1814950493
cc=bbr2 mtu=6000 cnt=8 energy_uJ=1655437412
cc=bbr2 mtu=6000 cnt=9 energy_uJ=1671369317
cc=bbr2 mtu=6000 cnt=10 energy_uJ=1710414262
cc=bbr2 mtu=6000 cnt=11 energy_uJ=1637049276
cc=bbr2 mtu=6000 cnt=12 energy_uJ=1744706716
cc=bbr2 mtu=6000 cnt=13 energy_uJ=1647131159
cc=bbr2 mtu=6000 cnt=14 energy_uJ=1741344846
cc=bbr2 mtu=6000 cnt=15 energy_uJ=1722728256
cc=bbr2 mtu=6000 cnt=16 energy_uJ=1856383126
cc=bbr2 mtu=6000 cnt=17 energy_uJ=1765135984
cc=bbr2 mtu=6000 cnt=18 energy_uJ=2081255659
cc=bbr2 mtu=6000 cnt=19 energy_uJ=1732149191
cc=bbr2 mtu=6000 cnt=20 energy_uJ=1842365462
cc=bbr2 mtu=9000 cnt=1 energy_uJ=1620727235
cc=bbr2 mtu=9000 cnt=2 energy_uJ=1551288815
cc=bbr2 mtu=9000 cnt=3 energy_uJ=2417781163
cc=bbr2 mtu=9000 cnt=4 energy_uJ=1573927550
cc=bbr2 mtu=9000 cnt=5 energy_uJ=2022749156
cc=bbr2 mtu=9000 cnt=6 energy_uJ=1568452466
cc=bbr2 mtu=9000 cnt=7 energy_uJ=1587251307
cc=bbr2 mtu=9000 cnt=8 energy_uJ=1605244670
cc=bbr2 mtu=9000 cnt=9 energy_uJ=1647433344
cc=bbr2 mtu=9000 cnt=10 energy_uJ=1568199599
cc=bbr2 mtu=9000 cnt=11 energy_uJ=1568706861
cc=bbr2 mtu=9000 cnt=12 energy_uJ=1571032293
cc=bbr2 mtu=9000 cnt=13 energy_uJ=-260554315646
cc=bbr2 mtu=9000 cnt=14 energy_uJ=1606731422
cc=bbr2 mtu=9000 cnt=15 energy_uJ=1569562693
cc=bbr2 mtu=9000 cnt=16 energy_uJ=1579916000
cc=bbr2 mtu=9000 cnt=17 energy_uJ=1632057528
cc=bbr2 mtu=9000 cnt=18 energy_uJ=1783896617
cc=bbr2 mtu=9000 cnt=19 energy_uJ=1521529613
cc=bbr2 mtu=9000 cnt=20 energy_uJ=1773317359
cc=bbr mtu=1500 cnt=1 energy_uJ=1829913833
cc=bbr mtu=1500 cnt=2 energy_uJ=1721801317
cc=bbr mtu=1500 cnt=3 energy_uJ=1753216764
cc=bbr mtu=1500 cnt=4 energy_uJ=1750344092
cc=bbr mtu=1500 cnt=5 energy_uJ=1738005194
cc=bbr mtu=1500 cnt=6 energy_uJ=1816787707
cc=bbr mtu=1500 cnt=7 energy_uJ=1733593218
cc=bbr mtu=1500 cnt=8 energy_uJ=1729448698
cc=bbr mtu=1500 cnt=9 energy_uJ=1783427991
cc=bbr mtu=1500 cnt=10 energy_uJ=1769626390
cc=bbr mtu=1500 cnt=11 energy_uJ=1741916378
cc=bbr mtu=1500 cnt=12 energy_uJ=1761835334
cc=bbr mtu=1500 cnt=13 energy_uJ=1719714348
cc=bbr mtu=1500 cnt=14 energy_uJ=1731674278
cc=bbr mtu=1500 cnt=15 energy_uJ=1736741160
cc=bbr mtu=1500 cnt=16 energy_uJ=1724361858
cc=bbr mtu=1500 cnt=17 energy_uJ=1769089649
cc=bbr mtu=1500 cnt=18 energy_uJ=1732422505
cc=bbr mtu=1500 cnt=19 energy_uJ=1787196841
cc=bbr mtu=1500 cnt=20 energy_uJ=1735678235
cc=bbr mtu=3000 cnt=1 energy_uJ=1645253357
cc=bbr mtu=3000 cnt=2 energy_uJ=1602280627
cc=bbr mtu=3000 cnt=3 energy_uJ=1593087413
cc=bbr mtu=3000 cnt=4 energy_uJ=1593944894
cc=bbr mtu=3000 cnt=5 energy_uJ=1574598325
cc=bbr mtu=3000 cnt=6 energy_uJ=1605773782
cc=bbr mtu=3000 cnt=7 energy_uJ=1639496657
cc=bbr mtu=3000 cnt=8 energy_uJ=1616036635
cc=bbr mtu=3000 cnt=9 energy_uJ=1637268758
cc=bbr mtu=3000 cnt=10 energy_uJ=1608332064
cc=bbr mtu=3000 cnt=11 energy_uJ=1607926242
cc=bbr mtu=3000 cnt=12 energy_uJ=1616471202
cc=bbr mtu=3000 cnt=13 energy_uJ=1616895153
cc=bbr mtu=3000 cnt=14 energy_uJ=1605927285
cc=bbr mtu=3000 cnt=15 energy_uJ=1590117145
cc=bbr mtu=3000 cnt=16 energy_uJ=1613756062
cc=bbr mtu=3000 cnt=17 energy_uJ=1567680679
cc=bbr mtu=3000 cnt=18 energy_uJ=1616477124
cc=bbr mtu=3000 cnt=19 energy_uJ=1596522646
cc=bbr mtu=3000 cnt=20 energy_uJ=1574876279
cc=bbr mtu=6000 cnt=1 energy_uJ=1551221676
cc=bbr mtu=6000 cnt=2 energy_uJ=1537906402
cc=bbr mtu=6000 cnt=3 energy_uJ=1541504355
cc=bbr mtu=6000 cnt=4 energy_uJ=1537516388
cc=bbr mtu=6000 cnt=5 energy_uJ=1577181265
cc=bbr mtu=6000 cnt=6 energy_uJ=1581725992
cc=bbr mtu=6000 cnt=7 energy_uJ=1544010696
cc=bbr mtu=6000 cnt=8 energy_uJ=1560289951
cc=bbr mtu=6000 cnt=9 energy_uJ=1531353684
cc=bbr mtu=6000 cnt=10 energy_uJ=1525939942
cc=bbr mtu=6000 cnt=11 energy_uJ=1514732267
cc=bbr mtu=6000 cnt=12 energy_uJ=1520584426
cc=bbr mtu=6000 cnt=13 energy_uJ=1573663880
cc=bbr mtu=6000 cnt=14 energy_uJ=1529852345
cc=bbr mtu=6000 cnt=15 energy_uJ=1537075900
cc=bbr mtu=6000 cnt=16 energy_uJ=1534422281
cc=bbr mtu=6000 cnt=17 energy_uJ=1533486309
cc=bbr mtu=6000 cnt=18 energy_uJ=1563809901
cc=bbr mtu=6000 cnt=19 energy_uJ=1533688213
cc=bbr mtu=6000 cnt=20 energy_uJ=1552741448
cc=bbr mtu=9000 cnt=1 energy_uJ=1534711586
cc=bbr mtu=9000 cnt=2 energy_uJ=1510849892
cc=bbr mtu=9000 cnt=3 energy_uJ=1541426169
cc=bbr mtu=9000 cnt=4 energy_uJ=1492266200
cc=bbr mtu=9000 cnt=5 energy_uJ=1506785693
cc=bbr mtu=9000 cnt=6 energy_uJ=1499954716
cc=bbr mtu=9000 cnt=7 energy_uJ=1516099146
cc=bbr mtu=9000 cnt=8 energy_uJ=1524471622
cc=bbr mtu=9000 cnt=9 energy_uJ=1527670955
cc=bbr mtu=9000 cnt=10 energy_uJ=1504780084
cc=bbr mtu=9000 cnt=11 energy_uJ=1534272378
cc=bbr mtu=9000 cnt=12 energy_uJ=1501647462
cc=bbr mtu=9000 cnt=13 energy_uJ=1531021167
cc=bbr mtu=9000 cnt=14 energy_uJ=1514640715
cc=bbr mtu=9000 cnt=15 energy_uJ=1522911628
cc=bbr mtu=9000 cnt=16 energy_uJ=1541114829
cc=bbr mtu=9000 cnt=17 energy_uJ=1514328887
cc=bbr mtu=9000 cnt=18 energy_uJ=1506567005
cc=bbr mtu=9000 cnt=19 energy_uJ=1505353752
cc=bbr mtu=9000 cnt=20 energy_uJ=1526881224
cc=vegas mtu=1500 cnt=1 energy_uJ=1872184111
cc=vegas mtu=1500 cnt=2 energy_uJ=1870648715
cc=vegas mtu=1500 cnt=3 energy_uJ=1893610265
cc=vegas mtu=1500 cnt=4 energy_uJ=1850838402
cc=vegas mtu=1500 cnt=5 energy_uJ=1835140688
cc=vegas mtu=1500 cnt=6 energy_uJ=2025928103
cc=vegas mtu=1500 cnt=7 energy_uJ=1827038841
cc=vegas mtu=1500 cnt=8 energy_uJ=1815471182
cc=vegas mtu=1500 cnt=9 energy_uJ=1833091193
cc=vegas mtu=1500 cnt=10 energy_uJ=1903243419
cc=vegas mtu=1500 cnt=11 energy_uJ=1837016050
cc=vegas mtu=1500 cnt=12 energy_uJ=1934426933
cc=vegas mtu=1500 cnt=13 energy_uJ=1793831162
cc=vegas mtu=1500 cnt=14 energy_uJ=1842038803
cc=vegas mtu=1500 cnt=15 energy_uJ=1872540128
cc=vegas mtu=1500 cnt=16 energy_uJ=1843793131
cc=vegas mtu=1500 cnt=17 energy_uJ=-260289722329
cc=vegas mtu=1500 cnt=18 energy_uJ=1813597529
cc=vegas mtu=1500 cnt=19 energy_uJ=1789255064
cc=vegas mtu=1500 cnt=20 energy_uJ=1833301887
cc=vegas mtu=3000 cnt=1 energy_uJ=1634363674
cc=vegas mtu=3000 cnt=2 energy_uJ=1593587960
cc=vegas mtu=3000 cnt=3 energy_uJ=1618333016
cc=vegas mtu=3000 cnt=4 energy_uJ=1574307921
cc=vegas mtu=3000 cnt=5 energy_uJ=1578082509
cc=vegas mtu=3000 cnt=6 energy_uJ=1577344107
cc=vegas mtu=3000 cnt=7 energy_uJ=1646492550
cc=vegas mtu=3000 cnt=8 energy_uJ=1583420202
cc=vegas mtu=3000 cnt=9 energy_uJ=1589247519
cc=vegas mtu=3000 cnt=10 energy_uJ=1586230865
cc=vegas mtu=3000 cnt=11 energy_uJ=1575744073
cc=vegas mtu=3000 cnt=12 energy_uJ=1588248498
cc=vegas mtu=3000 cnt=13 energy_uJ=1614659502
cc=vegas mtu=3000 cnt=14 energy_uJ=1594294746
cc=vegas mtu=3000 cnt=15 energy_uJ=1616565503
cc=vegas mtu=3000 cnt=16 energy_uJ=1585902251
cc=vegas mtu=3000 cnt=17 energy_uJ=1628679302
cc=vegas mtu=3000 cnt=18 energy_uJ=1658409390
cc=vegas mtu=3000 cnt=19 energy_uJ=1577345021
cc=vegas mtu=3000 cnt=20 energy_uJ=1607047339
cc=vegas mtu=6000 cnt=1 energy_uJ=1588486290
cc=vegas mtu=6000 cnt=2 energy_uJ=1522519112
cc=vegas mtu=6000 cnt=3 energy_uJ=1527125119
cc=vegas mtu=6000 cnt=4 energy_uJ=1533698833
cc=vegas mtu=6000 cnt=5 energy_uJ=1519614518
cc=vegas mtu=6000 cnt=6 energy_uJ=1525933899
cc=vegas mtu=6000 cnt=7 energy_uJ=1528808037
cc=vegas mtu=6000 cnt=8 energy_uJ=1530384083
cc=vegas mtu=6000 cnt=9 energy_uJ=1528478387
cc=vegas mtu=6000 cnt=10 energy_uJ=1533620342
cc=vegas mtu=6000 cnt=11 energy_uJ=1516849693
cc=vegas mtu=6000 cnt=12 energy_uJ=1519160661
cc=vegas mtu=6000 cnt=13 energy_uJ=1516341454
cc=vegas mtu=6000 cnt=14 energy_uJ=1512849642
cc=vegas mtu=6000 cnt=15 energy_uJ=1517422018
cc=vegas mtu=6000 cnt=16 energy_uJ=1524770265
cc=vegas mtu=6000 cnt=17 energy_uJ=1523668097
cc=vegas mtu=6000 cnt=18 energy_uJ=1525315370
cc=vegas mtu=6000 cnt=19 energy_uJ=1516001795
cc=vegas mtu=6000 cnt=20 energy_uJ=1513870088
cc=vegas mtu=9000 cnt=1 energy_uJ=1539585048
cc=vegas mtu=9000 cnt=2 energy_uJ=1479673763
cc=vegas mtu=9000 cnt=3 energy_uJ=1507237109
cc=vegas mtu=9000 cnt=4 energy_uJ=1503273190
cc=vegas mtu=9000 cnt=5 energy_uJ=1497438489
cc=vegas mtu=9000 cnt=6 energy_uJ=1492431239
cc=vegas mtu=9000 cnt=7 energy_uJ=1498351449
cc=vegas mtu=9000 cnt=8 energy_uJ=1492768090
cc=vegas mtu=9000 cnt=9 energy_uJ=1504501031
cc=vegas mtu=9000 cnt=10 energy_uJ=1501377810
cc=vegas mtu=9000 cnt=11 energy_uJ=1492851036
cc=vegas mtu=9000 cnt=12 energy_uJ=1489812349
cc=vegas mtu=9000 cnt=13 energy_uJ=1496786024
cc=vegas mtu=9000 cnt=14 energy_uJ=1493869527
cc=vegas mtu=9000 cnt=15 energy_uJ=1500446172
cc=vegas mtu=9000 cnt=16 energy_uJ=1501617738
cc=vegas mtu=9000 cnt=17 energy_uJ=1503643551
cc=vegas mtu=9000 cnt=18 energy_uJ=1495971268
cc=vegas mtu=9000 cnt=19 energy_uJ=1492286279
cc=vegas mtu=9000 cnt=20 energy_uJ=1499527473
cc=none mtu=1500 cnt=1 energy_uJ=2051874203
cc=none mtu=1500 cnt=2 energy_uJ=1981275811
cc=none mtu=1500 cnt=3 energy_uJ=1971469013
cc=none mtu=1500 cnt=4 energy_uJ=2143023383
cc=none mtu=1500 cnt=5 energy_uJ=2004676875
cc=none mtu=1500 cnt=6 energy_uJ=2032949752
cc=none mtu=1500 cnt=7 energy_uJ=2066859517
cc=none mtu=1500 cnt=8 energy_uJ=2132908418
cc=none mtu=1500 cnt=9 energy_uJ=2010582560
cc=none mtu=1500 cnt=10 energy_uJ=1978974609
cc=none mtu=1500 cnt=11 energy_uJ=2016473781
cc=none mtu=1500 cnt=12 energy_uJ=1981857353
cc=none mtu=1500 cnt=13 energy_uJ=2025369388
cc=none mtu=1500 cnt=14 energy_uJ=1987051066
cc=none mtu=1500 cnt=15 energy_uJ=2094933846
cc=none mtu=1500 cnt=16 energy_uJ=2096893680
cc=none mtu=1500 cnt=17 energy_uJ=2099009275
cc=none mtu=1500 cnt=18 energy_uJ=2097872803
cc=none mtu=1500 cnt=19 energy_uJ=2037076756
cc=none mtu=1500 cnt=20 energy_uJ=2054912280
cc=none mtu=3000 cnt=1 energy_uJ=1798157079
cc=none mtu=3000 cnt=2 energy_uJ=1750099523
cc=none mtu=3000 cnt=3 energy_uJ=1745128284
cc=none mtu=3000 cnt=4 energy_uJ=1742840815
cc=none mtu=3000 cnt=5 energy_uJ=1907105408
cc=none mtu=3000 cnt=6 energy_uJ=1849692835
cc=none mtu=3000 cnt=7 energy_uJ=1902914074
cc=none mtu=3000 cnt=8 energy_uJ=1871612275
cc=none mtu=3000 cnt=9 energy_uJ=1866090560
cc=none mtu=3000 cnt=10 energy_uJ=1776595428
cc=none mtu=3000 cnt=11 energy_uJ=1862561699
cc=none mtu=3000 cnt=12 energy_uJ=1756558979
cc=none mtu=3000 cnt=13 energy_uJ=1869984288
cc=none mtu=3000 cnt=14 energy_uJ=1748857583
cc=none mtu=3000 cnt=15 energy_uJ=1864976550
cc=none mtu=3000 cnt=16 energy_uJ=1780025534
cc=none mtu=3000 cnt=17 energy_uJ=1850946922
cc=none mtu=3000 cnt=18 energy_uJ=1763632874
cc=none mtu=3000 cnt=19 energy_uJ=1885330623
cc=none mtu=3000 cnt=20 energy_uJ=1853380388
cc=none mtu=6000 cnt=1 energy_uJ=1723168441
cc=none mtu=6000 cnt=2 energy_uJ=1673525623
cc=none mtu=6000 cnt=3 energy_uJ=1663095657
cc=none mtu=6000 cnt=4 energy_uJ=1659871361
cc=none mtu=6000 cnt=5 energy_uJ=1749131081
cc=none mtu=6000 cnt=6 energy_uJ=1665748970
cc=none mtu=6000 cnt=7 energy_uJ=1767458732
cc=none mtu=6000 cnt=8 energy_uJ=1731152245
cc=none mtu=6000 cnt=9 energy_uJ=1765727170
cc=none mtu=6000 cnt=10 energy_uJ=1757708147
cc=none mtu=6000 cnt=11 energy_uJ=1723183272
cc=none mtu=6000 cnt=12 energy_uJ=1753925869
cc=none mtu=6000 cnt=13 energy_uJ=1644794434
cc=none mtu=6000 cnt=14 energy_uJ=1754499109
cc=none mtu=6000 cnt=15 energy_uJ=1752377716
cc=none mtu=6000 cnt=16 energy_uJ=1755624595
cc=none mtu=6000 cnt=17 energy_uJ=1752308684
cc=none mtu=6000 cnt=18 energy_uJ=1754162928
cc=none mtu=6000 cnt=19 energy_uJ=1746167038
cc=none mtu=6000 cnt=20 energy_uJ=1761324593
cc=none mtu=9000 cnt=1 energy_uJ=1662641618
cc=none mtu=9000 cnt=2 energy_uJ=1678402380
cc=none mtu=9000 cnt=3 energy_uJ=1640268261
cc=none mtu=9000 cnt=4 energy_uJ=1641288828
cc=none mtu=9000 cnt=5 energy_uJ=1640862987
cc=none mtu=9000 cnt=6 energy_uJ=1630749853
cc=none mtu=9000 cnt=7 energy_uJ=1705584867
cc=none mtu=9000 cnt=8 energy_uJ=1662653459
cc=none mtu=9000 cnt=9 energy_uJ=1633380890
cc=none mtu=9000 cnt=10 energy_uJ=1644533327
cc=none mtu=9000 cnt=11 energy_uJ=1707322717
cc=none mtu=9000 cnt=12 energy_uJ=1634514066
cc=none mtu=9000 cnt=13 energy_uJ=1685679216
cc=none mtu=9000 cnt=14 energy_uJ=1724850809
cc=none mtu=9000 cnt=15 energy_uJ=1727079136
cc=none mtu=9000 cnt=16 energy_uJ=1634231534
cc=none mtu=9000 cnt=17 energy_uJ=1648272026
cc=none mtu=9000 cnt=18 energy_uJ=1673995776
cc=none mtu=9000 cnt=19 energy_uJ=1696906850
cc=none mtu=9000 cnt=20 energy_uJ=1643232304
cc=westwood mtu=1500 cnt=1 energy_uJ=1807118176
cc=westwood mtu=1500 cnt=2 energy_uJ=1805935257
cc=westwood mtu=1500 cnt=3 energy_uJ=1815054986
cc=westwood mtu=1500 cnt=4 energy_uJ=1758558181
cc=westwood mtu=1500 cnt=5 energy_uJ=1782900771
cc=westwood mtu=1500 cnt=6 energy_uJ=1857764715
cc=westwood mtu=1500 cnt=7 energy_uJ=1967483366
cc=westwood mtu=1500 cnt=8 energy_uJ=1766327876
cc=westwood mtu=1500 cnt=9 energy_uJ=1791638845
cc=westwood mtu=1500 cnt=10 energy_uJ=1842999248
cc=westwood mtu=1500 cnt=11 energy_uJ=1811265322
cc=westwood mtu=1500 cnt=12 energy_uJ=1767665580
cc=westwood mtu=1500 cnt=13 energy_uJ=1799131136
cc=westwood mtu=1500 cnt=14 energy_uJ=1826178003
cc=westwood mtu=1500 cnt=15 energy_uJ=1854059218
cc=westwood mtu=1500 cnt=16 energy_uJ=1804766498
cc=westwood mtu=1500 cnt=17 energy_uJ=1825303677
cc=westwood mtu=1500 cnt=18 energy_uJ=1768822560
cc=westwood mtu=1500 cnt=19 energy_uJ=1803728963
cc=westwood mtu=1500 cnt=20 energy_uJ=1766725823
cc=westwood mtu=3000 cnt=1 energy_uJ=1607450108
cc=westwood mtu=3000 cnt=2 energy_uJ=1582669227
cc=westwood mtu=3000 cnt=3 energy_uJ=1597201355
cc=westwood mtu=3000 cnt=4 energy_uJ=1601393300
cc=westwood mtu=3000 cnt=5 energy_uJ=1587450953
cc=westwood mtu=3000 cnt=6 energy_uJ=1588670067
cc=westwood mtu=3000 cnt=7 energy_uJ=1599475215
cc=westwood mtu=3000 cnt=8 energy_uJ=1581996072
cc=westwood mtu=3000 cnt=9 energy_uJ=1684896383
cc=westwood mtu=3000 cnt=10 energy_uJ=1650408615
cc=westwood mtu=3000 cnt=11 energy_uJ=1599734551
cc=westwood mtu=3000 cnt=12 energy_uJ=1586393339
cc=westwood mtu=3000 cnt=13 energy_uJ=1613049093
cc=westwood mtu=3000 cnt=14 energy_uJ=1699003220
cc=westwood mtu=3000 cnt=15 energy_uJ=1656856903
cc=westwood mtu=3000 cnt=16 energy_uJ=1577614430
cc=westwood mtu=3000 cnt=17 energy_uJ=1587877832
cc=westwood mtu=3000 cnt=18 energy_uJ=1584421237
cc=westwood mtu=3000 cnt=19 energy_uJ=1583468236
cc=westwood mtu=3000 cnt=20 energy_uJ=1578168201
cc=westwood mtu=6000 cnt=1 energy_uJ=1594414803
cc=westwood mtu=6000 cnt=2 energy_uJ=1521069532
cc=westwood mtu=6000 cnt=3 energy_uJ=1523156440
cc=westwood mtu=6000 cnt=4 energy_uJ=1524193548
cc=westwood mtu=6000 cnt=5 energy_uJ=1522713142
cc=westwood mtu=6000 cnt=6 energy_uJ=1522295968
cc=westwood mtu=6000 cnt=7 energy_uJ=1523236213
cc=westwood mtu=6000 cnt=8 energy_uJ=1532052230
cc=westwood mtu=6000 cnt=9 energy_uJ=1535614172
cc=westwood mtu=6000 cnt=10 energy_uJ=1531932480
cc=westwood mtu=6000 cnt=11 energy_uJ=1557391520
cc=westwood mtu=6000 cnt=12 energy_uJ=1531548082
cc=westwood mtu=6000 cnt=13 energy_uJ=1520533095
cc=westwood mtu=6000 cnt=14 energy_uJ=1518927753
cc=westwood mtu=6000 cnt=15 energy_uJ=1527912104
cc=westwood mtu=6000 cnt=16 energy_uJ=1516621728
cc=westwood mtu=6000 cnt=17 energy_uJ=1510179057
cc=westwood mtu=6000 cnt=18 energy_uJ=1506353932
cc=westwood mtu=6000 cnt=19 energy_uJ=1520459609
cc=westwood mtu=6000 cnt=20 energy_uJ=1545231091
cc=westwood mtu=9000 cnt=1 energy_uJ=1525464356
cc=westwood mtu=9000 cnt=2 energy_uJ=1508885603
cc=westwood mtu=9000 cnt=3 energy_uJ=1495368730
cc=westwood mtu=9000 cnt=4 energy_uJ=1518338581
cc=westwood mtu=9000 cnt=5 energy_uJ=1505239189
cc=westwood mtu=9000 cnt=6 energy_uJ=1504033381
cc=westwood mtu=9000 cnt=7 energy_uJ=1497752758
cc=westwood mtu=9000 cnt=8 energy_uJ=1496636732
cc=westwood mtu=9000 cnt=9 energy_uJ=1495453325
cc=westwood mtu=9000 cnt=10 energy_uJ=1502786620
cc=westwood mtu=9000 cnt=11 energy_uJ=1499760931
cc=westwood mtu=9000 cnt=12 energy_uJ=1504375421
cc=westwood mtu=9000 cnt=13 energy_uJ=1493883078
cc=westwood mtu=9000 cnt=14 energy_uJ=1494394307
cc=westwood mtu=9000 cnt=15 energy_uJ=1545913522
cc=westwood mtu=9000 cnt=16 energy_uJ=1514732695
cc=westwood mtu=9000 cnt=17 energy_uJ=1505525626
cc=westwood mtu=9000 cnt=18 energy_uJ=1504701653
cc=westwood mtu=9000 cnt=19 energy_uJ=1533892131
cc=westwood mtu=9000 cnt=20 energy_uJ=1557437541
cc=scalable mtu=1500 cnt=1 energy_uJ=1898058069
cc=scalable mtu=1500 cnt=2 energy_uJ=1835105411
cc=scalable mtu=1500 cnt=3 energy_uJ=1860658873
cc=scalable mtu=1500 cnt=4 energy_uJ=1800559783
cc=scalable mtu=1500 cnt=5 energy_uJ=1858198673
cc=scalable mtu=1500 cnt=6 energy_uJ=1892127358
cc=scalable mtu=1500 cnt=7 energy_uJ=1872477445
cc=scalable mtu=1500 cnt=8 energy_uJ=1874883750
cc=scalable mtu=1500 cnt=9 energy_uJ=1776520111
cc=scalable mtu=1500 cnt=10 energy_uJ=1769956833
cc=scalable mtu=1500 cnt=11 energy_uJ=1778978966
cc=scalable mtu=1500 cnt=12 energy_uJ=1828043965
cc=scalable mtu=1500 cnt=13 energy_uJ=1828434101
cc=scalable mtu=1500 cnt=14 energy_uJ=1850775902
cc=scalable mtu=1500 cnt=15 energy_uJ=1766434198
cc=scalable mtu=1500 cnt=16 energy_uJ=1764922972
cc=scalable mtu=1500 cnt=17 energy_uJ=1823225313
cc=scalable mtu=1500 cnt=18 energy_uJ=1778734704
cc=scalable mtu=1500 cnt=19 energy_uJ=1868449318
cc=scalable mtu=1500 cnt=20 energy_uJ=1764695555
cc=scalable mtu=3000 cnt=1 energy_uJ=1599133418
cc=scalable mtu=3000 cnt=2 energy_uJ=1586585477
cc=scalable mtu=3000 cnt=3 energy_uJ=1607127234
cc=scalable mtu=3000 cnt=4 energy_uJ=1587108547
cc=scalable mtu=3000 cnt=5 energy_uJ=1590260455
cc=scalable mtu=3000 cnt=6 energy_uJ=1587553614
cc=scalable mtu=3000 cnt=7 energy_uJ=1574338316
cc=scalable mtu=3000 cnt=8 energy_uJ=1575423824
cc=scalable mtu=3000 cnt=9 energy_uJ=1571916509
cc=scalable mtu=3000 cnt=10 energy_uJ=1600304069
cc=scalable mtu=3000 cnt=11 energy_uJ=1583479895
cc=scalable mtu=3000 cnt=12 energy_uJ=1588290611
cc=scalable mtu=3000 cnt=13 energy_uJ=1592706127
cc=scalable mtu=3000 cnt=14 energy_uJ=1580289228
cc=scalable mtu=3000 cnt=15 energy_uJ=1581396037
cc=scalable mtu=3000 cnt=16 energy_uJ=1667098515
cc=scalable mtu=3000 cnt=17 energy_uJ=1596936219
cc=scalable mtu=3000 cnt=18 energy_uJ=1610366423
cc=scalable mtu=3000 cnt=19 energy_uJ=1611989893
cc=scalable mtu=3000 cnt=20 energy_uJ=1591350236
cc=scalable mtu=6000 cnt=1 energy_uJ=1611585840
cc=scalable mtu=6000 cnt=2 energy_uJ=1530616932
cc=scalable mtu=6000 cnt=3 energy_uJ=-260627894314
cc=scalable mtu=6000 cnt=4 energy_uJ=1542990130
cc=scalable mtu=6000 cnt=5 energy_uJ=1527783259
cc=scalable mtu=6000 cnt=6 energy_uJ=1517523642
cc=scalable mtu=6000 cnt=7 energy_uJ=1529106193
cc=scalable mtu=6000 cnt=8 energy_uJ=1535404090
cc=scalable mtu=6000 cnt=9 energy_uJ=1532155686
cc=scalable mtu=6000 cnt=10 energy_uJ=1524007451
cc=scalable mtu=6000 cnt=11 energy_uJ=1512676914
cc=scalable mtu=6000 cnt=12 energy_uJ=1537500397
cc=scalable mtu=6000 cnt=13 energy_uJ=1518004110
cc=scalable mtu=6000 cnt=14 energy_uJ=1524244816
cc=scalable mtu=6000 cnt=15 energy_uJ=1519713639
cc=scalable mtu=6000 cnt=16 energy_uJ=1525820496
cc=scalable mtu=6000 cnt=17 energy_uJ=1525916870
cc=scalable mtu=6000 cnt=18 energy_uJ=1522710030
cc=scalable mtu=6000 cnt=19 energy_uJ=-260623036356
cc=scalable mtu=6000 cnt=20 energy_uJ=1521240430
cc=scalable mtu=9000 cnt=1 energy_uJ=1523953618
cc=scalable mtu=9000 cnt=2 energy_uJ=1499598395
cc=scalable mtu=9000 cnt=3 energy_uJ=1500972293
cc=scalable mtu=9000 cnt=4 energy_uJ=1503564205
cc=scalable mtu=9000 cnt=5 energy_uJ=1490247650
cc=scalable mtu=9000 cnt=6 energy_uJ=1492675317
cc=scalable mtu=9000 cnt=7 energy_uJ=1534348367
cc=scalable mtu=9000 cnt=8 energy_uJ=1500315006
cc=scalable mtu=9000 cnt=9 energy_uJ=1501486452
cc=scalable mtu=9000 cnt=10 energy_uJ=1492407129
cc=scalable mtu=9000 cnt=11 energy_uJ=1534428689
cc=scalable mtu=9000 cnt=12 energy_uJ=1502868162
cc=scalable mtu=9000 cnt=13 energy_uJ=1531512986
cc=scalable mtu=9000 cnt=14 energy_uJ=1530030262
cc=scalable mtu=9000 cnt=15 energy_uJ=1523635992
cc=scalable mtu=9000 cnt=16 energy_uJ=1524266422
cc=scalable mtu=9000 cnt=17 energy_uJ=1521936717
cc=scalable mtu=9000 cnt=18 energy_uJ=1515369717
cc=scalable mtu=9000 cnt=19 energy_uJ=1513225557
cc=scalable mtu=9000 cnt=20 energy_uJ=1488170080
cc=highspeed mtu=1500 cnt=1 energy_uJ=1786039679
cc=highspeed mtu=1500 cnt=2 energy_uJ=1770032212
cc=highspeed mtu=1500 cnt=3 energy_uJ=1753545804
cc=highspeed mtu=1500 cnt=4 energy_uJ=1771541242
cc=highspeed mtu=1500 cnt=5 energy_uJ=1836935240
cc=highspeed mtu=1500 cnt=6 energy_uJ=1862047052
cc=highspeed mtu=1500 cnt=7 energy_uJ=1772351481
cc=highspeed mtu=1500 cnt=8 energy_uJ=1755470298
cc=highspeed mtu=1500 cnt=9 energy_uJ=1773838293
cc=highspeed mtu=1500 cnt=10 energy_uJ=1780870624
cc=highspeed mtu=1500 cnt=11 energy_uJ=1973368848
cc=highspeed mtu=1500 cnt=12 energy_uJ=1784238231
cc=highspeed mtu=1500 cnt=13 energy_uJ=1804710589
cc=highspeed mtu=1500 cnt=14 energy_uJ=1840969958
cc=highspeed mtu=1500 cnt=15 energy_uJ=1924811419
cc=highspeed mtu=1500 cnt=16 energy_uJ=1751556552
cc=highspeed mtu=1500 cnt=17 energy_uJ=1878169752
cc=highspeed mtu=1500 cnt=18 energy_uJ=1759178724
cc=highspeed mtu=1500 cnt=19 energy_uJ=1850148949
cc=highspeed mtu=1500 cnt=20 energy_uJ=1824275665
cc=highspeed mtu=3000 cnt=1 energy_uJ=1601047476
cc=highspeed mtu=3000 cnt=2 energy_uJ=1596926820
cc=highspeed mtu=3000 cnt=3 energy_uJ=1630943579
cc=highspeed mtu=3000 cnt=4 energy_uJ=1586137663
cc=highspeed mtu=3000 cnt=5 energy_uJ=1570435433
cc=highspeed mtu=3000 cnt=6 energy_uJ=1570032541
cc=highspeed mtu=3000 cnt=7 energy_uJ=1574952939
cc=highspeed mtu=3000 cnt=8 energy_uJ=1622349057
cc=highspeed mtu=3000 cnt=9 energy_uJ=1689936774
cc=highspeed mtu=3000 cnt=10 energy_uJ=1587728295
cc=highspeed mtu=3000 cnt=11 energy_uJ=1581170879
cc=highspeed mtu=3000 cnt=12 energy_uJ=1587307521
cc=highspeed mtu=3000 cnt=13 energy_uJ=1589352560
cc=highspeed mtu=3000 cnt=14 energy_uJ=1585775786
cc=highspeed mtu=3000 cnt=15 energy_uJ=1592705822
cc=highspeed mtu=3000 cnt=16 energy_uJ=1587341701
cc=highspeed mtu=3000 cnt=17 energy_uJ=1577400564
cc=highspeed mtu=3000 cnt=18 energy_uJ=1605832071
cc=highspeed mtu=3000 cnt=19 energy_uJ=1599546870
cc=highspeed mtu=3000 cnt=20 energy_uJ=1588821251
cc=highspeed mtu=6000 cnt=1 energy_uJ=1553363150
cc=highspeed mtu=6000 cnt=2 energy_uJ=1533702738
cc=highspeed mtu=6000 cnt=3 energy_uJ=1542581928
cc=highspeed mtu=6000 cnt=4 energy_uJ=1543502702
cc=highspeed mtu=6000 cnt=5 energy_uJ=1519188189
cc=highspeed mtu=6000 cnt=6 energy_uJ=1518688495
cc=highspeed mtu=6000 cnt=7 energy_uJ=1516577782
cc=highspeed mtu=6000 cnt=8 energy_uJ=1525152345
cc=highspeed mtu=6000 cnt=9 energy_uJ=1530922289
cc=highspeed mtu=6000 cnt=10 energy_uJ=1520597121
cc=highspeed mtu=6000 cnt=11 energy_uJ=1542082538
cc=highspeed mtu=6000 cnt=12 energy_uJ=1518383197
cc=highspeed mtu=6000 cnt=13 energy_uJ=1548062260
cc=highspeed mtu=6000 cnt=14 energy_uJ=1545973947
cc=highspeed mtu=6000 cnt=15 energy_uJ=1521140698
cc=highspeed mtu=6000 cnt=16 energy_uJ=1518090962
cc=highspeed mtu=6000 cnt=17 energy_uJ=1532338729
cc=highspeed mtu=6000 cnt=18 energy_uJ=1526787046
cc=highspeed mtu=6000 cnt=19 energy_uJ=1527599788
cc=highspeed mtu=6000 cnt=20 energy_uJ=1547753911
cc=highspeed mtu=9000 cnt=1 energy_uJ=1564004174
cc=highspeed mtu=9000 cnt=2 energy_uJ=1499754705
cc=highspeed mtu=9000 cnt=3 energy_uJ=1491465542
cc=highspeed mtu=9000 cnt=4 energy_uJ=1576198296
cc=highspeed mtu=9000 cnt=5 energy_uJ=1534678871
cc=highspeed mtu=9000 cnt=6 energy_uJ=1495152605
cc=highspeed mtu=9000 cnt=7 energy_uJ=1503393917
cc=highspeed mtu=9000 cnt=8 energy_uJ=1539985133
cc=highspeed mtu=9000 cnt=9 energy_uJ=1545235729
cc=highspeed mtu=9000 cnt=10 energy_uJ=1504487482
cc=highspeed mtu=9000 cnt=11 energy_uJ=1502168823
cc=highspeed mtu=9000 cnt=12 energy_uJ=1507520737
cc=highspeed mtu=9000 cnt=13 energy_uJ=1562316007
cc=highspeed mtu=9000 cnt=14 energy_uJ=1499514777
cc=highspeed mtu=9000 cnt=15 energy_uJ=1493972249
cc=highspeed mtu=9000 cnt=16 energy_uJ=1498433725
cc=highspeed mtu=9000 cnt=17 energy_uJ=1503329952
cc=highspeed mtu=9000 cnt=18 energy_uJ=1481978934
cc=highspeed mtu=9000 cnt=19 energy_uJ=1482374319
cc=highspeed mtu=9000 cnt=20 energy_uJ=1475162239
